2022-11-07 17:28:50 INFO     AutoFeaturizer: Starting fitting.
2022-11-07 17:28:50 INFO     AutoFeaturizer: Compositions detected as strings. Attempting conversion to Composition objects...
2022-11-07 17:28:51 INFO     AutoFeaturizer: Guessing oxidation states of compositions, as they were not present in input.
2022-11-07 17:28:54 INFO     AutoFeaturizer: Will remove YangSolidSolution because it's fraction passing the precheck for this dataset (0.20051085568326948) was less than the minimum (0.9)
2022-11-07 17:28:54 INFO     AutoFeaturizer: Will remove Miedema because it's fraction passing the precheck for this dataset (0.20051085568326948) was less than the minimum (0.9)
2022-11-07 17:28:54 INFO     AutoFeaturizer: Featurizer type structure not in the dataframe to be fitted. Skipping...
2022-11-07 17:28:54 INFO     AutoFeaturizer: Featurizer type bandstructure not in the dataframe to be fitted. Skipping...
2022-11-07 17:28:54 INFO     AutoFeaturizer: Featurizer type dos not in the dataframe to be fitted. Skipping...
2022-11-07 17:28:54 INFO     AutoFeaturizer: Finished fitting.
2022-11-07 17:28:54 INFO     AutoFeaturizer: Starting transforming.
2022-11-07 17:28:54 INFO     AutoFeaturizer: Featurizing with ElementProperty.
2022-11-07 17:28:55 INFO     AutoFeaturizer: Featurizing with OxidationStates.
2022-11-07 17:28:55 INFO     AutoFeaturizer: Featurizing with ElectronAffinity.
2022-11-07 17:28:56 INFO     AutoFeaturizer: Featurizing with IonProperty.
2022-11-07 17:28:57 INFO     AutoFeaturizer: Featurizer type structure not in the dataframe. Skipping...
2022-11-07 17:28:57 INFO     AutoFeaturizer: Featurizer type bandstructure not in the dataframe. Skipping...
2022-11-07 17:28:57 INFO     AutoFeaturizer: Featurizer type dos not in the dataframe. Skipping...
2022-11-07 17:28:57 INFO     AutoFeaturizer: Finished transforming.
2022-11-07 17:28:57 INFO     DataCleaner: Starting fitting.
2022-11-07 17:28:57 INFO     DataCleaner: Cleaning with respect to samples with sample na_method 'drop'
2022-11-07 17:28:57 INFO     DataCleaner: Replacing infinite values with nan for easier screening.
2022-11-07 17:28:57 INFO     DataCleaner: Before handling na: 1566 samples, 142 features
2022-11-07 17:28:57 INFO     DataCleaner: 0 samples did not have target values. They were dropped.
2022-11-07 17:28:57 INFO     DataCleaner: Handling feature na by max na threshold of 0 with method 'drop'.
2022-11-07 17:28:57 INFO     DataCleaner: These 8 features were removed as they had more than 0% missing values: {'compound possible', 'maximum oxidation state', 'avg anion electron affinity', 'avg ionic char', 'std_dev oxidation state', 'max ionic char', 'minimum oxidation state', 'range oxidation state'}
2022-11-07 17:28:57 INFO     DataCleaner: After handling na: 1566 samples, 134 features
2022-11-07 17:28:57 INFO     DataCleaner: Finished fitting.
2022-11-07 17:29:01 INFO     AutoFeaturizer: Starting transforming.
2022-11-07 17:29:01 INFO     AutoFeaturizer: Compositions detected as strings. Attempting conversion to Composition objects...
2022-11-07 17:29:01 INFO     AutoFeaturizer: Guessing oxidation states of compositions, as they were not present in input.
2022-11-07 17:29:03 INFO     AutoFeaturizer: Featurizing with ElementProperty.
2022-11-07 17:29:04 INFO     AutoFeaturizer: Featurizing with OxidationStates.
2022-11-07 17:29:04 INFO     AutoFeaturizer: Featurizing with ElectronAffinity.
2022-11-07 17:29:05 INFO     AutoFeaturizer: Featurizing with IonProperty.
2022-11-07 17:29:06 INFO     AutoFeaturizer: Featurizer type structure not in the dataframe. Skipping...
2022-11-07 17:29:06 INFO     AutoFeaturizer: Featurizer type bandstructure not in the dataframe. Skipping...
2022-11-07 17:29:06 INFO     AutoFeaturizer: Featurizer type dos not in the dataframe. Skipping...
2022-11-07 17:29:06 INFO     AutoFeaturizer: Finished transforming.
2022-11-07 17:29:06 INFO     DataCleaner: Starting transforming.
2022-11-07 17:29:06 INFO     DataCleaner: Cleaning with respect to samples with sample na_method 'fill'
2022-11-07 17:29:06 INFO     DataCleaner: Replacing infinite values with nan for easier screening.
2022-11-07 17:29:06 INFO     DataCleaner: Before handling na: 392 samples, 142 features
2022-11-07 17:29:06 INFO     DataCleaner: 0 samples did not have target values. They were dropped.
2022-11-07 17:29:06 WARNING  DataCleaner: Mismatched columns found in dataframe used for fitting and argument dataframe.
2022-11-07 17:29:06 WARNING  DataCleaner: Coercing mismatched columns...
2022-11-07 17:29:06 WARNING  DataCleaner: Following columns are being dropped:
['minimum oxidation state', 'maximum oxidation state', 'range oxidation state', 'std_dev oxidation state', 'avg anion electron affinity', 'compound possible', 'max ionic char', 'avg ionic char']
2022-11-07 17:29:06 INFO     DataCleaner: After handling na: 392 samples, 134 features
2022-11-07 17:29:06 INFO     DataCleaner: Reordering columns...
2022-11-07 17:29:06 INFO     DataCleaner: Finished transforming.
2022-11-07 17:29:06 INFO     AutoFeaturizer: Starting fitting.
2022-11-07 17:29:06 INFO     AutoFeaturizer: Compositions detected as strings. Attempting conversion to Composition objects...
2022-11-07 17:29:07 INFO     AutoFeaturizer: Guessing oxidation states of compositions, as they were not present in input.
2022-11-07 17:29:09 INFO     AutoFeaturizer: Will remove YangSolidSolution because it's fraction passing the precheck for this dataset (0.18773946360153257) was less than the minimum (0.9)
2022-11-07 17:29:09 INFO     AutoFeaturizer: Will remove Miedema because it's fraction passing the precheck for this dataset (0.18773946360153257) was less than the minimum (0.9)
2022-11-07 17:29:09 INFO     AutoFeaturizer: Featurizer type structure not in the dataframe to be fitted. Skipping...
2022-11-07 17:29:09 INFO     AutoFeaturizer: Featurizer type bandstructure not in the dataframe to be fitted. Skipping...
2022-11-07 17:29:09 INFO     AutoFeaturizer: Featurizer type dos not in the dataframe to be fitted. Skipping...
2022-11-07 17:29:09 INFO     AutoFeaturizer: Finished fitting.
2022-11-07 17:29:09 INFO     AutoFeaturizer: Starting transforming.
2022-11-07 17:29:09 INFO     AutoFeaturizer: Featurizing with ElementProperty.
2022-11-07 17:29:11 INFO     AutoFeaturizer: Featurizing with OxidationStates.
2022-11-07 17:29:11 INFO     AutoFeaturizer: Featurizing with ElectronAffinity.
2022-11-07 17:29:12 INFO     AutoFeaturizer: Featurizing with IonProperty.
2022-11-07 17:29:13 INFO     AutoFeaturizer: Featurizer type structure not in the dataframe. Skipping...
2022-11-07 17:29:13 INFO     AutoFeaturizer: Featurizer type bandstructure not in the dataframe. Skipping...
2022-11-07 17:29:13 INFO     AutoFeaturizer: Featurizer type dos not in the dataframe. Skipping...
2022-11-07 17:29:13 INFO     AutoFeaturizer: Finished transforming.
2022-11-07 17:29:13 INFO     DataCleaner: Starting fitting.
2022-11-07 17:29:13 INFO     DataCleaner: Cleaning with respect to samples with sample na_method 'drop'
2022-11-07 17:29:13 INFO     DataCleaner: Replacing infinite values with nan for easier screening.
2022-11-07 17:29:13 INFO     DataCleaner: Before handling na: 1566 samples, 142 features
2022-11-07 17:29:13 INFO     DataCleaner: 0 samples did not have target values. They were dropped.
2022-11-07 17:29:13 INFO     DataCleaner: Handling feature na by max na threshold of 0 with method 'drop'.
2022-11-07 17:29:13 INFO     DataCleaner: These 8 features were removed as they had more than 0% missing values: {'compound possible', 'maximum oxidation state', 'avg anion electron affinity', 'avg ionic char', 'std_dev oxidation state', 'max ionic char', 'minimum oxidation state', 'range oxidation state'}
2022-11-07 17:29:13 INFO     DataCleaner: After handling na: 1566 samples, 134 features
2022-11-07 17:29:13 INFO     DataCleaner: Finished fitting.
2022-11-07 17:29:17 INFO     AutoFeaturizer: Starting transforming.
2022-11-07 17:29:17 INFO     AutoFeaturizer: Compositions detected as strings. Attempting conversion to Composition objects...
2022-11-07 17:29:18 INFO     AutoFeaturizer: Guessing oxidation states of compositions, as they were not present in input.
2022-11-07 17:29:20 INFO     AutoFeaturizer: Featurizing with ElementProperty.
2022-11-07 17:29:20 INFO     AutoFeaturizer: Featurizing with OxidationStates.
2022-11-07 17:29:21 INFO     AutoFeaturizer: Featurizing with ElectronAffinity.
2022-11-07 17:29:22 INFO     AutoFeaturizer: Featurizing with IonProperty.
2022-11-07 17:29:23 INFO     AutoFeaturizer: Featurizer type structure not in the dataframe. Skipping...
2022-11-07 17:29:23 INFO     AutoFeaturizer: Featurizer type bandstructure not in the dataframe. Skipping...
2022-11-07 17:29:23 INFO     AutoFeaturizer: Featurizer type dos not in the dataframe. Skipping...
2022-11-07 17:29:23 INFO     AutoFeaturizer: Finished transforming.
2022-11-07 17:29:23 INFO     DataCleaner: Starting transforming.
2022-11-07 17:29:23 INFO     DataCleaner: Cleaning with respect to samples with sample na_method 'fill'
2022-11-07 17:29:23 INFO     DataCleaner: Replacing infinite values with nan for easier screening.
2022-11-07 17:29:23 INFO     DataCleaner: Before handling na: 392 samples, 142 features
2022-11-07 17:29:23 INFO     DataCleaner: 0 samples did not have target values. They were dropped.
2022-11-07 17:29:23 WARNING  DataCleaner: Mismatched columns found in dataframe used for fitting and argument dataframe.
2022-11-07 17:29:23 WARNING  DataCleaner: Coercing mismatched columns...
2022-11-07 17:29:23 WARNING  DataCleaner: Following columns are being dropped:
['minimum oxidation state', 'maximum oxidation state', 'range oxidation state', 'std_dev oxidation state', 'avg anion electron affinity', 'compound possible', 'max ionic char', 'avg ionic char']
2022-11-07 17:29:23 INFO     DataCleaner: After handling na: 392 samples, 134 features
2022-11-07 17:29:23 INFO     DataCleaner: Reordering columns...
2022-11-07 17:29:23 INFO     DataCleaner: Finished transforming.
2022-11-07 17:29:23 INFO     AutoFeaturizer: Starting fitting.
2022-11-07 17:29:23 INFO     AutoFeaturizer: Compositions detected as strings. Attempting conversion to Composition objects...
2022-11-07 17:29:24 INFO     AutoFeaturizer: Guessing oxidation states of compositions, as they were not present in input.
2022-11-07 17:29:27 INFO     AutoFeaturizer: Will remove YangSolidSolution because it's fraction passing the precheck for this dataset (0.19540229885057472) was less than the minimum (0.9)
2022-11-07 17:29:27 INFO     AutoFeaturizer: Will remove Miedema because it's fraction passing the precheck for this dataset (0.19540229885057472) was less than the minimum (0.9)
2022-11-07 17:29:27 INFO     AutoFeaturizer: Featurizer type structure not in the dataframe to be fitted. Skipping...
2022-11-07 17:29:27 INFO     AutoFeaturizer: Featurizer type bandstructure not in the dataframe to be fitted. Skipping...
2022-11-07 17:29:27 INFO     AutoFeaturizer: Featurizer type dos not in the dataframe to be fitted. Skipping...
2022-11-07 17:29:27 INFO     AutoFeaturizer: Finished fitting.
2022-11-07 17:29:27 INFO     AutoFeaturizer: Starting transforming.
2022-11-07 17:29:27 INFO     AutoFeaturizer: Featurizing with ElementProperty.
2022-11-07 17:29:28 INFO     AutoFeaturizer: Featurizing with OxidationStates.
2022-11-07 17:29:28 INFO     AutoFeaturizer: Featurizing with ElectronAffinity.
2022-11-07 17:29:29 INFO     AutoFeaturizer: Featurizing with IonProperty.
2022-11-07 17:29:30 INFO     AutoFeaturizer: Featurizer type structure not in the dataframe. Skipping...
2022-11-07 17:29:30 INFO     AutoFeaturizer: Featurizer type bandstructure not in the dataframe. Skipping...
2022-11-07 17:29:30 INFO     AutoFeaturizer: Featurizer type dos not in the dataframe. Skipping...
2022-11-07 17:29:30 INFO     AutoFeaturizer: Finished transforming.
2022-11-07 17:29:30 INFO     DataCleaner: Starting fitting.
2022-11-07 17:29:30 INFO     DataCleaner: Cleaning with respect to samples with sample na_method 'drop'
2022-11-07 17:29:30 INFO     DataCleaner: Replacing infinite values with nan for easier screening.
2022-11-07 17:29:30 INFO     DataCleaner: Before handling na: 1566 samples, 142 features
2022-11-07 17:29:30 INFO     DataCleaner: 0 samples did not have target values. They were dropped.
2022-11-07 17:29:30 INFO     DataCleaner: Handling feature na by max na threshold of 0 with method 'drop'.
2022-11-07 17:29:30 INFO     DataCleaner: These 8 features were removed as they had more than 0% missing values: {'compound possible', 'maximum oxidation state', 'avg anion electron affinity', 'avg ionic char', 'std_dev oxidation state', 'max ionic char', 'minimum oxidation state', 'range oxidation state'}
2022-11-07 17:29:31 INFO     DataCleaner: After handling na: 1566 samples, 134 features
2022-11-07 17:29:31 INFO     DataCleaner: Finished fitting.
2022-11-07 17:29:35 INFO     AutoFeaturizer: Starting transforming.
2022-11-07 17:29:35 INFO     AutoFeaturizer: Compositions detected as strings. Attempting conversion to Composition objects...
2022-11-07 17:29:35 INFO     AutoFeaturizer: Guessing oxidation states of compositions, as they were not present in input.
2022-11-07 17:29:37 INFO     AutoFeaturizer: Featurizing with ElementProperty.
2022-11-07 17:29:38 INFO     AutoFeaturizer: Featurizing with OxidationStates.
2022-11-07 17:29:38 INFO     AutoFeaturizer: Featurizing with ElectronAffinity.
2022-11-07 17:29:39 INFO     AutoFeaturizer: Featurizing with IonProperty.
2022-11-07 17:29:40 INFO     AutoFeaturizer: Featurizer type structure not in the dataframe. Skipping...
2022-11-07 17:29:40 INFO     AutoFeaturizer: Featurizer type bandstructure not in the dataframe. Skipping...
2022-11-07 17:29:40 INFO     AutoFeaturizer: Featurizer type dos not in the dataframe. Skipping...
2022-11-07 17:29:40 INFO     AutoFeaturizer: Finished transforming.
2022-11-07 17:29:40 INFO     DataCleaner: Starting transforming.
2022-11-07 17:29:40 INFO     DataCleaner: Cleaning with respect to samples with sample na_method 'fill'
2022-11-07 17:29:40 INFO     DataCleaner: Replacing infinite values with nan for easier screening.
2022-11-07 17:29:40 INFO     DataCleaner: Before handling na: 392 samples, 142 features
2022-11-07 17:29:40 INFO     DataCleaner: 0 samples did not have target values. They were dropped.
2022-11-07 17:29:40 WARNING  DataCleaner: Mismatched columns found in dataframe used for fitting and argument dataframe.
2022-11-07 17:29:40 WARNING  DataCleaner: Coercing mismatched columns...
2022-11-07 17:29:40 WARNING  DataCleaner: Following columns are being dropped:
['minimum oxidation state', 'maximum oxidation state', 'range oxidation state', 'std_dev oxidation state', 'avg anion electron affinity', 'compound possible', 'max ionic char', 'avg ionic char']
2022-11-07 17:29:40 INFO     DataCleaner: After handling na: 392 samples, 134 features
2022-11-07 17:29:40 INFO     DataCleaner: Reordering columns...
2022-11-07 17:29:40 INFO     DataCleaner: Finished transforming.
2022-11-07 17:29:41 INFO     AutoFeaturizer: Starting fitting.
2022-11-07 17:29:41 INFO     AutoFeaturizer: Compositions detected as strings. Attempting conversion to Composition objects...
2022-11-07 17:29:41 INFO     AutoFeaturizer: Guessing oxidation states of compositions, as they were not present in input.
2022-11-07 17:29:44 INFO     AutoFeaturizer: Will remove YangSolidSolution because it's fraction passing the precheck for this dataset (0.19591576260370133) was less than the minimum (0.9)
2022-11-07 17:29:44 INFO     AutoFeaturizer: Will remove Miedema because it's fraction passing the precheck for this dataset (0.19591576260370133) was less than the minimum (0.9)
2022-11-07 17:29:44 INFO     AutoFeaturizer: Featurizer type structure not in the dataframe to be fitted. Skipping...
2022-11-07 17:29:44 INFO     AutoFeaturizer: Featurizer type bandstructure not in the dataframe to be fitted. Skipping...
2022-11-07 17:29:44 INFO     AutoFeaturizer: Featurizer type dos not in the dataframe to be fitted. Skipping...
2022-11-07 17:29:44 INFO     AutoFeaturizer: Finished fitting.
2022-11-07 17:29:44 INFO     AutoFeaturizer: Starting transforming.
2022-11-07 17:29:44 INFO     AutoFeaturizer: Featurizing with ElementProperty.
2022-11-07 17:29:45 INFO     AutoFeaturizer: Featurizing with OxidationStates.
2022-11-07 17:29:46 INFO     AutoFeaturizer: Featurizing with ElectronAffinity.
2022-11-07 17:29:46 INFO     AutoFeaturizer: Featurizing with IonProperty.
2022-11-07 17:29:47 INFO     AutoFeaturizer: Featurizer type structure not in the dataframe. Skipping...
2022-11-07 17:29:47 INFO     AutoFeaturizer: Featurizer type bandstructure not in the dataframe. Skipping...
2022-11-07 17:29:47 INFO     AutoFeaturizer: Featurizer type dos not in the dataframe. Skipping...
2022-11-07 17:29:47 INFO     AutoFeaturizer: Finished transforming.
2022-11-07 17:29:47 INFO     DataCleaner: Starting fitting.
2022-11-07 17:29:47 INFO     DataCleaner: Cleaning with respect to samples with sample na_method 'drop'
2022-11-07 17:29:47 INFO     DataCleaner: Replacing infinite values with nan for easier screening.
2022-11-07 17:29:47 INFO     DataCleaner: Before handling na: 1567 samples, 142 features
2022-11-07 17:29:47 INFO     DataCleaner: 0 samples did not have target values. They were dropped.
2022-11-07 17:29:47 INFO     DataCleaner: Handling feature na by max na threshold of 0 with method 'drop'.
2022-11-07 17:29:47 INFO     DataCleaner: These 8 features were removed as they had more than 0% missing values: {'compound possible', 'maximum oxidation state', 'avg anion electron affinity', 'avg ionic char', 'std_dev oxidation state', 'max ionic char', 'minimum oxidation state', 'range oxidation state'}
2022-11-07 17:29:47 INFO     DataCleaner: After handling na: 1567 samples, 134 features
2022-11-07 17:29:47 INFO     DataCleaner: Finished fitting.
2022-11-07 17:29:52 INFO     AutoFeaturizer: Starting transforming.
2022-11-07 17:29:52 INFO     AutoFeaturizer: Compositions detected as strings. Attempting conversion to Composition objects...
2022-11-07 17:29:52 INFO     AutoFeaturizer: Guessing oxidation states of compositions, as they were not present in input.
2022-11-07 17:29:54 INFO     AutoFeaturizer: Featurizing with ElementProperty.
2022-11-07 17:29:55 INFO     AutoFeaturizer: Featurizing with OxidationStates.
2022-11-07 17:29:55 INFO     AutoFeaturizer: Featurizing with ElectronAffinity.
2022-11-07 17:29:56 INFO     AutoFeaturizer: Featurizing with IonProperty.
2022-11-07 17:29:57 INFO     AutoFeaturizer: Featurizer type structure not in the dataframe. Skipping...
2022-11-07 17:29:57 INFO     AutoFeaturizer: Featurizer type bandstructure not in the dataframe. Skipping...
2022-11-07 17:29:57 INFO     AutoFeaturizer: Featurizer type dos not in the dataframe. Skipping...
2022-11-07 17:29:57 INFO     AutoFeaturizer: Finished transforming.
2022-11-07 17:29:57 INFO     DataCleaner: Starting transforming.
2022-11-07 17:29:57 INFO     DataCleaner: Cleaning with respect to samples with sample na_method 'fill'
2022-11-07 17:29:57 INFO     DataCleaner: Replacing infinite values with nan for easier screening.
2022-11-07 17:29:57 INFO     DataCleaner: Before handling na: 391 samples, 142 features
2022-11-07 17:29:57 INFO     DataCleaner: 0 samples did not have target values. They were dropped.
2022-11-07 17:29:57 WARNING  DataCleaner: Mismatched columns found in dataframe used for fitting and argument dataframe.
2022-11-07 17:29:57 WARNING  DataCleaner: Coercing mismatched columns...
2022-11-07 17:29:57 WARNING  DataCleaner: Following columns are being dropped:
['minimum oxidation state', 'maximum oxidation state', 'range oxidation state', 'std_dev oxidation state', 'avg anion electron affinity', 'compound possible', 'max ionic char', 'avg ionic char']
2022-11-07 17:29:57 INFO     DataCleaner: After handling na: 391 samples, 134 features
2022-11-07 17:29:57 INFO     DataCleaner: Reordering columns...
2022-11-07 17:29:57 INFO     DataCleaner: Finished transforming.
2022-11-07 17:29:58 INFO     AutoFeaturizer: Starting fitting.
2022-11-07 17:29:58 INFO     AutoFeaturizer: Compositions detected as strings. Attempting conversion to Composition objects...
2022-11-07 17:29:58 INFO     AutoFeaturizer: Guessing oxidation states of compositions, as they were not present in input.
2022-11-07 17:30:01 INFO     AutoFeaturizer: Will remove YangSolidSolution because it's fraction passing the precheck for this dataset (0.206126356094448) was less than the minimum (0.9)
2022-11-07 17:30:01 INFO     AutoFeaturizer: Will remove Miedema because it's fraction passing the precheck for this dataset (0.206126356094448) was less than the minimum (0.9)
2022-11-07 17:30:01 INFO     AutoFeaturizer: Featurizer type structure not in the dataframe to be fitted. Skipping...
2022-11-07 17:30:01 INFO     AutoFeaturizer: Featurizer type bandstructure not in the dataframe to be fitted. Skipping...
2022-11-07 17:30:01 INFO     AutoFeaturizer: Featurizer type dos not in the dataframe to be fitted. Skipping...
2022-11-07 17:30:01 INFO     AutoFeaturizer: Finished fitting.
2022-11-07 17:30:01 INFO     AutoFeaturizer: Starting transforming.
2022-11-07 17:30:01 INFO     AutoFeaturizer: Featurizing with ElementProperty.
2022-11-07 17:30:02 INFO     AutoFeaturizer: Featurizing with OxidationStates.
2022-11-07 17:30:03 INFO     AutoFeaturizer: Featurizing with ElectronAffinity.
2022-11-07 17:30:03 INFO     AutoFeaturizer: Featurizing with IonProperty.
2022-11-07 17:30:05 INFO     AutoFeaturizer: Featurizer type structure not in the dataframe. Skipping...
2022-11-07 17:30:05 INFO     AutoFeaturizer: Featurizer type bandstructure not in the dataframe. Skipping...
2022-11-07 17:30:05 INFO     AutoFeaturizer: Featurizer type dos not in the dataframe. Skipping...
2022-11-07 17:30:05 INFO     AutoFeaturizer: Finished transforming.
2022-11-07 17:30:05 INFO     DataCleaner: Starting fitting.
2022-11-07 17:30:05 INFO     DataCleaner: Cleaning with respect to samples with sample na_method 'drop'
2022-11-07 17:30:05 INFO     DataCleaner: Replacing infinite values with nan for easier screening.
2022-11-07 17:30:05 INFO     DataCleaner: Before handling na: 1567 samples, 142 features
2022-11-07 17:30:05 INFO     DataCleaner: 0 samples did not have target values. They were dropped.
2022-11-07 17:30:05 INFO     DataCleaner: Handling feature na by max na threshold of 0 with method 'drop'.
2022-11-07 17:30:05 INFO     DataCleaner: These 8 features were removed as they had more than 0% missing values: {'compound possible', 'maximum oxidation state', 'avg anion electron affinity', 'avg ionic char', 'std_dev oxidation state', 'max ionic char', 'minimum oxidation state', 'range oxidation state'}
2022-11-07 17:30:05 INFO     DataCleaner: After handling na: 1567 samples, 134 features
2022-11-07 17:30:05 INFO     DataCleaner: Finished fitting.
2022-11-07 17:30:10 INFO     AutoFeaturizer: Starting transforming.
2022-11-07 17:30:10 INFO     AutoFeaturizer: Compositions detected as strings. Attempting conversion to Composition objects...
2022-11-07 17:30:10 INFO     AutoFeaturizer: Guessing oxidation states of compositions, as they were not present in input.
2022-11-07 17:30:13 INFO     AutoFeaturizer: Featurizing with ElementProperty.
2022-11-07 17:30:13 INFO     AutoFeaturizer: Featurizing with OxidationStates.
2022-11-07 17:30:14 INFO     AutoFeaturizer: Featurizing with ElectronAffinity.
2022-11-07 17:30:14 INFO     AutoFeaturizer: Featurizing with IonProperty.
2022-11-07 17:30:16 INFO     AutoFeaturizer: Featurizer type structure not in the dataframe. Skipping...
2022-11-07 17:30:16 INFO     AutoFeaturizer: Featurizer type bandstructure not in the dataframe. Skipping...
2022-11-07 17:30:16 INFO     AutoFeaturizer: Featurizer type dos not in the dataframe. Skipping...
2022-11-07 17:30:16 INFO     AutoFeaturizer: Finished transforming.
2022-11-07 17:30:16 INFO     DataCleaner: Starting transforming.
2022-11-07 17:30:16 INFO     DataCleaner: Cleaning with respect to samples with sample na_method 'fill'
2022-11-07 17:30:16 INFO     DataCleaner: Replacing infinite values with nan for easier screening.
2022-11-07 17:30:16 INFO     DataCleaner: Before handling na: 391 samples, 142 features
2022-11-07 17:30:16 INFO     DataCleaner: 0 samples did not have target values. They were dropped.
2022-11-07 17:30:16 WARNING  DataCleaner: Mismatched columns found in dataframe used for fitting and argument dataframe.
2022-11-07 17:30:16 WARNING  DataCleaner: Coercing mismatched columns...
2022-11-07 17:30:16 WARNING  DataCleaner: Following columns are being dropped:
['minimum oxidation state', 'maximum oxidation state', 'range oxidation state', 'std_dev oxidation state', 'avg anion electron affinity', 'compound possible', 'max ionic char', 'avg ionic char']
2022-11-07 17:30:16 INFO     DataCleaner: After handling na: 391 samples, 134 features
2022-11-07 17:30:16 INFO     DataCleaner: Reordering columns...
2022-11-07 17:30:16 INFO     DataCleaner: Finished transforming.
