2022-11-07 17:07:29 INFO     AutoFeaturizer: Starting fitting.
2022-11-07 17:07:29 INFO     AutoFeaturizer: Compositions detected as strings. Attempting conversion to Composition objects...
2022-11-07 17:07:29 INFO     AutoFeaturizer: Guessing oxidation states of compositions, as they were not present in input.
2022-11-07 17:07:32 INFO     AutoFeaturizer: Featurizer type structure not in the dataframe to be fitted. Skipping...
2022-11-07 17:07:32 INFO     AutoFeaturizer: Featurizer type bandstructure not in the dataframe to be fitted. Skipping...
2022-11-07 17:07:32 INFO     AutoFeaturizer: Featurizer type dos not in the dataframe to be fitted. Skipping...
2022-11-07 17:07:32 INFO     AutoFeaturizer: Finished fitting.
2022-11-07 17:07:32 INFO     AutoFeaturizer: Starting transforming.
2022-11-07 17:07:32 INFO     AutoFeaturizer: Featurizing with ElementProperty.
2022-11-07 17:07:33 INFO     AutoFeaturizer: Featurizer type structure not in the dataframe. Skipping...
2022-11-07 17:07:33 INFO     AutoFeaturizer: Featurizer type bandstructure not in the dataframe. Skipping...
2022-11-07 17:07:33 INFO     AutoFeaturizer: Featurizer type dos not in the dataframe. Skipping...
2022-11-07 17:07:33 INFO     AutoFeaturizer: Finished transforming.
2022-11-07 17:07:33 INFO     DataCleaner: Starting fitting.
2022-11-07 17:07:33 INFO     DataCleaner: Cleaning with respect to samples with sample na_method 'drop'
2022-11-07 17:07:33 INFO     DataCleaner: Replacing infinite values with nan for easier screening.
2022-11-07 17:07:33 INFO     DataCleaner: Before handling na: 1566 samples, 134 features
2022-11-07 17:07:33 INFO     DataCleaner: 0 samples did not have target values. They were dropped.
2022-11-07 17:07:33 INFO     DataCleaner: Handling feature na by max na threshold of 0 with method 'drop'.
2022-11-07 17:07:33 INFO     DataCleaner: After handling na: 1566 samples, 134 features
2022-11-07 17:07:33 INFO     DataCleaner: Finished fitting.
2022-11-07 17:07:37 INFO     AutoFeaturizer: Starting transforming.
2022-11-07 17:07:37 INFO     AutoFeaturizer: Compositions detected as strings. Attempting conversion to Composition objects...
2022-11-07 17:07:38 INFO     AutoFeaturizer: Guessing oxidation states of compositions, as they were not present in input.
2022-11-07 17:07:39 INFO     AutoFeaturizer: Featurizing with ElementProperty.
2022-11-07 17:07:40 INFO     AutoFeaturizer: Featurizer type structure not in the dataframe. Skipping...
2022-11-07 17:07:40 INFO     AutoFeaturizer: Featurizer type bandstructure not in the dataframe. Skipping...
2022-11-07 17:07:40 INFO     AutoFeaturizer: Featurizer type dos not in the dataframe. Skipping...
2022-11-07 17:07:40 INFO     AutoFeaturizer: Finished transforming.
2022-11-07 17:07:40 INFO     DataCleaner: Starting transforming.
2022-11-07 17:07:40 INFO     DataCleaner: Cleaning with respect to samples with sample na_method 'fill'
2022-11-07 17:07:40 INFO     DataCleaner: Replacing infinite values with nan for easier screening.
2022-11-07 17:07:40 INFO     DataCleaner: Before handling na: 392 samples, 134 features
2022-11-07 17:07:40 INFO     DataCleaner: 0 samples did not have target values. They were dropped.
2022-11-07 17:07:40 INFO     DataCleaner: After handling na: 392 samples, 134 features
2022-11-07 17:07:40 INFO     DataCleaner: Reordering columns...
2022-11-07 17:07:40 INFO     DataCleaner: Finished transforming.
2022-11-07 17:07:40 INFO     AutoFeaturizer: Starting fitting.
2022-11-07 17:07:40 INFO     AutoFeaturizer: Compositions detected as strings. Attempting conversion to Composition objects...
2022-11-07 17:07:40 INFO     AutoFeaturizer: Guessing oxidation states of compositions, as they were not present in input.
2022-11-07 17:07:42 INFO     AutoFeaturizer: Featurizer type structure not in the dataframe to be fitted. Skipping...
2022-11-07 17:07:42 INFO     AutoFeaturizer: Featurizer type bandstructure not in the dataframe to be fitted. Skipping...
2022-11-07 17:07:42 INFO     AutoFeaturizer: Featurizer type dos not in the dataframe to be fitted. Skipping...
2022-11-07 17:07:42 INFO     AutoFeaturizer: Finished fitting.
2022-11-07 17:07:42 INFO     AutoFeaturizer: Starting transforming.
2022-11-07 17:07:42 INFO     AutoFeaturizer: Featurizing with ElementProperty.
2022-11-07 17:07:43 INFO     AutoFeaturizer: Featurizer type structure not in the dataframe. Skipping...
2022-11-07 17:07:43 INFO     AutoFeaturizer: Featurizer type bandstructure not in the dataframe. Skipping...
2022-11-07 17:07:43 INFO     AutoFeaturizer: Featurizer type dos not in the dataframe. Skipping...
2022-11-07 17:07:43 INFO     AutoFeaturizer: Finished transforming.
2022-11-07 17:07:43 INFO     DataCleaner: Starting fitting.
2022-11-07 17:07:43 INFO     DataCleaner: Cleaning with respect to samples with sample na_method 'drop'
2022-11-07 17:07:43 INFO     DataCleaner: Replacing infinite values with nan for easier screening.
2022-11-07 17:07:43 INFO     DataCleaner: Before handling na: 1566 samples, 134 features
2022-11-07 17:07:43 INFO     DataCleaner: 0 samples did not have target values. They were dropped.
2022-11-07 17:07:43 INFO     DataCleaner: Handling feature na by max na threshold of 0 with method 'drop'.
2022-11-07 17:07:43 INFO     DataCleaner: After handling na: 1566 samples, 134 features
2022-11-07 17:07:43 INFO     DataCleaner: Finished fitting.
2022-11-07 17:07:47 INFO     AutoFeaturizer: Starting transforming.
2022-11-07 17:07:47 INFO     AutoFeaturizer: Compositions detected as strings. Attempting conversion to Composition objects...
2022-11-07 17:07:48 INFO     AutoFeaturizer: Guessing oxidation states of compositions, as they were not present in input.
2022-11-07 17:07:49 INFO     AutoFeaturizer: Featurizing with ElementProperty.
2022-11-07 17:07:50 INFO     AutoFeaturizer: Featurizer type structure not in the dataframe. Skipping...
2022-11-07 17:07:50 INFO     AutoFeaturizer: Featurizer type bandstructure not in the dataframe. Skipping...
2022-11-07 17:07:50 INFO     AutoFeaturizer: Featurizer type dos not in the dataframe. Skipping...
2022-11-07 17:07:50 INFO     AutoFeaturizer: Finished transforming.
2022-11-07 17:07:50 INFO     DataCleaner: Starting transforming.
2022-11-07 17:07:50 INFO     DataCleaner: Cleaning with respect to samples with sample na_method 'fill'
2022-11-07 17:07:50 INFO     DataCleaner: Replacing infinite values with nan for easier screening.
2022-11-07 17:07:50 INFO     DataCleaner: Before handling na: 392 samples, 134 features
2022-11-07 17:07:50 INFO     DataCleaner: 0 samples did not have target values. They were dropped.
2022-11-07 17:07:50 INFO     DataCleaner: After handling na: 392 samples, 134 features
2022-11-07 17:07:50 INFO     DataCleaner: Reordering columns...
2022-11-07 17:07:50 INFO     DataCleaner: Finished transforming.
2022-11-07 17:07:50 INFO     AutoFeaturizer: Starting fitting.
2022-11-07 17:07:50 INFO     AutoFeaturizer: Compositions detected as strings. Attempting conversion to Composition objects...
2022-11-07 17:07:51 INFO     AutoFeaturizer: Guessing oxidation states of compositions, as they were not present in input.
2022-11-07 17:07:53 INFO     AutoFeaturizer: Featurizer type structure not in the dataframe to be fitted. Skipping...
2022-11-07 17:07:53 INFO     AutoFeaturizer: Featurizer type bandstructure not in the dataframe to be fitted. Skipping...
2022-11-07 17:07:53 INFO     AutoFeaturizer: Featurizer type dos not in the dataframe to be fitted. Skipping...
2022-11-07 17:07:53 INFO     AutoFeaturizer: Finished fitting.
2022-11-07 17:07:53 INFO     AutoFeaturizer: Starting transforming.
2022-11-07 17:07:53 INFO     AutoFeaturizer: Featurizing with ElementProperty.
2022-11-07 17:07:54 INFO     AutoFeaturizer: Featurizer type structure not in the dataframe. Skipping...
2022-11-07 17:07:54 INFO     AutoFeaturizer: Featurizer type bandstructure not in the dataframe. Skipping...
2022-11-07 17:07:54 INFO     AutoFeaturizer: Featurizer type dos not in the dataframe. Skipping...
2022-11-07 17:07:54 INFO     AutoFeaturizer: Finished transforming.
2022-11-07 17:07:54 INFO     DataCleaner: Starting fitting.
2022-11-07 17:07:54 INFO     DataCleaner: Cleaning with respect to samples with sample na_method 'drop'
2022-11-07 17:07:54 INFO     DataCleaner: Replacing infinite values with nan for easier screening.
2022-11-07 17:07:54 INFO     DataCleaner: Before handling na: 1566 samples, 134 features
2022-11-07 17:07:54 INFO     DataCleaner: 0 samples did not have target values. They were dropped.
2022-11-07 17:07:54 INFO     DataCleaner: Handling feature na by max na threshold of 0 with method 'drop'.
2022-11-07 17:07:54 INFO     DataCleaner: After handling na: 1566 samples, 134 features
2022-11-07 17:07:54 INFO     DataCleaner: Finished fitting.
2022-11-07 17:07:58 INFO     AutoFeaturizer: Starting transforming.
2022-11-07 17:07:58 INFO     AutoFeaturizer: Compositions detected as strings. Attempting conversion to Composition objects...
2022-11-07 17:07:58 INFO     AutoFeaturizer: Guessing oxidation states of compositions, as they were not present in input.
2022-11-07 17:08:00 INFO     AutoFeaturizer: Featurizing with ElementProperty.
2022-11-07 17:08:01 INFO     AutoFeaturizer: Featurizer type structure not in the dataframe. Skipping...
2022-11-07 17:08:01 INFO     AutoFeaturizer: Featurizer type bandstructure not in the dataframe. Skipping...
2022-11-07 17:08:01 INFO     AutoFeaturizer: Featurizer type dos not in the dataframe. Skipping...
2022-11-07 17:08:01 INFO     AutoFeaturizer: Finished transforming.
2022-11-07 17:08:01 INFO     DataCleaner: Starting transforming.
2022-11-07 17:08:01 INFO     DataCleaner: Cleaning with respect to samples with sample na_method 'fill'
2022-11-07 17:08:01 INFO     DataCleaner: Replacing infinite values with nan for easier screening.
2022-11-07 17:08:01 INFO     DataCleaner: Before handling na: 392 samples, 134 features
2022-11-07 17:08:01 INFO     DataCleaner: 0 samples did not have target values. They were dropped.
2022-11-07 17:08:01 INFO     DataCleaner: After handling na: 392 samples, 134 features
2022-11-07 17:08:01 INFO     DataCleaner: Reordering columns...
2022-11-07 17:08:01 INFO     DataCleaner: Finished transforming.
2022-11-07 17:08:01 INFO     AutoFeaturizer: Starting fitting.
2022-11-07 17:08:01 INFO     AutoFeaturizer: Compositions detected as strings. Attempting conversion to Composition objects...
2022-11-07 17:08:01 INFO     AutoFeaturizer: Guessing oxidation states of compositions, as they were not present in input.
2022-11-07 17:08:04 INFO     AutoFeaturizer: Featurizer type structure not in the dataframe to be fitted. Skipping...
2022-11-07 17:08:04 INFO     AutoFeaturizer: Featurizer type bandstructure not in the dataframe to be fitted. Skipping...
2022-11-07 17:08:04 INFO     AutoFeaturizer: Featurizer type dos not in the dataframe to be fitted. Skipping...
2022-11-07 17:08:04 INFO     AutoFeaturizer: Finished fitting.
2022-11-07 17:08:04 INFO     AutoFeaturizer: Starting transforming.
2022-11-07 17:08:04 INFO     AutoFeaturizer: Featurizing with ElementProperty.
2022-11-07 17:08:04 INFO     AutoFeaturizer: Featurizer type structure not in the dataframe. Skipping...
2022-11-07 17:08:04 INFO     AutoFeaturizer: Featurizer type bandstructure not in the dataframe. Skipping...
2022-11-07 17:08:04 INFO     AutoFeaturizer: Featurizer type dos not in the dataframe. Skipping...
2022-11-07 17:08:04 INFO     AutoFeaturizer: Finished transforming.
2022-11-07 17:08:05 INFO     DataCleaner: Starting fitting.
2022-11-07 17:08:05 INFO     DataCleaner: Cleaning with respect to samples with sample na_method 'drop'
2022-11-07 17:08:05 INFO     DataCleaner: Replacing infinite values with nan for easier screening.
2022-11-07 17:08:05 INFO     DataCleaner: Before handling na: 1567 samples, 134 features
2022-11-07 17:08:05 INFO     DataCleaner: 0 samples did not have target values. They were dropped.
2022-11-07 17:08:05 INFO     DataCleaner: Handling feature na by max na threshold of 0 with method 'drop'.
2022-11-07 17:08:05 INFO     DataCleaner: After handling na: 1567 samples, 134 features
2022-11-07 17:08:05 INFO     DataCleaner: Finished fitting.
2022-11-07 17:08:09 INFO     AutoFeaturizer: Starting transforming.
2022-11-07 17:08:09 INFO     AutoFeaturizer: Compositions detected as strings. Attempting conversion to Composition objects...
2022-11-07 17:08:09 INFO     AutoFeaturizer: Guessing oxidation states of compositions, as they were not present in input.
2022-11-07 17:08:11 INFO     AutoFeaturizer: Featurizing with ElementProperty.
2022-11-07 17:08:11 INFO     AutoFeaturizer: Featurizer type structure not in the dataframe. Skipping...
2022-11-07 17:08:11 INFO     AutoFeaturizer: Featurizer type bandstructure not in the dataframe. Skipping...
2022-11-07 17:08:11 INFO     AutoFeaturizer: Featurizer type dos not in the dataframe. Skipping...
2022-11-07 17:08:11 INFO     AutoFeaturizer: Finished transforming.
2022-11-07 17:08:11 INFO     DataCleaner: Starting transforming.
2022-11-07 17:08:11 INFO     DataCleaner: Cleaning with respect to samples with sample na_method 'fill'
2022-11-07 17:08:11 INFO     DataCleaner: Replacing infinite values with nan for easier screening.
2022-11-07 17:08:11 INFO     DataCleaner: Before handling na: 391 samples, 134 features
2022-11-07 17:08:11 INFO     DataCleaner: 0 samples did not have target values. They were dropped.
2022-11-07 17:08:11 INFO     DataCleaner: After handling na: 391 samples, 134 features
2022-11-07 17:08:11 INFO     DataCleaner: Reordering columns...
2022-11-07 17:08:11 INFO     DataCleaner: Finished transforming.
2022-11-07 17:08:11 INFO     AutoFeaturizer: Starting fitting.
2022-11-07 17:08:11 INFO     AutoFeaturizer: Compositions detected as strings. Attempting conversion to Composition objects...
2022-11-07 17:08:12 INFO     AutoFeaturizer: Guessing oxidation states of compositions, as they were not present in input.
2022-11-07 17:08:14 INFO     AutoFeaturizer: Featurizer type structure not in the dataframe to be fitted. Skipping...
2022-11-07 17:08:14 INFO     AutoFeaturizer: Featurizer type bandstructure not in the dataframe to be fitted. Skipping...
2022-11-07 17:08:14 INFO     AutoFeaturizer: Featurizer type dos not in the dataframe to be fitted. Skipping...
2022-11-07 17:08:14 INFO     AutoFeaturizer: Finished fitting.
2022-11-07 17:08:14 INFO     AutoFeaturizer: Starting transforming.
2022-11-07 17:08:14 INFO     AutoFeaturizer: Featurizing with ElementProperty.
2022-11-07 17:08:15 INFO     AutoFeaturizer: Featurizer type structure not in the dataframe. Skipping...
2022-11-07 17:08:15 INFO     AutoFeaturizer: Featurizer type bandstructure not in the dataframe. Skipping...
2022-11-07 17:08:15 INFO     AutoFeaturizer: Featurizer type dos not in the dataframe. Skipping...
2022-11-07 17:08:15 INFO     AutoFeaturizer: Finished transforming.
2022-11-07 17:08:15 INFO     DataCleaner: Starting fitting.
2022-11-07 17:08:15 INFO     DataCleaner: Cleaning with respect to samples with sample na_method 'drop'
2022-11-07 17:08:15 INFO     DataCleaner: Replacing infinite values with nan for easier screening.
2022-11-07 17:08:15 INFO     DataCleaner: Before handling na: 1567 samples, 134 features
2022-11-07 17:08:15 INFO     DataCleaner: 0 samples did not have target values. They were dropped.
2022-11-07 17:08:15 INFO     DataCleaner: Handling feature na by max na threshold of 0 with method 'drop'.
2022-11-07 17:08:15 INFO     DataCleaner: After handling na: 1567 samples, 134 features
2022-11-07 17:08:15 INFO     DataCleaner: Finished fitting.
2022-11-07 17:08:19 INFO     AutoFeaturizer: Starting transforming.
2022-11-07 17:08:19 INFO     AutoFeaturizer: Compositions detected as strings. Attempting conversion to Composition objects...
2022-11-07 17:08:20 INFO     AutoFeaturizer: Guessing oxidation states of compositions, as they were not present in input.
2022-11-07 17:08:21 INFO     AutoFeaturizer: Featurizing with ElementProperty.
2022-11-07 17:08:22 INFO     AutoFeaturizer: Featurizer type structure not in the dataframe. Skipping...
2022-11-07 17:08:22 INFO     AutoFeaturizer: Featurizer type bandstructure not in the dataframe. Skipping...
2022-11-07 17:08:22 INFO     AutoFeaturizer: Featurizer type dos not in the dataframe. Skipping...
2022-11-07 17:08:22 INFO     AutoFeaturizer: Finished transforming.
2022-11-07 17:08:22 INFO     DataCleaner: Starting transforming.
2022-11-07 17:08:22 INFO     DataCleaner: Cleaning with respect to samples with sample na_method 'fill'
2022-11-07 17:08:22 INFO     DataCleaner: Replacing infinite values with nan for easier screening.
2022-11-07 17:08:22 INFO     DataCleaner: Before handling na: 391 samples, 134 features
2022-11-07 17:08:22 INFO     DataCleaner: 0 samples did not have target values. They were dropped.
2022-11-07 17:08:22 INFO     DataCleaner: After handling na: 391 samples, 134 features
2022-11-07 17:08:22 INFO     DataCleaner: Reordering columns...
2022-11-07 17:08:22 INFO     DataCleaner: Finished transforming.
