2022-11-07 17:15:44 INFO     AutoFeaturizer: Starting fitting.
2022-11-07 17:15:44 INFO     AutoFeaturizer: Compositions detected as strings. Attempting conversion to Composition objects...
2022-11-07 17:15:45 INFO     AutoFeaturizer: Guessing oxidation states of compositions, as they were not present in input.
2022-11-07 17:15:47 INFO     AutoFeaturizer: Featurizer type structure not in the dataframe to be fitted. Skipping...
2022-11-07 17:15:47 INFO     AutoFeaturizer: Featurizer type bandstructure not in the dataframe to be fitted. Skipping...
2022-11-07 17:15:47 INFO     AutoFeaturizer: Featurizer type dos not in the dataframe to be fitted. Skipping...
2022-11-07 17:15:47 INFO     AutoFeaturizer: Finished fitting.
2022-11-07 17:15:47 INFO     AutoFeaturizer: Starting transforming.
2022-11-07 17:15:47 INFO     AutoFeaturizer: Featurizing with ElementProperty.
2022-11-07 17:15:48 INFO     AutoFeaturizer: Featurizer type structure not in the dataframe. Skipping...
2022-11-07 17:15:48 INFO     AutoFeaturizer: Featurizer type bandstructure not in the dataframe. Skipping...
2022-11-07 17:15:48 INFO     AutoFeaturizer: Featurizer type dos not in the dataframe. Skipping...
2022-11-07 17:15:48 INFO     AutoFeaturizer: Finished transforming.
2022-11-07 17:15:48 INFO     DataCleaner: Starting fitting.
2022-11-07 17:15:48 INFO     DataCleaner: Cleaning with respect to samples with sample na_method 'drop'
2022-11-07 17:15:48 INFO     DataCleaner: Replacing infinite values with nan for easier screening.
2022-11-07 17:15:48 INFO     DataCleaner: Before handling na: 1566 samples, 134 features
2022-11-07 17:15:48 INFO     DataCleaner: 0 samples did not have target values. They were dropped.
2022-11-07 17:15:48 INFO     DataCleaner: Handling feature na by max na threshold of 0 with method 'drop'.
2022-11-07 17:15:48 INFO     DataCleaner: After handling na: 1566 samples, 134 features
2022-11-07 17:15:48 INFO     DataCleaner: Finished fitting.
2022-11-07 17:15:52 INFO     AutoFeaturizer: Starting transforming.
2022-11-07 17:15:52 INFO     AutoFeaturizer: Compositions detected as strings. Attempting conversion to Composition objects...
2022-11-07 17:15:52 INFO     AutoFeaturizer: Guessing oxidation states of compositions, as they were not present in input.
2022-11-07 17:15:54 INFO     AutoFeaturizer: Featurizing with ElementProperty.
2022-11-07 17:15:54 INFO     AutoFeaturizer: Featurizer type structure not in the dataframe. Skipping...
2022-11-07 17:15:54 INFO     AutoFeaturizer: Featurizer type bandstructure not in the dataframe. Skipping...
2022-11-07 17:15:54 INFO     AutoFeaturizer: Featurizer type dos not in the dataframe. Skipping...
2022-11-07 17:15:54 INFO     AutoFeaturizer: Finished transforming.
2022-11-07 17:15:54 INFO     DataCleaner: Starting transforming.
2022-11-07 17:15:54 INFO     DataCleaner: Cleaning with respect to samples with sample na_method 'fill'
2022-11-07 17:15:54 INFO     DataCleaner: Replacing infinite values with nan for easier screening.
2022-11-07 17:15:54 INFO     DataCleaner: Before handling na: 392 samples, 134 features
2022-11-07 17:15:54 INFO     DataCleaner: 0 samples did not have target values. They were dropped.
2022-11-07 17:15:54 INFO     DataCleaner: After handling na: 392 samples, 134 features
2022-11-07 17:15:54 INFO     DataCleaner: Reordering columns...
2022-11-07 17:15:54 INFO     DataCleaner: Finished transforming.
2022-11-07 17:15:55 INFO     AutoFeaturizer: Starting fitting.
2022-11-07 17:15:55 INFO     AutoFeaturizer: Compositions detected as strings. Attempting conversion to Composition objects...
2022-11-07 17:15:55 INFO     AutoFeaturizer: Guessing oxidation states of compositions, as they were not present in input.
2022-11-07 17:15:57 INFO     AutoFeaturizer: Featurizer type structure not in the dataframe to be fitted. Skipping...
2022-11-07 17:15:57 INFO     AutoFeaturizer: Featurizer type bandstructure not in the dataframe to be fitted. Skipping...
2022-11-07 17:15:57 INFO     AutoFeaturizer: Featurizer type dos not in the dataframe to be fitted. Skipping...
2022-11-07 17:15:57 INFO     AutoFeaturizer: Finished fitting.
2022-11-07 17:15:57 INFO     AutoFeaturizer: Starting transforming.
2022-11-07 17:15:57 INFO     AutoFeaturizer: Featurizing with ElementProperty.
2022-11-07 17:15:58 INFO     AutoFeaturizer: Featurizer type structure not in the dataframe. Skipping...
2022-11-07 17:15:58 INFO     AutoFeaturizer: Featurizer type bandstructure not in the dataframe. Skipping...
2022-11-07 17:15:58 INFO     AutoFeaturizer: Featurizer type dos not in the dataframe. Skipping...
2022-11-07 17:15:58 INFO     AutoFeaturizer: Finished transforming.
2022-11-07 17:15:58 INFO     DataCleaner: Starting fitting.
2022-11-07 17:15:58 INFO     DataCleaner: Cleaning with respect to samples with sample na_method 'drop'
2022-11-07 17:15:58 INFO     DataCleaner: Replacing infinite values with nan for easier screening.
2022-11-07 17:15:58 INFO     DataCleaner: Before handling na: 1566 samples, 134 features
2022-11-07 17:15:58 INFO     DataCleaner: 0 samples did not have target values. They were dropped.
2022-11-07 17:15:58 INFO     DataCleaner: Handling feature na by max na threshold of 0 with method 'drop'.
2022-11-07 17:15:58 INFO     DataCleaner: After handling na: 1566 samples, 134 features
2022-11-07 17:15:58 INFO     DataCleaner: Finished fitting.
2022-11-07 17:16:02 INFO     AutoFeaturizer: Starting transforming.
2022-11-07 17:16:02 INFO     AutoFeaturizer: Compositions detected as strings. Attempting conversion to Composition objects...
2022-11-07 17:16:03 INFO     AutoFeaturizer: Guessing oxidation states of compositions, as they were not present in input.
2022-11-07 17:16:05 INFO     AutoFeaturizer: Featurizing with ElementProperty.
2022-11-07 17:16:05 INFO     AutoFeaturizer: Featurizer type structure not in the dataframe. Skipping...
2022-11-07 17:16:05 INFO     AutoFeaturizer: Featurizer type bandstructure not in the dataframe. Skipping...
2022-11-07 17:16:05 INFO     AutoFeaturizer: Featurizer type dos not in the dataframe. Skipping...
2022-11-07 17:16:05 INFO     AutoFeaturizer: Finished transforming.
2022-11-07 17:16:05 INFO     DataCleaner: Starting transforming.
2022-11-07 17:16:05 INFO     DataCleaner: Cleaning with respect to samples with sample na_method 'fill'
2022-11-07 17:16:05 INFO     DataCleaner: Replacing infinite values with nan for easier screening.
2022-11-07 17:16:05 INFO     DataCleaner: Before handling na: 392 samples, 134 features
2022-11-07 17:16:05 INFO     DataCleaner: 0 samples did not have target values. They were dropped.
2022-11-07 17:16:05 INFO     DataCleaner: After handling na: 392 samples, 134 features
2022-11-07 17:16:05 INFO     DataCleaner: Reordering columns...
2022-11-07 17:16:05 INFO     DataCleaner: Finished transforming.
2022-11-07 17:16:05 INFO     AutoFeaturizer: Starting fitting.
2022-11-07 17:16:05 INFO     AutoFeaturizer: Compositions detected as strings. Attempting conversion to Composition objects...
2022-11-07 17:16:06 INFO     AutoFeaturizer: Guessing oxidation states of compositions, as they were not present in input.
2022-11-07 17:16:08 INFO     AutoFeaturizer: Featurizer type structure not in the dataframe to be fitted. Skipping...
2022-11-07 17:16:08 INFO     AutoFeaturizer: Featurizer type bandstructure not in the dataframe to be fitted. Skipping...
2022-11-07 17:16:08 INFO     AutoFeaturizer: Featurizer type dos not in the dataframe to be fitted. Skipping...
2022-11-07 17:16:08 INFO     AutoFeaturizer: Finished fitting.
2022-11-07 17:16:08 INFO     AutoFeaturizer: Starting transforming.
2022-11-07 17:16:08 INFO     AutoFeaturizer: Featurizing with ElementProperty.
2022-11-07 17:16:09 INFO     AutoFeaturizer: Featurizer type structure not in the dataframe. Skipping...
2022-11-07 17:16:09 INFO     AutoFeaturizer: Featurizer type bandstructure not in the dataframe. Skipping...
2022-11-07 17:16:09 INFO     AutoFeaturizer: Featurizer type dos not in the dataframe. Skipping...
2022-11-07 17:16:09 INFO     AutoFeaturizer: Finished transforming.
2022-11-07 17:16:09 INFO     DataCleaner: Starting fitting.
2022-11-07 17:16:09 INFO     DataCleaner: Cleaning with respect to samples with sample na_method 'drop'
2022-11-07 17:16:09 INFO     DataCleaner: Replacing infinite values with nan for easier screening.
2022-11-07 17:16:09 INFO     DataCleaner: Before handling na: 1566 samples, 134 features
2022-11-07 17:16:09 INFO     DataCleaner: 0 samples did not have target values. They were dropped.
2022-11-07 17:16:09 INFO     DataCleaner: Handling feature na by max na threshold of 0 with method 'drop'.
2022-11-07 17:16:09 INFO     DataCleaner: After handling na: 1566 samples, 134 features
2022-11-07 17:16:09 INFO     DataCleaner: Finished fitting.
2022-11-07 17:16:14 INFO     AutoFeaturizer: Starting transforming.
2022-11-07 17:16:14 INFO     AutoFeaturizer: Compositions detected as strings. Attempting conversion to Composition objects...
2022-11-07 17:16:14 INFO     AutoFeaturizer: Guessing oxidation states of compositions, as they were not present in input.
2022-11-07 17:16:16 INFO     AutoFeaturizer: Featurizing with ElementProperty.
2022-11-07 17:16:17 INFO     AutoFeaturizer: Featurizer type structure not in the dataframe. Skipping...
2022-11-07 17:16:17 INFO     AutoFeaturizer: Featurizer type bandstructure not in the dataframe. Skipping...
2022-11-07 17:16:17 INFO     AutoFeaturizer: Featurizer type dos not in the dataframe. Skipping...
2022-11-07 17:16:17 INFO     AutoFeaturizer: Finished transforming.
2022-11-07 17:16:17 INFO     DataCleaner: Starting transforming.
2022-11-07 17:16:17 INFO     DataCleaner: Cleaning with respect to samples with sample na_method 'fill'
2022-11-07 17:16:17 INFO     DataCleaner: Replacing infinite values with nan for easier screening.
2022-11-07 17:16:17 INFO     DataCleaner: Before handling na: 392 samples, 134 features
2022-11-07 17:16:17 INFO     DataCleaner: 0 samples did not have target values. They were dropped.
2022-11-07 17:16:17 INFO     DataCleaner: After handling na: 392 samples, 134 features
2022-11-07 17:16:17 INFO     DataCleaner: Reordering columns...
2022-11-07 17:16:17 INFO     DataCleaner: Finished transforming.
2022-11-07 17:16:17 INFO     AutoFeaturizer: Starting fitting.
2022-11-07 17:16:17 INFO     AutoFeaturizer: Compositions detected as strings. Attempting conversion to Composition objects...
2022-11-07 17:16:17 INFO     AutoFeaturizer: Guessing oxidation states of compositions, as they were not present in input.
2022-11-07 17:16:19 INFO     AutoFeaturizer: Featurizer type structure not in the dataframe to be fitted. Skipping...
2022-11-07 17:16:19 INFO     AutoFeaturizer: Featurizer type bandstructure not in the dataframe to be fitted. Skipping...
2022-11-07 17:16:19 INFO     AutoFeaturizer: Featurizer type dos not in the dataframe to be fitted. Skipping...
2022-11-07 17:16:19 INFO     AutoFeaturizer: Finished fitting.
2022-11-07 17:16:19 INFO     AutoFeaturizer: Starting transforming.
2022-11-07 17:16:19 INFO     AutoFeaturizer: Featurizing with ElementProperty.
2022-11-07 17:16:21 INFO     AutoFeaturizer: Featurizer type structure not in the dataframe. Skipping...
2022-11-07 17:16:21 INFO     AutoFeaturizer: Featurizer type bandstructure not in the dataframe. Skipping...
2022-11-07 17:16:21 INFO     AutoFeaturizer: Featurizer type dos not in the dataframe. Skipping...
2022-11-07 17:16:21 INFO     AutoFeaturizer: Finished transforming.
2022-11-07 17:16:21 INFO     DataCleaner: Starting fitting.
2022-11-07 17:16:21 INFO     DataCleaner: Cleaning with respect to samples with sample na_method 'drop'
2022-11-07 17:16:21 INFO     DataCleaner: Replacing infinite values with nan for easier screening.
2022-11-07 17:16:21 INFO     DataCleaner: Before handling na: 1567 samples, 134 features
2022-11-07 17:16:21 INFO     DataCleaner: 0 samples did not have target values. They were dropped.
2022-11-07 17:16:21 INFO     DataCleaner: Handling feature na by max na threshold of 0 with method 'drop'.
2022-11-07 17:16:21 INFO     DataCleaner: After handling na: 1567 samples, 134 features
2022-11-07 17:16:21 INFO     DataCleaner: Finished fitting.
2022-11-07 17:16:25 INFO     AutoFeaturizer: Starting transforming.
2022-11-07 17:16:25 INFO     AutoFeaturizer: Compositions detected as strings. Attempting conversion to Composition objects...
2022-11-07 17:16:25 INFO     AutoFeaturizer: Guessing oxidation states of compositions, as they were not present in input.
2022-11-07 17:16:27 INFO     AutoFeaturizer: Featurizing with ElementProperty.
2022-11-07 17:16:27 INFO     AutoFeaturizer: Featurizer type structure not in the dataframe. Skipping...
2022-11-07 17:16:27 INFO     AutoFeaturizer: Featurizer type bandstructure not in the dataframe. Skipping...
2022-11-07 17:16:27 INFO     AutoFeaturizer: Featurizer type dos not in the dataframe. Skipping...
2022-11-07 17:16:27 INFO     AutoFeaturizer: Finished transforming.
2022-11-07 17:16:27 INFO     DataCleaner: Starting transforming.
2022-11-07 17:16:27 INFO     DataCleaner: Cleaning with respect to samples with sample na_method 'fill'
2022-11-07 17:16:27 INFO     DataCleaner: Replacing infinite values with nan for easier screening.
2022-11-07 17:16:27 INFO     DataCleaner: Before handling na: 391 samples, 134 features
2022-11-07 17:16:27 INFO     DataCleaner: 0 samples did not have target values. They were dropped.
2022-11-07 17:16:27 INFO     DataCleaner: After handling na: 391 samples, 134 features
2022-11-07 17:16:27 INFO     DataCleaner: Reordering columns...
2022-11-07 17:16:27 INFO     DataCleaner: Finished transforming.
2022-11-07 17:16:27 INFO     AutoFeaturizer: Starting fitting.
2022-11-07 17:16:27 INFO     AutoFeaturizer: Compositions detected as strings. Attempting conversion to Composition objects...
2022-11-07 17:16:28 INFO     AutoFeaturizer: Guessing oxidation states of compositions, as they were not present in input.
2022-11-07 17:16:30 INFO     AutoFeaturizer: Featurizer type structure not in the dataframe to be fitted. Skipping...
2022-11-07 17:16:30 INFO     AutoFeaturizer: Featurizer type bandstructure not in the dataframe to be fitted. Skipping...
2022-11-07 17:16:30 INFO     AutoFeaturizer: Featurizer type dos not in the dataframe to be fitted. Skipping...
2022-11-07 17:16:30 INFO     AutoFeaturizer: Finished fitting.
2022-11-07 17:16:30 INFO     AutoFeaturizer: Starting transforming.
2022-11-07 17:16:30 INFO     AutoFeaturizer: Featurizing with ElementProperty.
2022-11-07 17:16:31 INFO     AutoFeaturizer: Featurizer type structure not in the dataframe. Skipping...
2022-11-07 17:16:31 INFO     AutoFeaturizer: Featurizer type bandstructure not in the dataframe. Skipping...
2022-11-07 17:16:31 INFO     AutoFeaturizer: Featurizer type dos not in the dataframe. Skipping...
2022-11-07 17:16:31 INFO     AutoFeaturizer: Finished transforming.
2022-11-07 17:16:31 INFO     DataCleaner: Starting fitting.
2022-11-07 17:16:31 INFO     DataCleaner: Cleaning with respect to samples with sample na_method 'drop'
2022-11-07 17:16:31 INFO     DataCleaner: Replacing infinite values with nan for easier screening.
2022-11-07 17:16:31 INFO     DataCleaner: Before handling na: 1567 samples, 134 features
2022-11-07 17:16:31 INFO     DataCleaner: 0 samples did not have target values. They were dropped.
2022-11-07 17:16:31 INFO     DataCleaner: Handling feature na by max na threshold of 0 with method 'drop'.
2022-11-07 17:16:31 INFO     DataCleaner: After handling na: 1567 samples, 134 features
2022-11-07 17:16:31 INFO     DataCleaner: Finished fitting.
2022-11-07 17:16:35 INFO     AutoFeaturizer: Starting transforming.
2022-11-07 17:16:35 INFO     AutoFeaturizer: Compositions detected as strings. Attempting conversion to Composition objects...
2022-11-07 17:16:35 INFO     AutoFeaturizer: Guessing oxidation states of compositions, as they were not present in input.
2022-11-07 17:16:37 INFO     AutoFeaturizer: Featurizing with ElementProperty.
2022-11-07 17:16:37 INFO     AutoFeaturizer: Featurizer type structure not in the dataframe. Skipping...
2022-11-07 17:16:37 INFO     AutoFeaturizer: Featurizer type bandstructure not in the dataframe. Skipping...
2022-11-07 17:16:37 INFO     AutoFeaturizer: Featurizer type dos not in the dataframe. Skipping...
2022-11-07 17:16:37 INFO     AutoFeaturizer: Finished transforming.
2022-11-07 17:16:37 INFO     DataCleaner: Starting transforming.
2022-11-07 17:16:37 INFO     DataCleaner: Cleaning with respect to samples with sample na_method 'fill'
2022-11-07 17:16:37 INFO     DataCleaner: Replacing infinite values with nan for easier screening.
2022-11-07 17:16:37 INFO     DataCleaner: Before handling na: 391 samples, 134 features
2022-11-07 17:16:37 INFO     DataCleaner: 0 samples did not have target values. They were dropped.
2022-11-07 17:16:37 INFO     DataCleaner: After handling na: 391 samples, 134 features
2022-11-07 17:16:37 INFO     DataCleaner: Reordering columns...
2022-11-07 17:16:37 INFO     DataCleaner: Finished transforming.
