2022-11-07 16:58:13 INFO     AutoFeaturizer: Starting fitting.
2022-11-07 16:58:13 INFO     AutoFeaturizer: Compositions detected as strings. Attempting conversion to Composition objects...
2022-11-07 16:58:13 INFO     AutoFeaturizer: Guessing oxidation states of compositions, as they were not present in input.
2022-11-07 16:58:16 INFO     AutoFeaturizer: Featurizer type structure not in the dataframe to be fitted. Skipping...
2022-11-07 16:58:16 INFO     AutoFeaturizer: Featurizer type bandstructure not in the dataframe to be fitted. Skipping...
2022-11-07 16:58:16 INFO     AutoFeaturizer: Featurizer type dos not in the dataframe to be fitted. Skipping...
2022-11-07 16:58:16 INFO     AutoFeaturizer: Finished fitting.
2022-11-07 16:58:16 INFO     AutoFeaturizer: Starting transforming.
2022-11-07 16:58:16 INFO     AutoFeaturizer: Featurizing with ElementProperty.
2022-11-07 16:58:17 INFO     AutoFeaturizer: Featurizer type structure not in the dataframe. Skipping...
2022-11-07 16:58:17 INFO     AutoFeaturizer: Featurizer type bandstructure not in the dataframe. Skipping...
2022-11-07 16:58:17 INFO     AutoFeaturizer: Featurizer type dos not in the dataframe. Skipping...
2022-11-07 16:58:17 INFO     AutoFeaturizer: Finished transforming.
2022-11-07 16:58:17 INFO     DataCleaner: Starting fitting.
2022-11-07 16:58:17 INFO     DataCleaner: Cleaning with respect to samples with sample na_method 'drop'
2022-11-07 16:58:17 INFO     DataCleaner: Replacing infinite values with nan for easier screening.
2022-11-07 16:58:17 INFO     DataCleaner: Before handling na: 1566 samples, 134 features
2022-11-07 16:58:17 INFO     DataCleaner: 0 samples did not have target values. They were dropped.
2022-11-07 16:58:17 INFO     DataCleaner: Handling feature na by max na threshold of 0 with method 'drop'.
2022-11-07 16:58:17 INFO     DataCleaner: After handling na: 1566 samples, 134 features
2022-11-07 16:58:17 INFO     DataCleaner: Finished fitting.
2022-11-07 16:58:21 INFO     AutoFeaturizer: Starting transforming.
2022-11-07 16:58:21 INFO     AutoFeaturizer: Compositions detected as strings. Attempting conversion to Composition objects...
2022-11-07 16:58:21 INFO     AutoFeaturizer: Guessing oxidation states of compositions, as they were not present in input.
2022-11-07 16:58:23 INFO     AutoFeaturizer: Featurizing with ElementProperty.
2022-11-07 16:58:23 INFO     AutoFeaturizer: Featurizer type structure not in the dataframe. Skipping...
2022-11-07 16:58:23 INFO     AutoFeaturizer: Featurizer type bandstructure not in the dataframe. Skipping...
2022-11-07 16:58:23 INFO     AutoFeaturizer: Featurizer type dos not in the dataframe. Skipping...
2022-11-07 16:58:23 INFO     AutoFeaturizer: Finished transforming.
2022-11-07 16:58:23 INFO     DataCleaner: Starting transforming.
2022-11-07 16:58:23 INFO     DataCleaner: Cleaning with respect to samples with sample na_method 'fill'
2022-11-07 16:58:23 INFO     DataCleaner: Replacing infinite values with nan for easier screening.
2022-11-07 16:58:23 INFO     DataCleaner: Before handling na: 392 samples, 134 features
2022-11-07 16:58:23 INFO     DataCleaner: 0 samples did not have target values. They were dropped.
2022-11-07 16:58:23 INFO     DataCleaner: After handling na: 392 samples, 134 features
2022-11-07 16:58:23 INFO     DataCleaner: Reordering columns...
2022-11-07 16:58:23 INFO     DataCleaner: Finished transforming.
2022-11-07 16:58:24 INFO     AutoFeaturizer: Starting fitting.
2022-11-07 16:58:24 INFO     AutoFeaturizer: Compositions detected as strings. Attempting conversion to Composition objects...
2022-11-07 16:58:24 INFO     AutoFeaturizer: Guessing oxidation states of compositions, as they were not present in input.
2022-11-07 16:58:26 INFO     AutoFeaturizer: Featurizer type structure not in the dataframe to be fitted. Skipping...
2022-11-07 16:58:26 INFO     AutoFeaturizer: Featurizer type bandstructure not in the dataframe to be fitted. Skipping...
2022-11-07 16:58:26 INFO     AutoFeaturizer: Featurizer type dos not in the dataframe to be fitted. Skipping...
2022-11-07 16:58:26 INFO     AutoFeaturizer: Finished fitting.
2022-11-07 16:58:26 INFO     AutoFeaturizer: Starting transforming.
2022-11-07 16:58:26 INFO     AutoFeaturizer: Featurizing with ElementProperty.
2022-11-07 16:58:27 INFO     AutoFeaturizer: Featurizer type structure not in the dataframe. Skipping...
2022-11-07 16:58:27 INFO     AutoFeaturizer: Featurizer type bandstructure not in the dataframe. Skipping...
2022-11-07 16:58:27 INFO     AutoFeaturizer: Featurizer type dos not in the dataframe. Skipping...
2022-11-07 16:58:27 INFO     AutoFeaturizer: Finished transforming.
2022-11-07 16:58:27 INFO     DataCleaner: Starting fitting.
2022-11-07 16:58:27 INFO     DataCleaner: Cleaning with respect to samples with sample na_method 'drop'
2022-11-07 16:58:27 INFO     DataCleaner: Replacing infinite values with nan for easier screening.
2022-11-07 16:58:27 INFO     DataCleaner: Before handling na: 1566 samples, 134 features
2022-11-07 16:58:27 INFO     DataCleaner: 0 samples did not have target values. They were dropped.
2022-11-07 16:58:27 INFO     DataCleaner: Handling feature na by max na threshold of 0 with method 'drop'.
2022-11-07 16:58:27 INFO     DataCleaner: After handling na: 1566 samples, 134 features
2022-11-07 16:58:27 INFO     DataCleaner: Finished fitting.
2022-11-07 16:58:31 INFO     AutoFeaturizer: Starting transforming.
2022-11-07 16:58:31 INFO     AutoFeaturizer: Compositions detected as strings. Attempting conversion to Composition objects...
2022-11-07 16:58:32 INFO     AutoFeaturizer: Guessing oxidation states of compositions, as they were not present in input.
2022-11-07 16:58:34 INFO     AutoFeaturizer: Featurizing with ElementProperty.
2022-11-07 16:58:34 INFO     AutoFeaturizer: Featurizer type structure not in the dataframe. Skipping...
2022-11-07 16:58:34 INFO     AutoFeaturizer: Featurizer type bandstructure not in the dataframe. Skipping...
2022-11-07 16:58:34 INFO     AutoFeaturizer: Featurizer type dos not in the dataframe. Skipping...
2022-11-07 16:58:34 INFO     AutoFeaturizer: Finished transforming.
2022-11-07 16:58:34 INFO     DataCleaner: Starting transforming.
2022-11-07 16:58:34 INFO     DataCleaner: Cleaning with respect to samples with sample na_method 'fill'
2022-11-07 16:58:34 INFO     DataCleaner: Replacing infinite values with nan for easier screening.
2022-11-07 16:58:34 INFO     DataCleaner: Before handling na: 392 samples, 134 features
2022-11-07 16:58:34 INFO     DataCleaner: 0 samples did not have target values. They were dropped.
2022-11-07 16:58:34 INFO     DataCleaner: After handling na: 392 samples, 134 features
2022-11-07 16:58:34 INFO     DataCleaner: Reordering columns...
2022-11-07 16:58:34 INFO     DataCleaner: Finished transforming.
2022-11-07 16:58:34 INFO     AutoFeaturizer: Starting fitting.
2022-11-07 16:58:34 INFO     AutoFeaturizer: Compositions detected as strings. Attempting conversion to Composition objects...
2022-11-07 16:58:35 INFO     AutoFeaturizer: Guessing oxidation states of compositions, as they were not present in input.
2022-11-07 16:58:37 INFO     AutoFeaturizer: Featurizer type structure not in the dataframe to be fitted. Skipping...
2022-11-07 16:58:37 INFO     AutoFeaturizer: Featurizer type bandstructure not in the dataframe to be fitted. Skipping...
2022-11-07 16:58:37 INFO     AutoFeaturizer: Featurizer type dos not in the dataframe to be fitted. Skipping...
2022-11-07 16:58:37 INFO     AutoFeaturizer: Finished fitting.
2022-11-07 16:58:37 INFO     AutoFeaturizer: Starting transforming.
2022-11-07 16:58:37 INFO     AutoFeaturizer: Featurizing with ElementProperty.
2022-11-07 16:58:38 INFO     AutoFeaturizer: Featurizer type structure not in the dataframe. Skipping...
2022-11-07 16:58:38 INFO     AutoFeaturizer: Featurizer type bandstructure not in the dataframe. Skipping...
2022-11-07 16:58:38 INFO     AutoFeaturizer: Featurizer type dos not in the dataframe. Skipping...
2022-11-07 16:58:38 INFO     AutoFeaturizer: Finished transforming.
2022-11-07 16:58:38 INFO     DataCleaner: Starting fitting.
2022-11-07 16:58:38 INFO     DataCleaner: Cleaning with respect to samples with sample na_method 'drop'
2022-11-07 16:58:38 INFO     DataCleaner: Replacing infinite values with nan for easier screening.
2022-11-07 16:58:38 INFO     DataCleaner: Before handling na: 1566 samples, 134 features
2022-11-07 16:58:38 INFO     DataCleaner: 0 samples did not have target values. They were dropped.
2022-11-07 16:58:38 INFO     DataCleaner: Handling feature na by max na threshold of 0 with method 'drop'.
2022-11-07 16:58:38 INFO     DataCleaner: After handling na: 1566 samples, 134 features
2022-11-07 16:58:38 INFO     DataCleaner: Finished fitting.
2022-11-07 16:58:42 INFO     AutoFeaturizer: Starting transforming.
2022-11-07 16:58:42 INFO     AutoFeaturizer: Compositions detected as strings. Attempting conversion to Composition objects...
2022-11-07 16:58:43 INFO     AutoFeaturizer: Guessing oxidation states of compositions, as they were not present in input.
2022-11-07 16:58:45 INFO     AutoFeaturizer: Featurizing with ElementProperty.
2022-11-07 16:58:45 INFO     AutoFeaturizer: Featurizer type structure not in the dataframe. Skipping...
2022-11-07 16:58:45 INFO     AutoFeaturizer: Featurizer type bandstructure not in the dataframe. Skipping...
2022-11-07 16:58:45 INFO     AutoFeaturizer: Featurizer type dos not in the dataframe. Skipping...
2022-11-07 16:58:45 INFO     AutoFeaturizer: Finished transforming.
2022-11-07 16:58:45 INFO     DataCleaner: Starting transforming.
2022-11-07 16:58:45 INFO     DataCleaner: Cleaning with respect to samples with sample na_method 'fill'
2022-11-07 16:58:45 INFO     DataCleaner: Replacing infinite values with nan for easier screening.
2022-11-07 16:58:45 INFO     DataCleaner: Before handling na: 392 samples, 134 features
2022-11-07 16:58:45 INFO     DataCleaner: 0 samples did not have target values. They were dropped.
2022-11-07 16:58:45 INFO     DataCleaner: After handling na: 392 samples, 134 features
2022-11-07 16:58:45 INFO     DataCleaner: Reordering columns...
2022-11-07 16:58:45 INFO     DataCleaner: Finished transforming.
2022-11-07 16:58:45 INFO     AutoFeaturizer: Starting fitting.
2022-11-07 16:58:45 INFO     AutoFeaturizer: Compositions detected as strings. Attempting conversion to Composition objects...
2022-11-07 16:58:46 INFO     AutoFeaturizer: Guessing oxidation states of compositions, as they were not present in input.
2022-11-07 16:58:48 INFO     AutoFeaturizer: Featurizer type structure not in the dataframe to be fitted. Skipping...
2022-11-07 16:58:48 INFO     AutoFeaturizer: Featurizer type bandstructure not in the dataframe to be fitted. Skipping...
2022-11-07 16:58:48 INFO     AutoFeaturizer: Featurizer type dos not in the dataframe to be fitted. Skipping...
2022-11-07 16:58:48 INFO     AutoFeaturizer: Finished fitting.
2022-11-07 16:58:48 INFO     AutoFeaturizer: Starting transforming.
2022-11-07 16:58:48 INFO     AutoFeaturizer: Featurizing with ElementProperty.
2022-11-07 16:58:49 INFO     AutoFeaturizer: Featurizer type structure not in the dataframe. Skipping...
2022-11-07 16:58:49 INFO     AutoFeaturizer: Featurizer type bandstructure not in the dataframe. Skipping...
2022-11-07 16:58:49 INFO     AutoFeaturizer: Featurizer type dos not in the dataframe. Skipping...
2022-11-07 16:58:49 INFO     AutoFeaturizer: Finished transforming.
2022-11-07 16:58:49 INFO     DataCleaner: Starting fitting.
2022-11-07 16:58:49 INFO     DataCleaner: Cleaning with respect to samples with sample na_method 'drop'
2022-11-07 16:58:49 INFO     DataCleaner: Replacing infinite values with nan for easier screening.
2022-11-07 16:58:49 INFO     DataCleaner: Before handling na: 1567 samples, 134 features
2022-11-07 16:58:49 INFO     DataCleaner: 0 samples did not have target values. They were dropped.
2022-11-07 16:58:49 INFO     DataCleaner: Handling feature na by max na threshold of 0 with method 'drop'.
2022-11-07 16:58:49 INFO     DataCleaner: After handling na: 1567 samples, 134 features
2022-11-07 16:58:49 INFO     DataCleaner: Finished fitting.
2022-11-07 16:58:54 INFO     AutoFeaturizer: Starting transforming.
2022-11-07 16:58:54 INFO     AutoFeaturizer: Compositions detected as strings. Attempting conversion to Composition objects...
2022-11-07 16:58:54 INFO     AutoFeaturizer: Guessing oxidation states of compositions, as they were not present in input.
2022-11-07 16:58:56 INFO     AutoFeaturizer: Featurizing with ElementProperty.
2022-11-07 16:58:56 INFO     AutoFeaturizer: Featurizer type structure not in the dataframe. Skipping...
2022-11-07 16:58:56 INFO     AutoFeaturizer: Featurizer type bandstructure not in the dataframe. Skipping...
2022-11-07 16:58:56 INFO     AutoFeaturizer: Featurizer type dos not in the dataframe. Skipping...
2022-11-07 16:58:56 INFO     AutoFeaturizer: Finished transforming.
2022-11-07 16:58:56 INFO     DataCleaner: Starting transforming.
2022-11-07 16:58:56 INFO     DataCleaner: Cleaning with respect to samples with sample na_method 'fill'
2022-11-07 16:58:56 INFO     DataCleaner: Replacing infinite values with nan for easier screening.
2022-11-07 16:58:56 INFO     DataCleaner: Before handling na: 391 samples, 134 features
2022-11-07 16:58:56 INFO     DataCleaner: 0 samples did not have target values. They were dropped.
2022-11-07 16:58:56 INFO     DataCleaner: After handling na: 391 samples, 134 features
2022-11-07 16:58:56 INFO     DataCleaner: Reordering columns...
2022-11-07 16:58:56 INFO     DataCleaner: Finished transforming.
2022-11-07 16:58:56 INFO     AutoFeaturizer: Starting fitting.
2022-11-07 16:58:56 INFO     AutoFeaturizer: Compositions detected as strings. Attempting conversion to Composition objects...
2022-11-07 16:58:57 INFO     AutoFeaturizer: Guessing oxidation states of compositions, as they were not present in input.
2022-11-07 16:58:59 INFO     AutoFeaturizer: Featurizer type structure not in the dataframe to be fitted. Skipping...
2022-11-07 16:58:59 INFO     AutoFeaturizer: Featurizer type bandstructure not in the dataframe to be fitted. Skipping...
2022-11-07 16:58:59 INFO     AutoFeaturizer: Featurizer type dos not in the dataframe to be fitted. Skipping...
2022-11-07 16:58:59 INFO     AutoFeaturizer: Finished fitting.
2022-11-07 16:58:59 INFO     AutoFeaturizer: Starting transforming.
2022-11-07 16:58:59 INFO     AutoFeaturizer: Featurizing with ElementProperty.
2022-11-07 16:59:00 INFO     AutoFeaturizer: Featurizer type structure not in the dataframe. Skipping...
2022-11-07 16:59:00 INFO     AutoFeaturizer: Featurizer type bandstructure not in the dataframe. Skipping...
2022-11-07 16:59:00 INFO     AutoFeaturizer: Featurizer type dos not in the dataframe. Skipping...
2022-11-07 16:59:00 INFO     AutoFeaturizer: Finished transforming.
2022-11-07 16:59:00 INFO     DataCleaner: Starting fitting.
2022-11-07 16:59:00 INFO     DataCleaner: Cleaning with respect to samples with sample na_method 'drop'
2022-11-07 16:59:00 INFO     DataCleaner: Replacing infinite values with nan for easier screening.
2022-11-07 16:59:00 INFO     DataCleaner: Before handling na: 1567 samples, 134 features
2022-11-07 16:59:00 INFO     DataCleaner: 0 samples did not have target values. They were dropped.
2022-11-07 16:59:00 INFO     DataCleaner: Handling feature na by max na threshold of 0 with method 'drop'.
2022-11-07 16:59:00 INFO     DataCleaner: After handling na: 1567 samples, 134 features
2022-11-07 16:59:00 INFO     DataCleaner: Finished fitting.
2022-11-07 16:59:04 INFO     AutoFeaturizer: Starting transforming.
2022-11-07 16:59:04 INFO     AutoFeaturizer: Compositions detected as strings. Attempting conversion to Composition objects...
2022-11-07 16:59:05 INFO     AutoFeaturizer: Guessing oxidation states of compositions, as they were not present in input.
2022-11-07 16:59:06 INFO     AutoFeaturizer: Featurizing with ElementProperty.
2022-11-07 16:59:07 INFO     AutoFeaturizer: Featurizer type structure not in the dataframe. Skipping...
2022-11-07 16:59:07 INFO     AutoFeaturizer: Featurizer type bandstructure not in the dataframe. Skipping...
2022-11-07 16:59:07 INFO     AutoFeaturizer: Featurizer type dos not in the dataframe. Skipping...
2022-11-07 16:59:07 INFO     AutoFeaturizer: Finished transforming.
2022-11-07 16:59:07 INFO     DataCleaner: Starting transforming.
2022-11-07 16:59:07 INFO     DataCleaner: Cleaning with respect to samples with sample na_method 'fill'
2022-11-07 16:59:07 INFO     DataCleaner: Replacing infinite values with nan for easier screening.
2022-11-07 16:59:07 INFO     DataCleaner: Before handling na: 391 samples, 134 features
2022-11-07 16:59:07 INFO     DataCleaner: 0 samples did not have target values. They were dropped.
2022-11-07 16:59:07 INFO     DataCleaner: After handling na: 391 samples, 134 features
2022-11-07 16:59:07 INFO     DataCleaner: Reordering columns...
2022-11-07 16:59:07 INFO     DataCleaner: Finished transforming.
