2022-11-07 16:57:00 INFO     AutoFeaturizer: Starting fitting.
2022-11-07 16:57:00 INFO     AutoFeaturizer: Compositions detected as strings. Attempting conversion to Composition objects...
2022-11-07 16:57:00 INFO     AutoFeaturizer: Guessing oxidation states of compositions, as they were not present in input.
2022-11-07 16:57:03 INFO     AutoFeaturizer: Featurizer type structure not in the dataframe to be fitted. Skipping...
2022-11-07 16:57:03 INFO     AutoFeaturizer: Featurizer type bandstructure not in the dataframe to be fitted. Skipping...
2022-11-07 16:57:03 INFO     AutoFeaturizer: Featurizer type dos not in the dataframe to be fitted. Skipping...
2022-11-07 16:57:03 INFO     AutoFeaturizer: Finished fitting.
2022-11-07 16:57:03 INFO     AutoFeaturizer: Starting transforming.
2022-11-07 16:57:03 INFO     AutoFeaturizer: Featurizing with ElementProperty.
2022-11-07 16:57:04 INFO     AutoFeaturizer: Featurizer type structure not in the dataframe. Skipping...
2022-11-07 16:57:04 INFO     AutoFeaturizer: Featurizer type bandstructure not in the dataframe. Skipping...
2022-11-07 16:57:04 INFO     AutoFeaturizer: Featurizer type dos not in the dataframe. Skipping...
2022-11-07 16:57:04 INFO     AutoFeaturizer: Finished transforming.
2022-11-07 16:57:04 INFO     DataCleaner: Starting fitting.
2022-11-07 16:57:04 INFO     DataCleaner: Cleaning with respect to samples with sample na_method 'drop'
2022-11-07 16:57:04 INFO     DataCleaner: Replacing infinite values with nan for easier screening.
2022-11-07 16:57:04 INFO     DataCleaner: Before handling na: 1566 samples, 134 features
2022-11-07 16:57:04 INFO     DataCleaner: 0 samples did not have target values. They were dropped.
2022-11-07 16:57:04 INFO     DataCleaner: Handling feature na by max na threshold of 0 with method 'drop'.
2022-11-07 16:57:04 INFO     DataCleaner: After handling na: 1566 samples, 134 features
2022-11-07 16:57:04 INFO     DataCleaner: Finished fitting.
2022-11-07 16:57:08 INFO     AutoFeaturizer: Starting transforming.
2022-11-07 16:57:08 INFO     AutoFeaturizer: Compositions detected as strings. Attempting conversion to Composition objects...
2022-11-07 16:57:09 INFO     AutoFeaturizer: Guessing oxidation states of compositions, as they were not present in input.
2022-11-07 16:57:10 INFO     AutoFeaturizer: Featurizing with ElementProperty.
2022-11-07 16:57:11 INFO     AutoFeaturizer: Featurizer type structure not in the dataframe. Skipping...
2022-11-07 16:57:11 INFO     AutoFeaturizer: Featurizer type bandstructure not in the dataframe. Skipping...
2022-11-07 16:57:11 INFO     AutoFeaturizer: Featurizer type dos not in the dataframe. Skipping...
2022-11-07 16:57:11 INFO     AutoFeaturizer: Finished transforming.
2022-11-07 16:57:11 INFO     DataCleaner: Starting transforming.
2022-11-07 16:57:11 INFO     DataCleaner: Cleaning with respect to samples with sample na_method 'fill'
2022-11-07 16:57:11 INFO     DataCleaner: Replacing infinite values with nan for easier screening.
2022-11-07 16:57:11 INFO     DataCleaner: Before handling na: 392 samples, 134 features
2022-11-07 16:57:11 INFO     DataCleaner: 0 samples did not have target values. They were dropped.
2022-11-07 16:57:11 INFO     DataCleaner: After handling na: 392 samples, 134 features
2022-11-07 16:57:11 INFO     DataCleaner: Reordering columns...
2022-11-07 16:57:11 INFO     DataCleaner: Finished transforming.
2022-11-07 16:57:11 INFO     AutoFeaturizer: Starting fitting.
2022-11-07 16:57:11 INFO     AutoFeaturizer: Compositions detected as strings. Attempting conversion to Composition objects...
2022-11-07 16:57:11 INFO     AutoFeaturizer: Guessing oxidation states of compositions, as they were not present in input.
2022-11-07 16:57:13 INFO     AutoFeaturizer: Featurizer type structure not in the dataframe to be fitted. Skipping...
2022-11-07 16:57:13 INFO     AutoFeaturizer: Featurizer type bandstructure not in the dataframe to be fitted. Skipping...
2022-11-07 16:57:13 INFO     AutoFeaturizer: Featurizer type dos not in the dataframe to be fitted. Skipping...
2022-11-07 16:57:13 INFO     AutoFeaturizer: Finished fitting.
2022-11-07 16:57:13 INFO     AutoFeaturizer: Starting transforming.
2022-11-07 16:57:13 INFO     AutoFeaturizer: Featurizing with ElementProperty.
2022-11-07 16:57:14 INFO     AutoFeaturizer: Featurizer type structure not in the dataframe. Skipping...
2022-11-07 16:57:14 INFO     AutoFeaturizer: Featurizer type bandstructure not in the dataframe. Skipping...
2022-11-07 16:57:14 INFO     AutoFeaturizer: Featurizer type dos not in the dataframe. Skipping...
2022-11-07 16:57:14 INFO     AutoFeaturizer: Finished transforming.
2022-11-07 16:57:14 INFO     DataCleaner: Starting fitting.
2022-11-07 16:57:14 INFO     DataCleaner: Cleaning with respect to samples with sample na_method 'drop'
2022-11-07 16:57:14 INFO     DataCleaner: Replacing infinite values with nan for easier screening.
2022-11-07 16:57:14 INFO     DataCleaner: Before handling na: 1566 samples, 134 features
2022-11-07 16:57:14 INFO     DataCleaner: 0 samples did not have target values. They were dropped.
2022-11-07 16:57:14 INFO     DataCleaner: Handling feature na by max na threshold of 0 with method 'drop'.
2022-11-07 16:57:14 INFO     DataCleaner: After handling na: 1566 samples, 134 features
2022-11-07 16:57:14 INFO     DataCleaner: Finished fitting.
2022-11-07 16:57:19 INFO     AutoFeaturizer: Starting transforming.
2022-11-07 16:57:19 INFO     AutoFeaturizer: Compositions detected as strings. Attempting conversion to Composition objects...
2022-11-07 16:57:19 INFO     AutoFeaturizer: Guessing oxidation states of compositions, as they were not present in input.
2022-11-07 16:57:21 INFO     AutoFeaturizer: Featurizing with ElementProperty.
2022-11-07 16:57:21 INFO     AutoFeaturizer: Featurizer type structure not in the dataframe. Skipping...
2022-11-07 16:57:21 INFO     AutoFeaturizer: Featurizer type bandstructure not in the dataframe. Skipping...
2022-11-07 16:57:21 INFO     AutoFeaturizer: Featurizer type dos not in the dataframe. Skipping...
2022-11-07 16:57:21 INFO     AutoFeaturizer: Finished transforming.
2022-11-07 16:57:21 INFO     DataCleaner: Starting transforming.
2022-11-07 16:57:21 INFO     DataCleaner: Cleaning with respect to samples with sample na_method 'fill'
2022-11-07 16:57:21 INFO     DataCleaner: Replacing infinite values with nan for easier screening.
2022-11-07 16:57:21 INFO     DataCleaner: Before handling na: 392 samples, 134 features
2022-11-07 16:57:21 INFO     DataCleaner: 0 samples did not have target values. They were dropped.
2022-11-07 16:57:21 INFO     DataCleaner: After handling na: 392 samples, 134 features
2022-11-07 16:57:21 INFO     DataCleaner: Reordering columns...
2022-11-07 16:57:21 INFO     DataCleaner: Finished transforming.
2022-11-07 16:57:22 INFO     AutoFeaturizer: Starting fitting.
2022-11-07 16:57:22 INFO     AutoFeaturizer: Compositions detected as strings. Attempting conversion to Composition objects...
2022-11-07 16:57:22 INFO     AutoFeaturizer: Guessing oxidation states of compositions, as they were not present in input.
2022-11-07 16:57:24 INFO     AutoFeaturizer: Featurizer type structure not in the dataframe to be fitted. Skipping...
2022-11-07 16:57:24 INFO     AutoFeaturizer: Featurizer type bandstructure not in the dataframe to be fitted. Skipping...
2022-11-07 16:57:24 INFO     AutoFeaturizer: Featurizer type dos not in the dataframe to be fitted. Skipping...
2022-11-07 16:57:24 INFO     AutoFeaturizer: Finished fitting.
2022-11-07 16:57:24 INFO     AutoFeaturizer: Starting transforming.
2022-11-07 16:57:24 INFO     AutoFeaturizer: Featurizing with ElementProperty.
2022-11-07 16:57:25 INFO     AutoFeaturizer: Featurizer type structure not in the dataframe. Skipping...
2022-11-07 16:57:25 INFO     AutoFeaturizer: Featurizer type bandstructure not in the dataframe. Skipping...
2022-11-07 16:57:25 INFO     AutoFeaturizer: Featurizer type dos not in the dataframe. Skipping...
2022-11-07 16:57:25 INFO     AutoFeaturizer: Finished transforming.
2022-11-07 16:57:25 INFO     DataCleaner: Starting fitting.
2022-11-07 16:57:25 INFO     DataCleaner: Cleaning with respect to samples with sample na_method 'drop'
2022-11-07 16:57:25 INFO     DataCleaner: Replacing infinite values with nan for easier screening.
2022-11-07 16:57:25 INFO     DataCleaner: Before handling na: 1566 samples, 134 features
2022-11-07 16:57:25 INFO     DataCleaner: 0 samples did not have target values. They were dropped.
2022-11-07 16:57:25 INFO     DataCleaner: Handling feature na by max na threshold of 0 with method 'drop'.
2022-11-07 16:57:25 INFO     DataCleaner: After handling na: 1566 samples, 134 features
2022-11-07 16:57:25 INFO     DataCleaner: Finished fitting.
2022-11-07 16:57:29 INFO     AutoFeaturizer: Starting transforming.
2022-11-07 16:57:29 INFO     AutoFeaturizer: Compositions detected as strings. Attempting conversion to Composition objects...
2022-11-07 16:57:30 INFO     AutoFeaturizer: Guessing oxidation states of compositions, as they were not present in input.
2022-11-07 16:57:32 INFO     AutoFeaturizer: Featurizing with ElementProperty.
2022-11-07 16:57:33 INFO     AutoFeaturizer: Featurizer type structure not in the dataframe. Skipping...
2022-11-07 16:57:33 INFO     AutoFeaturizer: Featurizer type bandstructure not in the dataframe. Skipping...
2022-11-07 16:57:33 INFO     AutoFeaturizer: Featurizer type dos not in the dataframe. Skipping...
2022-11-07 16:57:33 INFO     AutoFeaturizer: Finished transforming.
2022-11-07 16:57:33 INFO     DataCleaner: Starting transforming.
2022-11-07 16:57:33 INFO     DataCleaner: Cleaning with respect to samples with sample na_method 'fill'
2022-11-07 16:57:33 INFO     DataCleaner: Replacing infinite values with nan for easier screening.
2022-11-07 16:57:33 INFO     DataCleaner: Before handling na: 392 samples, 134 features
2022-11-07 16:57:33 INFO     DataCleaner: 0 samples did not have target values. They were dropped.
2022-11-07 16:57:33 INFO     DataCleaner: After handling na: 392 samples, 134 features
2022-11-07 16:57:33 INFO     DataCleaner: Reordering columns...
2022-11-07 16:57:33 INFO     DataCleaner: Finished transforming.
2022-11-07 16:57:33 INFO     AutoFeaturizer: Starting fitting.
2022-11-07 16:57:33 INFO     AutoFeaturizer: Compositions detected as strings. Attempting conversion to Composition objects...
2022-11-07 16:57:33 INFO     AutoFeaturizer: Guessing oxidation states of compositions, as they were not present in input.
2022-11-07 16:57:36 INFO     AutoFeaturizer: Featurizer type structure not in the dataframe to be fitted. Skipping...
2022-11-07 16:57:36 INFO     AutoFeaturizer: Featurizer type bandstructure not in the dataframe to be fitted. Skipping...
2022-11-07 16:57:36 INFO     AutoFeaturizer: Featurizer type dos not in the dataframe to be fitted. Skipping...
2022-11-07 16:57:36 INFO     AutoFeaturizer: Finished fitting.
2022-11-07 16:57:36 INFO     AutoFeaturizer: Starting transforming.
2022-11-07 16:57:36 INFO     AutoFeaturizer: Featurizing with ElementProperty.
2022-11-07 16:57:37 INFO     AutoFeaturizer: Featurizer type structure not in the dataframe. Skipping...
2022-11-07 16:57:37 INFO     AutoFeaturizer: Featurizer type bandstructure not in the dataframe. Skipping...
2022-11-07 16:57:37 INFO     AutoFeaturizer: Featurizer type dos not in the dataframe. Skipping...
2022-11-07 16:57:37 INFO     AutoFeaturizer: Finished transforming.
2022-11-07 16:57:37 INFO     DataCleaner: Starting fitting.
2022-11-07 16:57:37 INFO     DataCleaner: Cleaning with respect to samples with sample na_method 'drop'
2022-11-07 16:57:37 INFO     DataCleaner: Replacing infinite values with nan for easier screening.
2022-11-07 16:57:37 INFO     DataCleaner: Before handling na: 1567 samples, 134 features
2022-11-07 16:57:37 INFO     DataCleaner: 0 samples did not have target values. They were dropped.
2022-11-07 16:57:37 INFO     DataCleaner: Handling feature na by max na threshold of 0 with method 'drop'.
2022-11-07 16:57:37 INFO     DataCleaner: After handling na: 1567 samples, 134 features
2022-11-07 16:57:37 INFO     DataCleaner: Finished fitting.
2022-11-07 16:57:41 INFO     AutoFeaturizer: Starting transforming.
2022-11-07 16:57:41 INFO     AutoFeaturizer: Compositions detected as strings. Attempting conversion to Composition objects...
2022-11-07 16:57:42 INFO     AutoFeaturizer: Guessing oxidation states of compositions, as they were not present in input.
2022-11-07 16:57:43 INFO     AutoFeaturizer: Featurizing with ElementProperty.
2022-11-07 16:57:44 INFO     AutoFeaturizer: Featurizer type structure not in the dataframe. Skipping...
2022-11-07 16:57:44 INFO     AutoFeaturizer: Featurizer type bandstructure not in the dataframe. Skipping...
2022-11-07 16:57:44 INFO     AutoFeaturizer: Featurizer type dos not in the dataframe. Skipping...
2022-11-07 16:57:44 INFO     AutoFeaturizer: Finished transforming.
2022-11-07 16:57:44 INFO     DataCleaner: Starting transforming.
2022-11-07 16:57:44 INFO     DataCleaner: Cleaning with respect to samples with sample na_method 'fill'
2022-11-07 16:57:44 INFO     DataCleaner: Replacing infinite values with nan for easier screening.
2022-11-07 16:57:44 INFO     DataCleaner: Before handling na: 391 samples, 134 features
2022-11-07 16:57:44 INFO     DataCleaner: 0 samples did not have target values. They were dropped.
2022-11-07 16:57:44 INFO     DataCleaner: After handling na: 391 samples, 134 features
2022-11-07 16:57:44 INFO     DataCleaner: Reordering columns...
2022-11-07 16:57:44 INFO     DataCleaner: Finished transforming.
2022-11-07 16:57:44 INFO     AutoFeaturizer: Starting fitting.
2022-11-07 16:57:44 INFO     AutoFeaturizer: Compositions detected as strings. Attempting conversion to Composition objects...
2022-11-07 16:57:45 INFO     AutoFeaturizer: Guessing oxidation states of compositions, as they were not present in input.
2022-11-07 16:57:47 INFO     AutoFeaturizer: Featurizer type structure not in the dataframe to be fitted. Skipping...
2022-11-07 16:57:47 INFO     AutoFeaturizer: Featurizer type bandstructure not in the dataframe to be fitted. Skipping...
2022-11-07 16:57:47 INFO     AutoFeaturizer: Featurizer type dos not in the dataframe to be fitted. Skipping...
2022-11-07 16:57:47 INFO     AutoFeaturizer: Finished fitting.
2022-11-07 16:57:47 INFO     AutoFeaturizer: Starting transforming.
2022-11-07 16:57:47 INFO     AutoFeaturizer: Featurizing with ElementProperty.
2022-11-07 16:57:48 INFO     AutoFeaturizer: Featurizer type structure not in the dataframe. Skipping...
2022-11-07 16:57:48 INFO     AutoFeaturizer: Featurizer type bandstructure not in the dataframe. Skipping...
2022-11-07 16:57:48 INFO     AutoFeaturizer: Featurizer type dos not in the dataframe. Skipping...
2022-11-07 16:57:48 INFO     AutoFeaturizer: Finished transforming.
2022-11-07 16:57:48 INFO     DataCleaner: Starting fitting.
2022-11-07 16:57:48 INFO     DataCleaner: Cleaning with respect to samples with sample na_method 'drop'
2022-11-07 16:57:48 INFO     DataCleaner: Replacing infinite values with nan for easier screening.
2022-11-07 16:57:48 INFO     DataCleaner: Before handling na: 1567 samples, 134 features
2022-11-07 16:57:48 INFO     DataCleaner: 0 samples did not have target values. They were dropped.
2022-11-07 16:57:48 INFO     DataCleaner: Handling feature na by max na threshold of 0 with method 'drop'.
2022-11-07 16:57:48 INFO     DataCleaner: After handling na: 1567 samples, 134 features
2022-11-07 16:57:48 INFO     DataCleaner: Finished fitting.
2022-11-07 16:57:52 INFO     AutoFeaturizer: Starting transforming.
2022-11-07 16:57:52 INFO     AutoFeaturizer: Compositions detected as strings. Attempting conversion to Composition objects...
2022-11-07 16:57:53 INFO     AutoFeaturizer: Guessing oxidation states of compositions, as they were not present in input.
2022-11-07 16:57:54 INFO     AutoFeaturizer: Featurizing with ElementProperty.
2022-11-07 16:57:55 INFO     AutoFeaturizer: Featurizer type structure not in the dataframe. Skipping...
2022-11-07 16:57:55 INFO     AutoFeaturizer: Featurizer type bandstructure not in the dataframe. Skipping...
2022-11-07 16:57:55 INFO     AutoFeaturizer: Featurizer type dos not in the dataframe. Skipping...
2022-11-07 16:57:55 INFO     AutoFeaturizer: Finished transforming.
2022-11-07 16:57:55 INFO     DataCleaner: Starting transforming.
2022-11-07 16:57:55 INFO     DataCleaner: Cleaning with respect to samples with sample na_method 'fill'
2022-11-07 16:57:55 INFO     DataCleaner: Replacing infinite values with nan for easier screening.
2022-11-07 16:57:55 INFO     DataCleaner: Before handling na: 391 samples, 134 features
2022-11-07 16:57:55 INFO     DataCleaner: 0 samples did not have target values. They were dropped.
2022-11-07 16:57:55 INFO     DataCleaner: After handling na: 391 samples, 134 features
2022-11-07 16:57:55 INFO     DataCleaner: Reordering columns...
2022-11-07 16:57:55 INFO     DataCleaner: Finished transforming.
