2022-11-07 17:18:38 INFO     AutoFeaturizer: Starting fitting.
2022-11-07 17:18:38 INFO     AutoFeaturizer: Compositions detected as strings. Attempting conversion to Composition objects...
2022-11-07 17:18:38 INFO     AutoFeaturizer: Guessing oxidation states of compositions, as they were not present in input.
2022-11-07 17:18:41 INFO     AutoFeaturizer: Will remove YangSolidSolution because it's fraction passing the precheck for this dataset (0.19157088122605365) was less than the minimum (0.9)
2022-11-07 17:18:41 INFO     AutoFeaturizer: Will remove Miedema because it's fraction passing the precheck for this dataset (0.19157088122605365) was less than the minimum (0.9)
2022-11-07 17:18:41 INFO     AutoFeaturizer: Featurizer type structure not in the dataframe to be fitted. Skipping...
2022-11-07 17:18:41 INFO     AutoFeaturizer: Featurizer type bandstructure not in the dataframe to be fitted. Skipping...
2022-11-07 17:18:41 INFO     AutoFeaturizer: Featurizer type dos not in the dataframe to be fitted. Skipping...
2022-11-07 17:18:41 INFO     AutoFeaturizer: Finished fitting.
2022-11-07 17:18:41 INFO     AutoFeaturizer: Starting transforming.
2022-11-07 17:18:41 INFO     AutoFeaturizer: Featurizing with AtomicPackingEfficiency.
2022-11-07 17:19:57 INFO     AutoFeaturizer: Featurizing with ElementProperty.
2022-11-07 17:19:58 INFO     AutoFeaturizer: Featurizing with OxidationStates.
2022-11-07 17:19:59 INFO     AutoFeaturizer: Featurizing with ElectronAffinity.
2022-11-07 17:19:59 INFO     AutoFeaturizer: Featurizing with IonProperty.
2022-11-07 17:20:00 INFO     AutoFeaturizer: Featurizer type structure not in the dataframe. Skipping...
2022-11-07 17:20:00 INFO     AutoFeaturizer: Featurizer type bandstructure not in the dataframe. Skipping...
2022-11-07 17:20:00 INFO     AutoFeaturizer: Featurizer type dos not in the dataframe. Skipping...
2022-11-07 17:20:00 INFO     AutoFeaturizer: Finished transforming.
2022-11-07 17:20:00 INFO     DataCleaner: Starting fitting.
2022-11-07 17:20:00 INFO     DataCleaner: Cleaning with respect to samples with sample na_method 'drop'
2022-11-07 17:20:00 INFO     DataCleaner: Replacing infinite values with nan for easier screening.
2022-11-07 17:20:00 INFO     DataCleaner: Before handling na: 1566 samples, 147 features
2022-11-07 17:20:00 INFO     DataCleaner: 0 samples did not have target values. They were dropped.
2022-11-07 17:20:00 INFO     DataCleaner: Handling feature na by max na threshold of 0 with method 'drop'.
2022-11-07 17:20:00 INFO     DataCleaner: These 10 features were removed as they had more than 0% missing values: {'mean abs simul. packing efficiency', 'std_dev oxidation state', 'mean simul. packing efficiency', 'avg ionic char', 'minimum oxidation state', 'avg anion electron affinity', 'maximum oxidation state', 'compound possible', 'range oxidation state', 'max ionic char'}
2022-11-07 17:20:00 INFO     DataCleaner: After handling na: 1566 samples, 137 features
2022-11-07 17:20:00 INFO     DataCleaner: Finished fitting.
2022-11-07 17:20:05 INFO     AutoFeaturizer: Starting transforming.
2022-11-07 17:20:05 INFO     AutoFeaturizer: Compositions detected as strings. Attempting conversion to Composition objects...
2022-11-07 17:20:05 INFO     AutoFeaturizer: Guessing oxidation states of compositions, as they were not present in input.
2022-11-07 17:20:07 INFO     AutoFeaturizer: Featurizing with AtomicPackingEfficiency.
2022-11-07 17:20:26 INFO     AutoFeaturizer: Featurizing with ElementProperty.
2022-11-07 17:20:27 INFO     AutoFeaturizer: Featurizing with OxidationStates.
2022-11-07 17:20:27 INFO     AutoFeaturizer: Featurizing with ElectronAffinity.
2022-11-07 17:20:28 INFO     AutoFeaturizer: Featurizing with IonProperty.
2022-11-07 17:20:29 INFO     AutoFeaturizer: Featurizer type structure not in the dataframe. Skipping...
2022-11-07 17:20:29 INFO     AutoFeaturizer: Featurizer type bandstructure not in the dataframe. Skipping...
2022-11-07 17:20:29 INFO     AutoFeaturizer: Featurizer type dos not in the dataframe. Skipping...
2022-11-07 17:20:29 INFO     AutoFeaturizer: Finished transforming.
2022-11-07 17:20:29 INFO     DataCleaner: Starting transforming.
2022-11-07 17:20:29 INFO     DataCleaner: Cleaning with respect to samples with sample na_method 'fill'
2022-11-07 17:20:29 INFO     DataCleaner: Replacing infinite values with nan for easier screening.
2022-11-07 17:20:29 INFO     DataCleaner: Before handling na: 392 samples, 147 features
2022-11-07 17:20:29 INFO     DataCleaner: 0 samples did not have target values. They were dropped.
2022-11-07 17:20:29 WARNING  DataCleaner: Mismatched columns found in dataframe used for fitting and argument dataframe.
2022-11-07 17:20:29 WARNING  DataCleaner: Coercing mismatched columns...
2022-11-07 17:20:29 WARNING  DataCleaner: Following columns are being dropped:
['mean simul. packing efficiency', 'mean abs simul. packing efficiency', 'minimum oxidation state', 'maximum oxidation state', 'range oxidation state', 'std_dev oxidation state', 'avg anion electron affinity', 'compound possible', 'max ionic char', 'avg ionic char']
2022-11-07 17:20:29 INFO     DataCleaner: After handling na: 392 samples, 137 features
2022-11-07 17:20:29 INFO     DataCleaner: Reordering columns...
2022-11-07 17:20:29 INFO     DataCleaner: Finished transforming.
2022-11-07 17:20:29 INFO     AutoFeaturizer: Starting fitting.
2022-11-07 17:20:29 INFO     AutoFeaturizer: Compositions detected as strings. Attempting conversion to Composition objects...
2022-11-07 17:20:30 INFO     AutoFeaturizer: Guessing oxidation states of compositions, as they were not present in input.
2022-11-07 17:20:32 INFO     AutoFeaturizer: Will remove YangSolidSolution because it's fraction passing the precheck for this dataset (0.20242656449553) was less than the minimum (0.9)
2022-11-07 17:20:32 INFO     AutoFeaturizer: Will remove Miedema because it's fraction passing the precheck for this dataset (0.20242656449553) was less than the minimum (0.9)
2022-11-07 17:20:32 INFO     AutoFeaturizer: Featurizer type structure not in the dataframe to be fitted. Skipping...
2022-11-07 17:20:32 INFO     AutoFeaturizer: Featurizer type bandstructure not in the dataframe to be fitted. Skipping...
2022-11-07 17:20:32 INFO     AutoFeaturizer: Featurizer type dos not in the dataframe to be fitted. Skipping...
2022-11-07 17:20:32 INFO     AutoFeaturizer: Finished fitting.
2022-11-07 17:20:32 INFO     AutoFeaturizer: Starting transforming.
2022-11-07 17:20:32 INFO     AutoFeaturizer: Featurizing with AtomicPackingEfficiency.
2022-11-07 17:21:53 INFO     AutoFeaturizer: Featurizing with ElementProperty.
2022-11-07 17:21:55 INFO     AutoFeaturizer: Featurizing with OxidationStates.
2022-11-07 17:21:55 INFO     AutoFeaturizer: Featurizing with ElectronAffinity.
2022-11-07 17:21:56 INFO     AutoFeaturizer: Featurizing with IonProperty.
2022-11-07 17:21:57 INFO     AutoFeaturizer: Featurizer type structure not in the dataframe. Skipping...
2022-11-07 17:21:57 INFO     AutoFeaturizer: Featurizer type bandstructure not in the dataframe. Skipping...
2022-11-07 17:21:57 INFO     AutoFeaturizer: Featurizer type dos not in the dataframe. Skipping...
2022-11-07 17:21:57 INFO     AutoFeaturizer: Finished transforming.
2022-11-07 17:21:57 INFO     DataCleaner: Starting fitting.
2022-11-07 17:21:57 INFO     DataCleaner: Cleaning with respect to samples with sample na_method 'drop'
2022-11-07 17:21:57 INFO     DataCleaner: Replacing infinite values with nan for easier screening.
2022-11-07 17:21:57 INFO     DataCleaner: Before handling na: 1566 samples, 147 features
2022-11-07 17:21:57 INFO     DataCleaner: 0 samples did not have target values. They were dropped.
2022-11-07 17:21:57 INFO     DataCleaner: Handling feature na by max na threshold of 0 with method 'drop'.
2022-11-07 17:21:57 INFO     DataCleaner: These 10 features were removed as they had more than 0% missing values: {'mean abs simul. packing efficiency', 'std_dev oxidation state', 'mean simul. packing efficiency', 'avg ionic char', 'minimum oxidation state', 'avg anion electron affinity', 'maximum oxidation state', 'compound possible', 'range oxidation state', 'max ionic char'}
2022-11-07 17:21:57 INFO     DataCleaner: After handling na: 1566 samples, 137 features
2022-11-07 17:21:57 INFO     DataCleaner: Finished fitting.
2022-11-07 17:22:02 INFO     AutoFeaturizer: Starting transforming.
2022-11-07 17:22:02 INFO     AutoFeaturizer: Compositions detected as strings. Attempting conversion to Composition objects...
2022-11-07 17:22:02 INFO     AutoFeaturizer: Guessing oxidation states of compositions, as they were not present in input.
2022-11-07 17:22:04 INFO     AutoFeaturizer: Featurizing with AtomicPackingEfficiency.
2022-11-07 17:22:27 INFO     AutoFeaturizer: Featurizing with ElementProperty.
2022-11-07 17:22:27 INFO     AutoFeaturizer: Featurizing with OxidationStates.
2022-11-07 17:22:28 INFO     AutoFeaturizer: Featurizing with ElectronAffinity.
2022-11-07 17:22:28 INFO     AutoFeaturizer: Featurizing with IonProperty.
2022-11-07 17:22:30 INFO     AutoFeaturizer: Featurizer type structure not in the dataframe. Skipping...
2022-11-07 17:22:30 INFO     AutoFeaturizer: Featurizer type bandstructure not in the dataframe. Skipping...
2022-11-07 17:22:30 INFO     AutoFeaturizer: Featurizer type dos not in the dataframe. Skipping...
2022-11-07 17:22:30 INFO     AutoFeaturizer: Finished transforming.
2022-11-07 17:22:30 INFO     DataCleaner: Starting transforming.
2022-11-07 17:22:30 INFO     DataCleaner: Cleaning with respect to samples with sample na_method 'fill'
2022-11-07 17:22:30 INFO     DataCleaner: Replacing infinite values with nan for easier screening.
2022-11-07 17:22:30 INFO     DataCleaner: Before handling na: 392 samples, 147 features
2022-11-07 17:22:30 INFO     DataCleaner: 0 samples did not have target values. They were dropped.
2022-11-07 17:22:30 WARNING  DataCleaner: Mismatched columns found in dataframe used for fitting and argument dataframe.
2022-11-07 17:22:30 WARNING  DataCleaner: Coercing mismatched columns...
2022-11-07 17:22:30 WARNING  DataCleaner: Following columns are being dropped:
['mean simul. packing efficiency', 'mean abs simul. packing efficiency', 'minimum oxidation state', 'maximum oxidation state', 'range oxidation state', 'std_dev oxidation state', 'avg anion electron affinity', 'compound possible', 'max ionic char', 'avg ionic char']
2022-11-07 17:22:30 INFO     DataCleaner: After handling na: 392 samples, 137 features
2022-11-07 17:22:30 INFO     DataCleaner: Reordering columns...
2022-11-07 17:22:30 INFO     DataCleaner: Finished transforming.
2022-11-07 17:22:30 INFO     AutoFeaturizer: Starting fitting.
2022-11-07 17:22:30 INFO     AutoFeaturizer: Compositions detected as strings. Attempting conversion to Composition objects...
2022-11-07 17:22:31 INFO     AutoFeaturizer: Guessing oxidation states of compositions, as they were not present in input.
2022-11-07 17:22:33 INFO     AutoFeaturizer: Will remove YangSolidSolution because it's fraction passing the precheck for this dataset (0.19029374201787994) was less than the minimum (0.9)
2022-11-07 17:22:33 INFO     AutoFeaturizer: Will remove Miedema because it's fraction passing the precheck for this dataset (0.19029374201787994) was less than the minimum (0.9)
2022-11-07 17:22:33 INFO     AutoFeaturizer: Featurizer type structure not in the dataframe to be fitted. Skipping...
2022-11-07 17:22:33 INFO     AutoFeaturizer: Featurizer type bandstructure not in the dataframe to be fitted. Skipping...
2022-11-07 17:22:33 INFO     AutoFeaturizer: Featurizer type dos not in the dataframe to be fitted. Skipping...
2022-11-07 17:22:33 INFO     AutoFeaturizer: Finished fitting.
2022-11-07 17:22:33 INFO     AutoFeaturizer: Starting transforming.
2022-11-07 17:22:33 INFO     AutoFeaturizer: Featurizing with AtomicPackingEfficiency.
2022-11-07 17:23:53 INFO     AutoFeaturizer: Featurizing with ElementProperty.
2022-11-07 17:23:54 INFO     AutoFeaturizer: Featurizing with OxidationStates.
2022-11-07 17:23:55 INFO     AutoFeaturizer: Featurizing with ElectronAffinity.
2022-11-07 17:23:56 INFO     AutoFeaturizer: Featurizing with IonProperty.
2022-11-07 17:23:57 INFO     AutoFeaturizer: Featurizer type structure not in the dataframe. Skipping...
2022-11-07 17:23:57 INFO     AutoFeaturizer: Featurizer type bandstructure not in the dataframe. Skipping...
2022-11-07 17:23:57 INFO     AutoFeaturizer: Featurizer type dos not in the dataframe. Skipping...
2022-11-07 17:23:57 INFO     AutoFeaturizer: Finished transforming.
2022-11-07 17:23:57 INFO     DataCleaner: Starting fitting.
2022-11-07 17:23:57 INFO     DataCleaner: Cleaning with respect to samples with sample na_method 'drop'
2022-11-07 17:23:57 INFO     DataCleaner: Replacing infinite values with nan for easier screening.
2022-11-07 17:23:57 INFO     DataCleaner: Before handling na: 1566 samples, 147 features
2022-11-07 17:23:57 INFO     DataCleaner: 0 samples did not have target values. They were dropped.
2022-11-07 17:23:57 INFO     DataCleaner: Handling feature na by max na threshold of 0 with method 'drop'.
2022-11-07 17:23:57 INFO     DataCleaner: These 10 features were removed as they had more than 0% missing values: {'mean abs simul. packing efficiency', 'std_dev oxidation state', 'mean simul. packing efficiency', 'avg ionic char', 'minimum oxidation state', 'avg anion electron affinity', 'maximum oxidation state', 'compound possible', 'range oxidation state', 'max ionic char'}
2022-11-07 17:23:57 INFO     DataCleaner: After handling na: 1566 samples, 137 features
2022-11-07 17:23:57 INFO     DataCleaner: Finished fitting.
2022-11-07 17:24:02 INFO     AutoFeaturizer: Starting transforming.
2022-11-07 17:24:02 INFO     AutoFeaturizer: Compositions detected as strings. Attempting conversion to Composition objects...
2022-11-07 17:24:03 INFO     AutoFeaturizer: Guessing oxidation states of compositions, as they were not present in input.
2022-11-07 17:24:05 INFO     AutoFeaturizer: Featurizing with AtomicPackingEfficiency.
2022-11-07 17:24:28 INFO     AutoFeaturizer: Featurizing with ElementProperty.
2022-11-07 17:24:29 INFO     AutoFeaturizer: Featurizing with OxidationStates.
2022-11-07 17:24:29 INFO     AutoFeaturizer: Featurizing with ElectronAffinity.
2022-11-07 17:24:30 INFO     AutoFeaturizer: Featurizing with IonProperty.
2022-11-07 17:24:32 INFO     AutoFeaturizer: Featurizer type structure not in the dataframe. Skipping...
2022-11-07 17:24:32 INFO     AutoFeaturizer: Featurizer type bandstructure not in the dataframe. Skipping...
2022-11-07 17:24:32 INFO     AutoFeaturizer: Featurizer type dos not in the dataframe. Skipping...
2022-11-07 17:24:32 INFO     AutoFeaturizer: Finished transforming.
2022-11-07 17:24:32 INFO     DataCleaner: Starting transforming.
2022-11-07 17:24:32 INFO     DataCleaner: Cleaning with respect to samples with sample na_method 'fill'
2022-11-07 17:24:32 INFO     DataCleaner: Replacing infinite values with nan for easier screening.
2022-11-07 17:24:32 INFO     DataCleaner: Before handling na: 392 samples, 147 features
2022-11-07 17:24:32 INFO     DataCleaner: 0 samples did not have target values. They were dropped.
2022-11-07 17:24:32 WARNING  DataCleaner: Mismatched columns found in dataframe used for fitting and argument dataframe.
2022-11-07 17:24:32 WARNING  DataCleaner: Coercing mismatched columns...
2022-11-07 17:24:32 WARNING  DataCleaner: Following columns are being dropped:
['mean simul. packing efficiency', 'mean abs simul. packing efficiency', 'minimum oxidation state', 'maximum oxidation state', 'range oxidation state', 'std_dev oxidation state', 'avg anion electron affinity', 'compound possible', 'max ionic char', 'avg ionic char']
2022-11-07 17:24:32 INFO     DataCleaner: After handling na: 392 samples, 137 features
2022-11-07 17:24:32 INFO     DataCleaner: Reordering columns...
2022-11-07 17:24:32 INFO     DataCleaner: Finished transforming.
2022-11-07 17:24:32 INFO     AutoFeaturizer: Starting fitting.
2022-11-07 17:24:32 INFO     AutoFeaturizer: Compositions detected as strings. Attempting conversion to Composition objects...
2022-11-07 17:24:33 INFO     AutoFeaturizer: Guessing oxidation states of compositions, as they were not present in input.
2022-11-07 17:24:35 INFO     AutoFeaturizer: Will remove YangSolidSolution because it's fraction passing the precheck for this dataset (0.204211869814933) was less than the minimum (0.9)
2022-11-07 17:24:35 INFO     AutoFeaturizer: Will remove Miedema because it's fraction passing the precheck for this dataset (0.204211869814933) was less than the minimum (0.9)
2022-11-07 17:24:35 INFO     AutoFeaturizer: Featurizer type structure not in the dataframe to be fitted. Skipping...
2022-11-07 17:24:35 INFO     AutoFeaturizer: Featurizer type bandstructure not in the dataframe to be fitted. Skipping...
2022-11-07 17:24:35 INFO     AutoFeaturizer: Featurizer type dos not in the dataframe to be fitted. Skipping...
2022-11-07 17:24:35 INFO     AutoFeaturizer: Finished fitting.
2022-11-07 17:24:35 INFO     AutoFeaturizer: Starting transforming.
2022-11-07 17:24:35 INFO     AutoFeaturizer: Featurizing with AtomicPackingEfficiency.
2022-11-07 17:25:54 INFO     AutoFeaturizer: Featurizing with ElementProperty.
2022-11-07 17:25:55 INFO     AutoFeaturizer: Featurizing with OxidationStates.
2022-11-07 17:25:56 INFO     AutoFeaturizer: Featurizing with ElectronAffinity.
2022-11-07 17:25:57 INFO     AutoFeaturizer: Featurizing with IonProperty.
2022-11-07 17:25:58 INFO     AutoFeaturizer: Featurizer type structure not in the dataframe. Skipping...
2022-11-07 17:25:58 INFO     AutoFeaturizer: Featurizer type bandstructure not in the dataframe. Skipping...
2022-11-07 17:25:58 INFO     AutoFeaturizer: Featurizer type dos not in the dataframe. Skipping...
2022-11-07 17:25:58 INFO     AutoFeaturizer: Finished transforming.
2022-11-07 17:25:58 INFO     DataCleaner: Starting fitting.
2022-11-07 17:25:58 INFO     DataCleaner: Cleaning with respect to samples with sample na_method 'drop'
2022-11-07 17:25:58 INFO     DataCleaner: Replacing infinite values with nan for easier screening.
2022-11-07 17:25:58 INFO     DataCleaner: Before handling na: 1567 samples, 147 features
2022-11-07 17:25:58 INFO     DataCleaner: 0 samples did not have target values. They were dropped.
2022-11-07 17:25:58 INFO     DataCleaner: Handling feature na by max na threshold of 0 with method 'drop'.
2022-11-07 17:25:58 INFO     DataCleaner: These 10 features were removed as they had more than 0% missing values: {'mean abs simul. packing efficiency', 'std_dev oxidation state', 'mean simul. packing efficiency', 'avg ionic char', 'minimum oxidation state', 'avg anion electron affinity', 'maximum oxidation state', 'compound possible', 'range oxidation state', 'max ionic char'}
2022-11-07 17:25:58 INFO     DataCleaner: After handling na: 1567 samples, 137 features
2022-11-07 17:25:58 INFO     DataCleaner: Finished fitting.
2022-11-07 17:26:02 INFO     AutoFeaturizer: Starting transforming.
2022-11-07 17:26:02 INFO     AutoFeaturizer: Compositions detected as strings. Attempting conversion to Composition objects...
2022-11-07 17:26:03 INFO     AutoFeaturizer: Guessing oxidation states of compositions, as they were not present in input.
2022-11-07 17:26:05 INFO     AutoFeaturizer: Featurizing with AtomicPackingEfficiency.
2022-11-07 17:26:28 INFO     AutoFeaturizer: Featurizing with ElementProperty.
2022-11-07 17:26:29 INFO     AutoFeaturizer: Featurizing with OxidationStates.
2022-11-07 17:26:29 INFO     AutoFeaturizer: Featurizing with ElectronAffinity.
2022-11-07 17:26:30 INFO     AutoFeaturizer: Featurizing with IonProperty.
2022-11-07 17:26:31 INFO     AutoFeaturizer: Featurizer type structure not in the dataframe. Skipping...
2022-11-07 17:26:31 INFO     AutoFeaturizer: Featurizer type bandstructure not in the dataframe. Skipping...
2022-11-07 17:26:31 INFO     AutoFeaturizer: Featurizer type dos not in the dataframe. Skipping...
2022-11-07 17:26:31 INFO     AutoFeaturizer: Finished transforming.
2022-11-07 17:26:31 INFO     DataCleaner: Starting transforming.
2022-11-07 17:26:31 INFO     DataCleaner: Cleaning with respect to samples with sample na_method 'fill'
2022-11-07 17:26:31 INFO     DataCleaner: Replacing infinite values with nan for easier screening.
2022-11-07 17:26:31 INFO     DataCleaner: Before handling na: 391 samples, 147 features
2022-11-07 17:26:31 INFO     DataCleaner: 0 samples did not have target values. They were dropped.
2022-11-07 17:26:31 WARNING  DataCleaner: Mismatched columns found in dataframe used for fitting and argument dataframe.
2022-11-07 17:26:31 WARNING  DataCleaner: Coercing mismatched columns...
2022-11-07 17:26:31 WARNING  DataCleaner: Following columns are being dropped:
['mean simul. packing efficiency', 'mean abs simul. packing efficiency', 'minimum oxidation state', 'maximum oxidation state', 'range oxidation state', 'std_dev oxidation state', 'avg anion electron affinity', 'compound possible', 'max ionic char', 'avg ionic char']
2022-11-07 17:26:31 INFO     DataCleaner: After handling na: 391 samples, 137 features
2022-11-07 17:26:31 INFO     DataCleaner: Reordering columns...
2022-11-07 17:26:31 INFO     DataCleaner: Finished transforming.
2022-11-07 17:26:32 INFO     AutoFeaturizer: Starting fitting.
2022-11-07 17:26:32 INFO     AutoFeaturizer: Compositions detected as strings. Attempting conversion to Composition objects...
2022-11-07 17:26:32 INFO     AutoFeaturizer: Guessing oxidation states of compositions, as they were not present in input.
2022-11-07 17:26:35 INFO     AutoFeaturizer: Will remove YangSolidSolution because it's fraction passing the precheck for this dataset (0.19719208679004468) was less than the minimum (0.9)
2022-11-07 17:26:35 INFO     AutoFeaturizer: Will remove Miedema because it's fraction passing the precheck for this dataset (0.19719208679004468) was less than the minimum (0.9)
2022-11-07 17:26:35 INFO     AutoFeaturizer: Featurizer type structure not in the dataframe to be fitted. Skipping...
2022-11-07 17:26:35 INFO     AutoFeaturizer: Featurizer type bandstructure not in the dataframe to be fitted. Skipping...
2022-11-07 17:26:35 INFO     AutoFeaturizer: Featurizer type dos not in the dataframe to be fitted. Skipping...
2022-11-07 17:26:35 INFO     AutoFeaturizer: Finished fitting.
2022-11-07 17:26:35 INFO     AutoFeaturizer: Starting transforming.
2022-11-07 17:26:35 INFO     AutoFeaturizer: Featurizing with AtomicPackingEfficiency.
2022-11-07 17:27:52 INFO     AutoFeaturizer: Featurizing with ElementProperty.
2022-11-07 17:27:54 INFO     AutoFeaturizer: Featurizing with OxidationStates.
2022-11-07 17:27:54 INFO     AutoFeaturizer: Featurizing with ElectronAffinity.
2022-11-07 17:27:55 INFO     AutoFeaturizer: Featurizing with IonProperty.
2022-11-07 17:27:56 INFO     AutoFeaturizer: Featurizer type structure not in the dataframe. Skipping...
2022-11-07 17:27:56 INFO     AutoFeaturizer: Featurizer type bandstructure not in the dataframe. Skipping...
2022-11-07 17:27:56 INFO     AutoFeaturizer: Featurizer type dos not in the dataframe. Skipping...
2022-11-07 17:27:56 INFO     AutoFeaturizer: Finished transforming.
2022-11-07 17:27:56 INFO     DataCleaner: Starting fitting.
2022-11-07 17:27:56 INFO     DataCleaner: Cleaning with respect to samples with sample na_method 'drop'
2022-11-07 17:27:56 INFO     DataCleaner: Replacing infinite values with nan for easier screening.
2022-11-07 17:27:56 INFO     DataCleaner: Before handling na: 1567 samples, 147 features
2022-11-07 17:27:56 INFO     DataCleaner: 0 samples did not have target values. They were dropped.
2022-11-07 17:27:56 INFO     DataCleaner: Handling feature na by max na threshold of 0 with method 'drop'.
2022-11-07 17:27:56 INFO     DataCleaner: These 10 features were removed as they had more than 0% missing values: {'mean abs simul. packing efficiency', 'std_dev oxidation state', 'mean simul. packing efficiency', 'avg ionic char', 'minimum oxidation state', 'avg anion electron affinity', 'maximum oxidation state', 'compound possible', 'range oxidation state', 'max ionic char'}
2022-11-07 17:27:56 INFO     DataCleaner: After handling na: 1567 samples, 137 features
2022-11-07 17:27:56 INFO     DataCleaner: Finished fitting.
2022-11-07 17:28:00 INFO     AutoFeaturizer: Starting transforming.
2022-11-07 17:28:00 INFO     AutoFeaturizer: Compositions detected as strings. Attempting conversion to Composition objects...
2022-11-07 17:28:01 INFO     AutoFeaturizer: Guessing oxidation states of compositions, as they were not present in input.
2022-11-07 17:28:03 INFO     AutoFeaturizer: Featurizing with AtomicPackingEfficiency.
2022-11-07 17:28:27 INFO     AutoFeaturizer: Featurizing with ElementProperty.
2022-11-07 17:28:28 INFO     AutoFeaturizer: Featurizing with OxidationStates.
2022-11-07 17:28:28 INFO     AutoFeaturizer: Featurizing with ElectronAffinity.
2022-11-07 17:28:29 INFO     AutoFeaturizer: Featurizing with IonProperty.
2022-11-07 17:28:30 INFO     AutoFeaturizer: Featurizer type structure not in the dataframe. Skipping...
2022-11-07 17:28:30 INFO     AutoFeaturizer: Featurizer type bandstructure not in the dataframe. Skipping...
2022-11-07 17:28:30 INFO     AutoFeaturizer: Featurizer type dos not in the dataframe. Skipping...
2022-11-07 17:28:30 INFO     AutoFeaturizer: Finished transforming.
2022-11-07 17:28:30 INFO     DataCleaner: Starting transforming.
2022-11-07 17:28:30 INFO     DataCleaner: Cleaning with respect to samples with sample na_method 'fill'
2022-11-07 17:28:30 INFO     DataCleaner: Replacing infinite values with nan for easier screening.
2022-11-07 17:28:30 INFO     DataCleaner: Before handling na: 391 samples, 147 features
2022-11-07 17:28:30 INFO     DataCleaner: 0 samples did not have target values. They were dropped.
2022-11-07 17:28:30 WARNING  DataCleaner: Mismatched columns found in dataframe used for fitting and argument dataframe.
2022-11-07 17:28:30 WARNING  DataCleaner: Coercing mismatched columns...
2022-11-07 17:28:30 WARNING  DataCleaner: Following columns are being dropped:
['mean simul. packing efficiency', 'mean abs simul. packing efficiency', 'minimum oxidation state', 'maximum oxidation state', 'range oxidation state', 'std_dev oxidation state', 'avg anion electron affinity', 'compound possible', 'max ionic char', 'avg ionic char']
2022-11-07 17:28:31 INFO     DataCleaner: After handling na: 391 samples, 137 features
2022-11-07 17:28:31 INFO     DataCleaner: Reordering columns...
2022-11-07 17:28:31 INFO     DataCleaner: Finished transforming.
