2022-11-07 17:03:09 INFO     AutoFeaturizer: Starting fitting.
2022-11-07 17:03:09 INFO     AutoFeaturizer: Compositions detected as strings. Attempting conversion to Composition objects...
2022-11-07 17:03:09 INFO     AutoFeaturizer: Guessing oxidation states of compositions, as they were not present in input.
2022-11-07 17:03:11 INFO     AutoFeaturizer: Featurizer type structure not in the dataframe to be fitted. Skipping...
2022-11-07 17:03:11 INFO     AutoFeaturizer: Featurizer type bandstructure not in the dataframe to be fitted. Skipping...
2022-11-07 17:03:11 INFO     AutoFeaturizer: Featurizer type dos not in the dataframe to be fitted. Skipping...
2022-11-07 17:03:11 INFO     AutoFeaturizer: Finished fitting.
2022-11-07 17:03:11 INFO     AutoFeaturizer: Starting transforming.
2022-11-07 17:03:11 INFO     AutoFeaturizer: Featurizing with ElementProperty.
2022-11-07 17:03:12 INFO     AutoFeaturizer: Featurizer type structure not in the dataframe. Skipping...
2022-11-07 17:03:12 INFO     AutoFeaturizer: Featurizer type bandstructure not in the dataframe. Skipping...
2022-11-07 17:03:12 INFO     AutoFeaturizer: Featurizer type dos not in the dataframe. Skipping...
2022-11-07 17:03:12 INFO     AutoFeaturizer: Finished transforming.
2022-11-07 17:03:12 INFO     DataCleaner: Starting fitting.
2022-11-07 17:03:12 INFO     DataCleaner: Cleaning with respect to samples with sample na_method 'drop'
2022-11-07 17:03:12 INFO     DataCleaner: Replacing infinite values with nan for easier screening.
2022-11-07 17:03:12 INFO     DataCleaner: Before handling na: 1566 samples, 134 features
2022-11-07 17:03:12 INFO     DataCleaner: 0 samples did not have target values. They were dropped.
2022-11-07 17:03:12 INFO     DataCleaner: Handling feature na by max na threshold of 0 with method 'drop'.
2022-11-07 17:03:12 INFO     DataCleaner: After handling na: 1566 samples, 134 features
2022-11-07 17:03:12 INFO     DataCleaner: Finished fitting.
2022-11-07 17:03:16 INFO     AutoFeaturizer: Starting transforming.
2022-11-07 17:03:16 INFO     AutoFeaturizer: Compositions detected as strings. Attempting conversion to Composition objects...
2022-11-07 17:03:17 INFO     AutoFeaturizer: Guessing oxidation states of compositions, as they were not present in input.
2022-11-07 17:03:18 INFO     AutoFeaturizer: Featurizing with ElementProperty.
2022-11-07 17:03:19 INFO     AutoFeaturizer: Featurizer type structure not in the dataframe. Skipping...
2022-11-07 17:03:19 INFO     AutoFeaturizer: Featurizer type bandstructure not in the dataframe. Skipping...
2022-11-07 17:03:19 INFO     AutoFeaturizer: Featurizer type dos not in the dataframe. Skipping...
2022-11-07 17:03:19 INFO     AutoFeaturizer: Finished transforming.
2022-11-07 17:03:19 INFO     DataCleaner: Starting transforming.
2022-11-07 17:03:19 INFO     DataCleaner: Cleaning with respect to samples with sample na_method 'fill'
2022-11-07 17:03:19 INFO     DataCleaner: Replacing infinite values with nan for easier screening.
2022-11-07 17:03:19 INFO     DataCleaner: Before handling na: 392 samples, 134 features
2022-11-07 17:03:19 INFO     DataCleaner: 0 samples did not have target values. They were dropped.
2022-11-07 17:03:19 INFO     DataCleaner: After handling na: 392 samples, 134 features
2022-11-07 17:03:19 INFO     DataCleaner: Reordering columns...
2022-11-07 17:03:19 INFO     DataCleaner: Finished transforming.
2022-11-07 17:03:19 INFO     AutoFeaturizer: Starting fitting.
2022-11-07 17:03:19 INFO     AutoFeaturizer: Compositions detected as strings. Attempting conversion to Composition objects...
2022-11-07 17:03:19 INFO     AutoFeaturizer: Guessing oxidation states of compositions, as they were not present in input.
2022-11-07 17:03:21 INFO     AutoFeaturizer: Featurizer type structure not in the dataframe to be fitted. Skipping...
2022-11-07 17:03:21 INFO     AutoFeaturizer: Featurizer type bandstructure not in the dataframe to be fitted. Skipping...
2022-11-07 17:03:21 INFO     AutoFeaturizer: Featurizer type dos not in the dataframe to be fitted. Skipping...
2022-11-07 17:03:21 INFO     AutoFeaturizer: Finished fitting.
2022-11-07 17:03:21 INFO     AutoFeaturizer: Starting transforming.
2022-11-07 17:03:21 INFO     AutoFeaturizer: Featurizing with ElementProperty.
2022-11-07 17:03:22 INFO     AutoFeaturizer: Featurizer type structure not in the dataframe. Skipping...
2022-11-07 17:03:22 INFO     AutoFeaturizer: Featurizer type bandstructure not in the dataframe. Skipping...
2022-11-07 17:03:22 INFO     AutoFeaturizer: Featurizer type dos not in the dataframe. Skipping...
2022-11-07 17:03:22 INFO     AutoFeaturizer: Finished transforming.
2022-11-07 17:03:23 INFO     DataCleaner: Starting fitting.
2022-11-07 17:03:23 INFO     DataCleaner: Cleaning with respect to samples with sample na_method 'drop'
2022-11-07 17:03:23 INFO     DataCleaner: Replacing infinite values with nan for easier screening.
2022-11-07 17:03:23 INFO     DataCleaner: Before handling na: 1566 samples, 134 features
2022-11-07 17:03:23 INFO     DataCleaner: 0 samples did not have target values. They were dropped.
2022-11-07 17:03:23 INFO     DataCleaner: Handling feature na by max na threshold of 0 with method 'drop'.
2022-11-07 17:03:23 INFO     DataCleaner: After handling na: 1566 samples, 134 features
2022-11-07 17:03:23 INFO     DataCleaner: Finished fitting.
2022-11-07 17:03:27 INFO     AutoFeaturizer: Starting transforming.
2022-11-07 17:03:27 INFO     AutoFeaturizer: Compositions detected as strings. Attempting conversion to Composition objects...
2022-11-07 17:03:27 INFO     AutoFeaturizer: Guessing oxidation states of compositions, as they were not present in input.
2022-11-07 17:03:29 INFO     AutoFeaturizer: Featurizing with ElementProperty.
2022-11-07 17:03:30 INFO     AutoFeaturizer: Featurizer type structure not in the dataframe. Skipping...
2022-11-07 17:03:30 INFO     AutoFeaturizer: Featurizer type bandstructure not in the dataframe. Skipping...
2022-11-07 17:03:30 INFO     AutoFeaturizer: Featurizer type dos not in the dataframe. Skipping...
2022-11-07 17:03:30 INFO     AutoFeaturizer: Finished transforming.
2022-11-07 17:03:30 INFO     DataCleaner: Starting transforming.
2022-11-07 17:03:30 INFO     DataCleaner: Cleaning with respect to samples with sample na_method 'fill'
2022-11-07 17:03:30 INFO     DataCleaner: Replacing infinite values with nan for easier screening.
2022-11-07 17:03:30 INFO     DataCleaner: Before handling na: 392 samples, 134 features
2022-11-07 17:03:30 INFO     DataCleaner: 0 samples did not have target values. They were dropped.
2022-11-07 17:03:30 INFO     DataCleaner: After handling na: 392 samples, 134 features
2022-11-07 17:03:30 INFO     DataCleaner: Reordering columns...
2022-11-07 17:03:30 INFO     DataCleaner: Finished transforming.
2022-11-07 17:03:30 INFO     AutoFeaturizer: Starting fitting.
2022-11-07 17:03:30 INFO     AutoFeaturizer: Compositions detected as strings. Attempting conversion to Composition objects...
2022-11-07 17:03:30 INFO     AutoFeaturizer: Guessing oxidation states of compositions, as they were not present in input.
2022-11-07 17:03:32 INFO     AutoFeaturizer: Featurizer type structure not in the dataframe to be fitted. Skipping...
2022-11-07 17:03:32 INFO     AutoFeaturizer: Featurizer type bandstructure not in the dataframe to be fitted. Skipping...
2022-11-07 17:03:32 INFO     AutoFeaturizer: Featurizer type dos not in the dataframe to be fitted. Skipping...
2022-11-07 17:03:32 INFO     AutoFeaturizer: Finished fitting.
2022-11-07 17:03:32 INFO     AutoFeaturizer: Starting transforming.
2022-11-07 17:03:32 INFO     AutoFeaturizer: Featurizing with ElementProperty.
2022-11-07 17:03:33 INFO     AutoFeaturizer: Featurizer type structure not in the dataframe. Skipping...
2022-11-07 17:03:33 INFO     AutoFeaturizer: Featurizer type bandstructure not in the dataframe. Skipping...
2022-11-07 17:03:33 INFO     AutoFeaturizer: Featurizer type dos not in the dataframe. Skipping...
2022-11-07 17:03:33 INFO     AutoFeaturizer: Finished transforming.
2022-11-07 17:03:33 INFO     DataCleaner: Starting fitting.
2022-11-07 17:03:33 INFO     DataCleaner: Cleaning with respect to samples with sample na_method 'drop'
2022-11-07 17:03:33 INFO     DataCleaner: Replacing infinite values with nan for easier screening.
2022-11-07 17:03:33 INFO     DataCleaner: Before handling na: 1566 samples, 134 features
2022-11-07 17:03:33 INFO     DataCleaner: 0 samples did not have target values. They were dropped.
2022-11-07 17:03:33 INFO     DataCleaner: Handling feature na by max na threshold of 0 with method 'drop'.
2022-11-07 17:03:33 INFO     DataCleaner: After handling na: 1566 samples, 134 features
2022-11-07 17:03:33 INFO     DataCleaner: Finished fitting.
2022-11-07 17:03:37 INFO     AutoFeaturizer: Starting transforming.
2022-11-07 17:03:37 INFO     AutoFeaturizer: Compositions detected as strings. Attempting conversion to Composition objects...
2022-11-07 17:03:38 INFO     AutoFeaturizer: Guessing oxidation states of compositions, as they were not present in input.
2022-11-07 17:03:40 INFO     AutoFeaturizer: Featurizing with ElementProperty.
2022-11-07 17:03:41 INFO     AutoFeaturizer: Featurizer type structure not in the dataframe. Skipping...
2022-11-07 17:03:41 INFO     AutoFeaturizer: Featurizer type bandstructure not in the dataframe. Skipping...
2022-11-07 17:03:41 INFO     AutoFeaturizer: Featurizer type dos not in the dataframe. Skipping...
2022-11-07 17:03:41 INFO     AutoFeaturizer: Finished transforming.
2022-11-07 17:03:41 INFO     DataCleaner: Starting transforming.
2022-11-07 17:03:41 INFO     DataCleaner: Cleaning with respect to samples with sample na_method 'fill'
2022-11-07 17:03:41 INFO     DataCleaner: Replacing infinite values with nan for easier screening.
2022-11-07 17:03:41 INFO     DataCleaner: Before handling na: 392 samples, 134 features
2022-11-07 17:03:41 INFO     DataCleaner: 0 samples did not have target values. They were dropped.
2022-11-07 17:03:41 INFO     DataCleaner: After handling na: 392 samples, 134 features
2022-11-07 17:03:41 INFO     DataCleaner: Reordering columns...
2022-11-07 17:03:41 INFO     DataCleaner: Finished transforming.
2022-11-07 17:03:41 INFO     AutoFeaturizer: Starting fitting.
2022-11-07 17:03:41 INFO     AutoFeaturizer: Compositions detected as strings. Attempting conversion to Composition objects...
2022-11-07 17:03:41 INFO     AutoFeaturizer: Guessing oxidation states of compositions, as they were not present in input.
2022-11-07 17:03:43 INFO     AutoFeaturizer: Featurizer type structure not in the dataframe to be fitted. Skipping...
2022-11-07 17:03:43 INFO     AutoFeaturizer: Featurizer type bandstructure not in the dataframe to be fitted. Skipping...
2022-11-07 17:03:43 INFO     AutoFeaturizer: Featurizer type dos not in the dataframe to be fitted. Skipping...
2022-11-07 17:03:43 INFO     AutoFeaturizer: Finished fitting.
2022-11-07 17:03:43 INFO     AutoFeaturizer: Starting transforming.
2022-11-07 17:03:43 INFO     AutoFeaturizer: Featurizing with ElementProperty.
2022-11-07 17:03:44 INFO     AutoFeaturizer: Featurizer type structure not in the dataframe. Skipping...
2022-11-07 17:03:44 INFO     AutoFeaturizer: Featurizer type bandstructure not in the dataframe. Skipping...
2022-11-07 17:03:44 INFO     AutoFeaturizer: Featurizer type dos not in the dataframe. Skipping...
2022-11-07 17:03:44 INFO     AutoFeaturizer: Finished transforming.
2022-11-07 17:03:44 INFO     DataCleaner: Starting fitting.
2022-11-07 17:03:44 INFO     DataCleaner: Cleaning with respect to samples with sample na_method 'drop'
2022-11-07 17:03:44 INFO     DataCleaner: Replacing infinite values with nan for easier screening.
2022-11-07 17:03:44 INFO     DataCleaner: Before handling na: 1567 samples, 134 features
2022-11-07 17:03:44 INFO     DataCleaner: 0 samples did not have target values. They were dropped.
2022-11-07 17:03:44 INFO     DataCleaner: Handling feature na by max na threshold of 0 with method 'drop'.
2022-11-07 17:03:44 INFO     DataCleaner: After handling na: 1567 samples, 134 features
2022-11-07 17:03:44 INFO     DataCleaner: Finished fitting.
2022-11-07 17:03:49 INFO     AutoFeaturizer: Starting transforming.
2022-11-07 17:03:49 INFO     AutoFeaturizer: Compositions detected as strings. Attempting conversion to Composition objects...
2022-11-07 17:03:49 INFO     AutoFeaturizer: Guessing oxidation states of compositions, as they were not present in input.
2022-11-07 17:03:51 INFO     AutoFeaturizer: Featurizing with ElementProperty.
2022-11-07 17:03:51 INFO     AutoFeaturizer: Featurizer type structure not in the dataframe. Skipping...
2022-11-07 17:03:51 INFO     AutoFeaturizer: Featurizer type bandstructure not in the dataframe. Skipping...
2022-11-07 17:03:51 INFO     AutoFeaturizer: Featurizer type dos not in the dataframe. Skipping...
2022-11-07 17:03:51 INFO     AutoFeaturizer: Finished transforming.
2022-11-07 17:03:51 INFO     DataCleaner: Starting transforming.
2022-11-07 17:03:51 INFO     DataCleaner: Cleaning with respect to samples with sample na_method 'fill'
2022-11-07 17:03:51 INFO     DataCleaner: Replacing infinite values with nan for easier screening.
2022-11-07 17:03:51 INFO     DataCleaner: Before handling na: 391 samples, 134 features
2022-11-07 17:03:51 INFO     DataCleaner: 0 samples did not have target values. They were dropped.
2022-11-07 17:03:51 INFO     DataCleaner: After handling na: 391 samples, 134 features
2022-11-07 17:03:51 INFO     DataCleaner: Reordering columns...
2022-11-07 17:03:51 INFO     DataCleaner: Finished transforming.
2022-11-07 17:03:51 INFO     AutoFeaturizer: Starting fitting.
2022-11-07 17:03:51 INFO     AutoFeaturizer: Compositions detected as strings. Attempting conversion to Composition objects...
2022-11-07 17:03:52 INFO     AutoFeaturizer: Guessing oxidation states of compositions, as they were not present in input.
2022-11-07 17:03:54 INFO     AutoFeaturizer: Featurizer type structure not in the dataframe to be fitted. Skipping...
2022-11-07 17:03:54 INFO     AutoFeaturizer: Featurizer type bandstructure not in the dataframe to be fitted. Skipping...
2022-11-07 17:03:54 INFO     AutoFeaturizer: Featurizer type dos not in the dataframe to be fitted. Skipping...
2022-11-07 17:03:54 INFO     AutoFeaturizer: Finished fitting.
2022-11-07 17:03:54 INFO     AutoFeaturizer: Starting transforming.
2022-11-07 17:03:54 INFO     AutoFeaturizer: Featurizing with ElementProperty.
2022-11-07 17:03:55 INFO     AutoFeaturizer: Featurizer type structure not in the dataframe. Skipping...
2022-11-07 17:03:55 INFO     AutoFeaturizer: Featurizer type bandstructure not in the dataframe. Skipping...
2022-11-07 17:03:55 INFO     AutoFeaturizer: Featurizer type dos not in the dataframe. Skipping...
2022-11-07 17:03:55 INFO     AutoFeaturizer: Finished transforming.
2022-11-07 17:03:55 INFO     DataCleaner: Starting fitting.
2022-11-07 17:03:55 INFO     DataCleaner: Cleaning with respect to samples with sample na_method 'drop'
2022-11-07 17:03:55 INFO     DataCleaner: Replacing infinite values with nan for easier screening.
2022-11-07 17:03:55 INFO     DataCleaner: Before handling na: 1567 samples, 134 features
2022-11-07 17:03:55 INFO     DataCleaner: 0 samples did not have target values. They were dropped.
2022-11-07 17:03:55 INFO     DataCleaner: Handling feature na by max na threshold of 0 with method 'drop'.
2022-11-07 17:03:55 INFO     DataCleaner: After handling na: 1567 samples, 134 features
2022-11-07 17:03:55 INFO     DataCleaner: Finished fitting.
2022-11-07 17:03:59 INFO     AutoFeaturizer: Starting transforming.
2022-11-07 17:03:59 INFO     AutoFeaturizer: Compositions detected as strings. Attempting conversion to Composition objects...
2022-11-07 17:04:00 INFO     AutoFeaturizer: Guessing oxidation states of compositions, as they were not present in input.
2022-11-07 17:04:01 INFO     AutoFeaturizer: Featurizing with ElementProperty.
2022-11-07 17:04:01 INFO     AutoFeaturizer: Featurizer type structure not in the dataframe. Skipping...
2022-11-07 17:04:01 INFO     AutoFeaturizer: Featurizer type bandstructure not in the dataframe. Skipping...
2022-11-07 17:04:01 INFO     AutoFeaturizer: Featurizer type dos not in the dataframe. Skipping...
2022-11-07 17:04:01 INFO     AutoFeaturizer: Finished transforming.
2022-11-07 17:04:01 INFO     DataCleaner: Starting transforming.
2022-11-07 17:04:01 INFO     DataCleaner: Cleaning with respect to samples with sample na_method 'fill'
2022-11-07 17:04:01 INFO     DataCleaner: Replacing infinite values with nan for easier screening.
2022-11-07 17:04:01 INFO     DataCleaner: Before handling na: 391 samples, 134 features
2022-11-07 17:04:01 INFO     DataCleaner: 0 samples did not have target values. They were dropped.
2022-11-07 17:04:01 INFO     DataCleaner: After handling na: 391 samples, 134 features
2022-11-07 17:04:01 INFO     DataCleaner: Reordering columns...
2022-11-07 17:04:01 INFO     DataCleaner: Finished transforming.
