2022-11-07 17:14:28 INFO     AutoFeaturizer: Starting fitting.
2022-11-07 17:14:28 INFO     AutoFeaturizer: Compositions detected as strings. Attempting conversion to Composition objects...
2022-11-07 17:14:29 INFO     AutoFeaturizer: Guessing oxidation states of compositions, as they were not present in input.
2022-11-07 17:14:31 INFO     AutoFeaturizer: Featurizer type structure not in the dataframe to be fitted. Skipping...
2022-11-07 17:14:31 INFO     AutoFeaturizer: Featurizer type bandstructure not in the dataframe to be fitted. Skipping...
2022-11-07 17:14:31 INFO     AutoFeaturizer: Featurizer type dos not in the dataframe to be fitted. Skipping...
2022-11-07 17:14:31 INFO     AutoFeaturizer: Finished fitting.
2022-11-07 17:14:31 INFO     AutoFeaturizer: Starting transforming.
2022-11-07 17:14:31 INFO     AutoFeaturizer: Featurizing with ElementProperty.
2022-11-07 17:14:32 INFO     AutoFeaturizer: Featurizer type structure not in the dataframe. Skipping...
2022-11-07 17:14:32 INFO     AutoFeaturizer: Featurizer type bandstructure not in the dataframe. Skipping...
2022-11-07 17:14:32 INFO     AutoFeaturizer: Featurizer type dos not in the dataframe. Skipping...
2022-11-07 17:14:32 INFO     AutoFeaturizer: Finished transforming.
2022-11-07 17:14:32 INFO     DataCleaner: Starting fitting.
2022-11-07 17:14:32 INFO     DataCleaner: Cleaning with respect to samples with sample na_method 'drop'
2022-11-07 17:14:32 INFO     DataCleaner: Replacing infinite values with nan for easier screening.
2022-11-07 17:14:32 INFO     DataCleaner: Before handling na: 1566 samples, 134 features
2022-11-07 17:14:32 INFO     DataCleaner: 0 samples did not have target values. They were dropped.
2022-11-07 17:14:32 INFO     DataCleaner: Handling feature na by max na threshold of 0 with method 'drop'.
2022-11-07 17:14:32 INFO     DataCleaner: After handling na: 1566 samples, 134 features
2022-11-07 17:14:32 INFO     DataCleaner: Finished fitting.
2022-11-07 17:14:36 INFO     AutoFeaturizer: Starting transforming.
2022-11-07 17:14:36 INFO     AutoFeaturizer: Compositions detected as strings. Attempting conversion to Composition objects...
2022-11-07 17:14:37 INFO     AutoFeaturizer: Guessing oxidation states of compositions, as they were not present in input.
2022-11-07 17:14:38 INFO     AutoFeaturizer: Featurizing with ElementProperty.
2022-11-07 17:14:39 INFO     AutoFeaturizer: Featurizer type structure not in the dataframe. Skipping...
2022-11-07 17:14:39 INFO     AutoFeaturizer: Featurizer type bandstructure not in the dataframe. Skipping...
2022-11-07 17:14:39 INFO     AutoFeaturizer: Featurizer type dos not in the dataframe. Skipping...
2022-11-07 17:14:39 INFO     AutoFeaturizer: Finished transforming.
2022-11-07 17:14:39 INFO     DataCleaner: Starting transforming.
2022-11-07 17:14:39 INFO     DataCleaner: Cleaning with respect to samples with sample na_method 'fill'
2022-11-07 17:14:39 INFO     DataCleaner: Replacing infinite values with nan for easier screening.
2022-11-07 17:14:39 INFO     DataCleaner: Before handling na: 392 samples, 134 features
2022-11-07 17:14:39 INFO     DataCleaner: 0 samples did not have target values. They were dropped.
2022-11-07 17:14:39 INFO     DataCleaner: After handling na: 392 samples, 134 features
2022-11-07 17:14:39 INFO     DataCleaner: Reordering columns...
2022-11-07 17:14:39 INFO     DataCleaner: Finished transforming.
2022-11-07 17:14:39 INFO     AutoFeaturizer: Starting fitting.
2022-11-07 17:14:39 INFO     AutoFeaturizer: Compositions detected as strings. Attempting conversion to Composition objects...
2022-11-07 17:14:40 INFO     AutoFeaturizer: Guessing oxidation states of compositions, as they were not present in input.
2022-11-07 17:14:42 INFO     AutoFeaturizer: Featurizer type structure not in the dataframe to be fitted. Skipping...
2022-11-07 17:14:42 INFO     AutoFeaturizer: Featurizer type bandstructure not in the dataframe to be fitted. Skipping...
2022-11-07 17:14:42 INFO     AutoFeaturizer: Featurizer type dos not in the dataframe to be fitted. Skipping...
2022-11-07 17:14:42 INFO     AutoFeaturizer: Finished fitting.
2022-11-07 17:14:42 INFO     AutoFeaturizer: Starting transforming.
2022-11-07 17:14:42 INFO     AutoFeaturizer: Featurizing with ElementProperty.
2022-11-07 17:14:43 INFO     AutoFeaturizer: Featurizer type structure not in the dataframe. Skipping...
2022-11-07 17:14:43 INFO     AutoFeaturizer: Featurizer type bandstructure not in the dataframe. Skipping...
2022-11-07 17:14:43 INFO     AutoFeaturizer: Featurizer type dos not in the dataframe. Skipping...
2022-11-07 17:14:43 INFO     AutoFeaturizer: Finished transforming.
2022-11-07 17:14:43 INFO     DataCleaner: Starting fitting.
2022-11-07 17:14:43 INFO     DataCleaner: Cleaning with respect to samples with sample na_method 'drop'
2022-11-07 17:14:43 INFO     DataCleaner: Replacing infinite values with nan for easier screening.
2022-11-07 17:14:43 INFO     DataCleaner: Before handling na: 1566 samples, 134 features
2022-11-07 17:14:43 INFO     DataCleaner: 0 samples did not have target values. They were dropped.
2022-11-07 17:14:43 INFO     DataCleaner: Handling feature na by max na threshold of 0 with method 'drop'.
2022-11-07 17:14:43 INFO     DataCleaner: After handling na: 1566 samples, 134 features
2022-11-07 17:14:43 INFO     DataCleaner: Finished fitting.
2022-11-07 17:14:47 INFO     AutoFeaturizer: Starting transforming.
2022-11-07 17:14:47 INFO     AutoFeaturizer: Compositions detected as strings. Attempting conversion to Composition objects...
2022-11-07 17:14:47 INFO     AutoFeaturizer: Guessing oxidation states of compositions, as they were not present in input.
2022-11-07 17:14:49 INFO     AutoFeaturizer: Featurizing with ElementProperty.
2022-11-07 17:14:50 INFO     AutoFeaturizer: Featurizer type structure not in the dataframe. Skipping...
2022-11-07 17:14:50 INFO     AutoFeaturizer: Featurizer type bandstructure not in the dataframe. Skipping...
2022-11-07 17:14:50 INFO     AutoFeaturizer: Featurizer type dos not in the dataframe. Skipping...
2022-11-07 17:14:50 INFO     AutoFeaturizer: Finished transforming.
2022-11-07 17:14:50 INFO     DataCleaner: Starting transforming.
2022-11-07 17:14:50 INFO     DataCleaner: Cleaning with respect to samples with sample na_method 'fill'
2022-11-07 17:14:50 INFO     DataCleaner: Replacing infinite values with nan for easier screening.
2022-11-07 17:14:50 INFO     DataCleaner: Before handling na: 392 samples, 134 features
2022-11-07 17:14:50 INFO     DataCleaner: 0 samples did not have target values. They were dropped.
2022-11-07 17:14:50 INFO     DataCleaner: After handling na: 392 samples, 134 features
2022-11-07 17:14:50 INFO     DataCleaner: Reordering columns...
2022-11-07 17:14:50 INFO     DataCleaner: Finished transforming.
2022-11-07 17:14:50 INFO     AutoFeaturizer: Starting fitting.
2022-11-07 17:14:50 INFO     AutoFeaturizer: Compositions detected as strings. Attempting conversion to Composition objects...
2022-11-07 17:14:50 INFO     AutoFeaturizer: Guessing oxidation states of compositions, as they were not present in input.
2022-11-07 17:14:52 INFO     AutoFeaturizer: Featurizer type structure not in the dataframe to be fitted. Skipping...
2022-11-07 17:14:52 INFO     AutoFeaturizer: Featurizer type bandstructure not in the dataframe to be fitted. Skipping...
2022-11-07 17:14:52 INFO     AutoFeaturizer: Featurizer type dos not in the dataframe to be fitted. Skipping...
2022-11-07 17:14:52 INFO     AutoFeaturizer: Finished fitting.
2022-11-07 17:14:52 INFO     AutoFeaturizer: Starting transforming.
2022-11-07 17:14:52 INFO     AutoFeaturizer: Featurizing with ElementProperty.
2022-11-07 17:14:53 INFO     AutoFeaturizer: Featurizer type structure not in the dataframe. Skipping...
2022-11-07 17:14:53 INFO     AutoFeaturizer: Featurizer type bandstructure not in the dataframe. Skipping...
2022-11-07 17:14:53 INFO     AutoFeaturizer: Featurizer type dos not in the dataframe. Skipping...
2022-11-07 17:14:53 INFO     AutoFeaturizer: Finished transforming.
2022-11-07 17:14:53 INFO     DataCleaner: Starting fitting.
2022-11-07 17:14:53 INFO     DataCleaner: Cleaning with respect to samples with sample na_method 'drop'
2022-11-07 17:14:53 INFO     DataCleaner: Replacing infinite values with nan for easier screening.
2022-11-07 17:14:53 INFO     DataCleaner: Before handling na: 1566 samples, 134 features
2022-11-07 17:14:53 INFO     DataCleaner: 0 samples did not have target values. They were dropped.
2022-11-07 17:14:53 INFO     DataCleaner: Handling feature na by max na threshold of 0 with method 'drop'.
2022-11-07 17:14:53 INFO     DataCleaner: After handling na: 1566 samples, 134 features
2022-11-07 17:14:53 INFO     DataCleaner: Finished fitting.
2022-11-07 17:14:57 INFO     AutoFeaturizer: Starting transforming.
2022-11-07 17:14:57 INFO     AutoFeaturizer: Compositions detected as strings. Attempting conversion to Composition objects...
2022-11-07 17:14:58 INFO     AutoFeaturizer: Guessing oxidation states of compositions, as they were not present in input.
2022-11-07 17:15:00 INFO     AutoFeaturizer: Featurizing with ElementProperty.
2022-11-07 17:15:01 INFO     AutoFeaturizer: Featurizer type structure not in the dataframe. Skipping...
2022-11-07 17:15:01 INFO     AutoFeaturizer: Featurizer type bandstructure not in the dataframe. Skipping...
2022-11-07 17:15:01 INFO     AutoFeaturizer: Featurizer type dos not in the dataframe. Skipping...
2022-11-07 17:15:01 INFO     AutoFeaturizer: Finished transforming.
2022-11-07 17:15:01 INFO     DataCleaner: Starting transforming.
2022-11-07 17:15:01 INFO     DataCleaner: Cleaning with respect to samples with sample na_method 'fill'
2022-11-07 17:15:01 INFO     DataCleaner: Replacing infinite values with nan for easier screening.
2022-11-07 17:15:01 INFO     DataCleaner: Before handling na: 392 samples, 134 features
2022-11-07 17:15:01 INFO     DataCleaner: 0 samples did not have target values. They were dropped.
2022-11-07 17:15:01 INFO     DataCleaner: After handling na: 392 samples, 134 features
2022-11-07 17:15:01 INFO     DataCleaner: Reordering columns...
2022-11-07 17:15:01 INFO     DataCleaner: Finished transforming.
2022-11-07 17:15:01 INFO     AutoFeaturizer: Starting fitting.
2022-11-07 17:15:01 INFO     AutoFeaturizer: Compositions detected as strings. Attempting conversion to Composition objects...
2022-11-07 17:15:01 INFO     AutoFeaturizer: Guessing oxidation states of compositions, as they were not present in input.
2022-11-07 17:15:04 INFO     AutoFeaturizer: Featurizer type structure not in the dataframe to be fitted. Skipping...
2022-11-07 17:15:04 INFO     AutoFeaturizer: Featurizer type bandstructure not in the dataframe to be fitted. Skipping...
2022-11-07 17:15:04 INFO     AutoFeaturizer: Featurizer type dos not in the dataframe to be fitted. Skipping...
2022-11-07 17:15:04 INFO     AutoFeaturizer: Finished fitting.
2022-11-07 17:15:04 INFO     AutoFeaturizer: Starting transforming.
2022-11-07 17:15:04 INFO     AutoFeaturizer: Featurizing with ElementProperty.
2022-11-07 17:15:05 INFO     AutoFeaturizer: Featurizer type structure not in the dataframe. Skipping...
2022-11-07 17:15:05 INFO     AutoFeaturizer: Featurizer type bandstructure not in the dataframe. Skipping...
2022-11-07 17:15:05 INFO     AutoFeaturizer: Featurizer type dos not in the dataframe. Skipping...
2022-11-07 17:15:05 INFO     AutoFeaturizer: Finished transforming.
2022-11-07 17:15:05 INFO     DataCleaner: Starting fitting.
2022-11-07 17:15:05 INFO     DataCleaner: Cleaning with respect to samples with sample na_method 'drop'
2022-11-07 17:15:05 INFO     DataCleaner: Replacing infinite values with nan for easier screening.
2022-11-07 17:15:05 INFO     DataCleaner: Before handling na: 1567 samples, 134 features
2022-11-07 17:15:05 INFO     DataCleaner: 0 samples did not have target values. They were dropped.
2022-11-07 17:15:05 INFO     DataCleaner: Handling feature na by max na threshold of 0 with method 'drop'.
2022-11-07 17:15:05 INFO     DataCleaner: After handling na: 1567 samples, 134 features
2022-11-07 17:15:05 INFO     DataCleaner: Finished fitting.
2022-11-07 17:15:09 INFO     AutoFeaturizer: Starting transforming.
2022-11-07 17:15:09 INFO     AutoFeaturizer: Compositions detected as strings. Attempting conversion to Composition objects...
