2022-11-07 17:04:53 INFO     AutoFeaturizer: Starting fitting.
2022-11-07 17:04:53 INFO     AutoFeaturizer: Compositions detected as strings. Attempting conversion to Composition objects...
2022-11-07 17:04:54 INFO     AutoFeaturizer: Guessing oxidation states of compositions, as they were not present in input.
2022-11-07 17:04:56 INFO     AutoFeaturizer: Featurizer type structure not in the dataframe to be fitted. Skipping...
2022-11-07 17:04:56 INFO     AutoFeaturizer: Featurizer type bandstructure not in the dataframe to be fitted. Skipping...
2022-11-07 17:04:56 INFO     AutoFeaturizer: Featurizer type dos not in the dataframe to be fitted. Skipping...
2022-11-07 17:04:56 INFO     AutoFeaturizer: Finished fitting.
2022-11-07 17:04:56 INFO     AutoFeaturizer: Starting transforming.
2022-11-07 17:04:56 INFO     AutoFeaturizer: Featurizing with ElementProperty.
2022-11-07 17:04:57 INFO     AutoFeaturizer: Featurizer type structure not in the dataframe. Skipping...
2022-11-07 17:04:57 INFO     AutoFeaturizer: Featurizer type bandstructure not in the dataframe. Skipping...
2022-11-07 17:04:57 INFO     AutoFeaturizer: Featurizer type dos not in the dataframe. Skipping...
2022-11-07 17:04:57 INFO     AutoFeaturizer: Finished transforming.
2022-11-07 17:04:57 INFO     DataCleaner: Starting fitting.
2022-11-07 17:04:57 INFO     DataCleaner: Cleaning with respect to samples with sample na_method 'drop'
2022-11-07 17:04:57 INFO     DataCleaner: Replacing infinite values with nan for easier screening.
2022-11-07 17:04:57 INFO     DataCleaner: Before handling na: 1566 samples, 134 features
2022-11-07 17:04:57 INFO     DataCleaner: 0 samples did not have target values. They were dropped.
2022-11-07 17:04:57 INFO     DataCleaner: Handling feature na by max na threshold of 0 with method 'drop'.
2022-11-07 17:04:57 INFO     DataCleaner: After handling na: 1566 samples, 134 features
2022-11-07 17:04:57 INFO     DataCleaner: Finished fitting.
2022-11-07 17:05:01 INFO     AutoFeaturizer: Starting transforming.
2022-11-07 17:05:01 INFO     AutoFeaturizer: Compositions detected as strings. Attempting conversion to Composition objects...
2022-11-07 17:05:02 INFO     AutoFeaturizer: Guessing oxidation states of compositions, as they were not present in input.
2022-11-07 17:05:03 INFO     AutoFeaturizer: Featurizing with ElementProperty.
2022-11-07 17:05:04 INFO     AutoFeaturizer: Featurizer type structure not in the dataframe. Skipping...
2022-11-07 17:05:04 INFO     AutoFeaturizer: Featurizer type bandstructure not in the dataframe. Skipping...
2022-11-07 17:05:04 INFO     AutoFeaturizer: Featurizer type dos not in the dataframe. Skipping...
2022-11-07 17:05:04 INFO     AutoFeaturizer: Finished transforming.
2022-11-07 17:05:04 INFO     DataCleaner: Starting transforming.
2022-11-07 17:05:04 INFO     DataCleaner: Cleaning with respect to samples with sample na_method 'fill'
2022-11-07 17:05:04 INFO     DataCleaner: Replacing infinite values with nan for easier screening.
2022-11-07 17:05:04 INFO     DataCleaner: Before handling na: 392 samples, 134 features
2022-11-07 17:05:04 INFO     DataCleaner: 0 samples did not have target values. They were dropped.
2022-11-07 17:05:04 INFO     DataCleaner: After handling na: 392 samples, 134 features
2022-11-07 17:05:04 INFO     DataCleaner: Reordering columns...
2022-11-07 17:05:04 INFO     DataCleaner: Finished transforming.
2022-11-07 17:05:04 INFO     AutoFeaturizer: Starting fitting.
2022-11-07 17:05:04 INFO     AutoFeaturizer: Compositions detected as strings. Attempting conversion to Composition objects...
2022-11-07 17:05:04 INFO     AutoFeaturizer: Guessing oxidation states of compositions, as they were not present in input.
2022-11-07 17:05:06 INFO     AutoFeaturizer: Featurizer type structure not in the dataframe to be fitted. Skipping...
2022-11-07 17:05:06 INFO     AutoFeaturizer: Featurizer type bandstructure not in the dataframe to be fitted. Skipping...
2022-11-07 17:05:06 INFO     AutoFeaturizer: Featurizer type dos not in the dataframe to be fitted. Skipping...
2022-11-07 17:05:06 INFO     AutoFeaturizer: Finished fitting.
2022-11-07 17:05:06 INFO     AutoFeaturizer: Starting transforming.
2022-11-07 17:05:06 INFO     AutoFeaturizer: Featurizing with ElementProperty.
2022-11-07 17:05:07 INFO     AutoFeaturizer: Featurizer type structure not in the dataframe. Skipping...
2022-11-07 17:05:07 INFO     AutoFeaturizer: Featurizer type bandstructure not in the dataframe. Skipping...
2022-11-07 17:05:07 INFO     AutoFeaturizer: Featurizer type dos not in the dataframe. Skipping...
2022-11-07 17:05:07 INFO     AutoFeaturizer: Finished transforming.
2022-11-07 17:05:07 INFO     DataCleaner: Starting fitting.
2022-11-07 17:05:07 INFO     DataCleaner: Cleaning with respect to samples with sample na_method 'drop'
2022-11-07 17:05:07 INFO     DataCleaner: Replacing infinite values with nan for easier screening.
2022-11-07 17:05:07 INFO     DataCleaner: Before handling na: 1566 samples, 134 features
2022-11-07 17:05:07 INFO     DataCleaner: 0 samples did not have target values. They were dropped.
2022-11-07 17:05:07 INFO     DataCleaner: Handling feature na by max na threshold of 0 with method 'drop'.
2022-11-07 17:05:07 INFO     DataCleaner: After handling na: 1566 samples, 134 features
2022-11-07 17:05:07 INFO     DataCleaner: Finished fitting.
2022-11-07 17:05:11 INFO     AutoFeaturizer: Starting transforming.
2022-11-07 17:05:11 INFO     AutoFeaturizer: Compositions detected as strings. Attempting conversion to Composition objects...
2022-11-07 17:05:12 INFO     AutoFeaturizer: Guessing oxidation states of compositions, as they were not present in input.
2022-11-07 17:05:13 INFO     AutoFeaturizer: Featurizing with ElementProperty.
2022-11-07 17:05:14 INFO     AutoFeaturizer: Featurizer type structure not in the dataframe. Skipping...
2022-11-07 17:05:14 INFO     AutoFeaturizer: Featurizer type bandstructure not in the dataframe. Skipping...
2022-11-07 17:05:14 INFO     AutoFeaturizer: Featurizer type dos not in the dataframe. Skipping...
2022-11-07 17:05:14 INFO     AutoFeaturizer: Finished transforming.
2022-11-07 17:05:14 INFO     DataCleaner: Starting transforming.
2022-11-07 17:05:14 INFO     DataCleaner: Cleaning with respect to samples with sample na_method 'fill'
2022-11-07 17:05:14 INFO     DataCleaner: Replacing infinite values with nan for easier screening.
2022-11-07 17:05:14 INFO     DataCleaner: Before handling na: 392 samples, 134 features
2022-11-07 17:05:14 INFO     DataCleaner: 0 samples did not have target values. They were dropped.
2022-11-07 17:05:14 INFO     DataCleaner: After handling na: 392 samples, 134 features
2022-11-07 17:05:14 INFO     DataCleaner: Reordering columns...
2022-11-07 17:05:14 INFO     DataCleaner: Finished transforming.
2022-11-07 17:05:14 INFO     AutoFeaturizer: Starting fitting.
2022-11-07 17:05:14 INFO     AutoFeaturizer: Compositions detected as strings. Attempting conversion to Composition objects...
2022-11-07 17:05:15 INFO     AutoFeaturizer: Guessing oxidation states of compositions, as they were not present in input.
2022-11-07 17:05:17 INFO     AutoFeaturizer: Featurizer type structure not in the dataframe to be fitted. Skipping...
2022-11-07 17:05:17 INFO     AutoFeaturizer: Featurizer type bandstructure not in the dataframe to be fitted. Skipping...
2022-11-07 17:05:17 INFO     AutoFeaturizer: Featurizer type dos not in the dataframe to be fitted. Skipping...
2022-11-07 17:05:17 INFO     AutoFeaturizer: Finished fitting.
2022-11-07 17:05:17 INFO     AutoFeaturizer: Starting transforming.
2022-11-07 17:05:17 INFO     AutoFeaturizer: Featurizing with ElementProperty.
2022-11-07 17:05:18 INFO     AutoFeaturizer: Featurizer type structure not in the dataframe. Skipping...
2022-11-07 17:05:18 INFO     AutoFeaturizer: Featurizer type bandstructure not in the dataframe. Skipping...
2022-11-07 17:05:18 INFO     AutoFeaturizer: Featurizer type dos not in the dataframe. Skipping...
2022-11-07 17:05:18 INFO     AutoFeaturizer: Finished transforming.
2022-11-07 17:05:18 INFO     DataCleaner: Starting fitting.
2022-11-07 17:05:18 INFO     DataCleaner: Cleaning with respect to samples with sample na_method 'drop'
2022-11-07 17:05:18 INFO     DataCleaner: Replacing infinite values with nan for easier screening.
2022-11-07 17:05:18 INFO     DataCleaner: Before handling na: 1566 samples, 134 features
2022-11-07 17:05:18 INFO     DataCleaner: 0 samples did not have target values. They were dropped.
2022-11-07 17:05:18 INFO     DataCleaner: Handling feature na by max na threshold of 0 with method 'drop'.
2022-11-07 17:05:18 INFO     DataCleaner: After handling na: 1566 samples, 134 features
2022-11-07 17:05:18 INFO     DataCleaner: Finished fitting.
2022-11-07 17:05:22 INFO     AutoFeaturizer: Starting transforming.
2022-11-07 17:05:22 INFO     AutoFeaturizer: Compositions detected as strings. Attempting conversion to Composition objects...
2022-11-07 17:05:22 INFO     AutoFeaturizer: Guessing oxidation states of compositions, as they were not present in input.
2022-11-07 17:05:24 INFO     AutoFeaturizer: Featurizing with ElementProperty.
2022-11-07 17:05:25 INFO     AutoFeaturizer: Featurizer type structure not in the dataframe. Skipping...
2022-11-07 17:05:25 INFO     AutoFeaturizer: Featurizer type bandstructure not in the dataframe. Skipping...
2022-11-07 17:05:25 INFO     AutoFeaturizer: Featurizer type dos not in the dataframe. Skipping...
2022-11-07 17:05:25 INFO     AutoFeaturizer: Finished transforming.
2022-11-07 17:05:25 INFO     DataCleaner: Starting transforming.
2022-11-07 17:05:25 INFO     DataCleaner: Cleaning with respect to samples with sample na_method 'fill'
2022-11-07 17:05:25 INFO     DataCleaner: Replacing infinite values with nan for easier screening.
2022-11-07 17:05:25 INFO     DataCleaner: Before handling na: 392 samples, 134 features
2022-11-07 17:05:25 INFO     DataCleaner: 0 samples did not have target values. They were dropped.
2022-11-07 17:05:25 INFO     DataCleaner: After handling na: 392 samples, 134 features
2022-11-07 17:05:25 INFO     DataCleaner: Reordering columns...
2022-11-07 17:05:25 INFO     DataCleaner: Finished transforming.
2022-11-07 17:05:25 INFO     AutoFeaturizer: Starting fitting.
2022-11-07 17:05:25 INFO     AutoFeaturizer: Compositions detected as strings. Attempting conversion to Composition objects...
2022-11-07 17:05:25 INFO     AutoFeaturizer: Guessing oxidation states of compositions, as they were not present in input.
2022-11-07 17:05:28 INFO     AutoFeaturizer: Featurizer type structure not in the dataframe to be fitted. Skipping...
2022-11-07 17:05:28 INFO     AutoFeaturizer: Featurizer type bandstructure not in the dataframe to be fitted. Skipping...
2022-11-07 17:05:28 INFO     AutoFeaturizer: Featurizer type dos not in the dataframe to be fitted. Skipping...
2022-11-07 17:05:28 INFO     AutoFeaturizer: Finished fitting.
2022-11-07 17:05:28 INFO     AutoFeaturizer: Starting transforming.
2022-11-07 17:05:28 INFO     AutoFeaturizer: Featurizing with ElementProperty.
2022-11-07 17:05:29 INFO     AutoFeaturizer: Featurizer type structure not in the dataframe. Skipping...
2022-11-07 17:05:29 INFO     AutoFeaturizer: Featurizer type bandstructure not in the dataframe. Skipping...
2022-11-07 17:05:29 INFO     AutoFeaturizer: Featurizer type dos not in the dataframe. Skipping...
2022-11-07 17:05:29 INFO     AutoFeaturizer: Finished transforming.
2022-11-07 17:05:29 INFO     DataCleaner: Starting fitting.
2022-11-07 17:05:29 INFO     DataCleaner: Cleaning with respect to samples with sample na_method 'drop'
2022-11-07 17:05:29 INFO     DataCleaner: Replacing infinite values with nan for easier screening.
2022-11-07 17:05:29 INFO     DataCleaner: Before handling na: 1567 samples, 134 features
2022-11-07 17:05:29 INFO     DataCleaner: 0 samples did not have target values. They were dropped.
2022-11-07 17:05:29 INFO     DataCleaner: Handling feature na by max na threshold of 0 with method 'drop'.
2022-11-07 17:05:29 INFO     DataCleaner: After handling na: 1567 samples, 134 features
2022-11-07 17:05:29 INFO     DataCleaner: Finished fitting.
2022-11-07 17:05:33 INFO     AutoFeaturizer: Starting transforming.
2022-11-07 17:05:33 INFO     AutoFeaturizer: Compositions detected as strings. Attempting conversion to Composition objects...
2022-11-07 17:05:34 INFO     AutoFeaturizer: Guessing oxidation states of compositions, as they were not present in input.
2022-11-07 17:05:35 INFO     AutoFeaturizer: Featurizing with ElementProperty.
2022-11-07 17:05:35 INFO     AutoFeaturizer: Featurizer type structure not in the dataframe. Skipping...
2022-11-07 17:05:35 INFO     AutoFeaturizer: Featurizer type bandstructure not in the dataframe. Skipping...
2022-11-07 17:05:35 INFO     AutoFeaturizer: Featurizer type dos not in the dataframe. Skipping...
2022-11-07 17:05:35 INFO     AutoFeaturizer: Finished transforming.
2022-11-07 17:05:35 INFO     DataCleaner: Starting transforming.
2022-11-07 17:05:35 INFO     DataCleaner: Cleaning with respect to samples with sample na_method 'fill'
2022-11-07 17:05:35 INFO     DataCleaner: Replacing infinite values with nan for easier screening.
2022-11-07 17:05:35 INFO     DataCleaner: Before handling na: 391 samples, 134 features
2022-11-07 17:05:35 INFO     DataCleaner: 0 samples did not have target values. They were dropped.
2022-11-07 17:05:35 INFO     DataCleaner: After handling na: 391 samples, 134 features
2022-11-07 17:05:35 INFO     DataCleaner: Reordering columns...
2022-11-07 17:05:35 INFO     DataCleaner: Finished transforming.
2022-11-07 17:05:35 INFO     AutoFeaturizer: Starting fitting.
2022-11-07 17:05:35 INFO     AutoFeaturizer: Compositions detected as strings. Attempting conversion to Composition objects...
2022-11-07 17:05:36 INFO     AutoFeaturizer: Guessing oxidation states of compositions, as they were not present in input.
2022-11-07 17:05:38 INFO     AutoFeaturizer: Featurizer type structure not in the dataframe to be fitted. Skipping...
2022-11-07 17:05:38 INFO     AutoFeaturizer: Featurizer type bandstructure not in the dataframe to be fitted. Skipping...
2022-11-07 17:05:38 INFO     AutoFeaturizer: Featurizer type dos not in the dataframe to be fitted. Skipping...
2022-11-07 17:05:38 INFO     AutoFeaturizer: Finished fitting.
2022-11-07 17:05:38 INFO     AutoFeaturizer: Starting transforming.
2022-11-07 17:05:38 INFO     AutoFeaturizer: Featurizing with ElementProperty.
2022-11-07 17:05:39 INFO     AutoFeaturizer: Featurizer type structure not in the dataframe. Skipping...
2022-11-07 17:05:39 INFO     AutoFeaturizer: Featurizer type bandstructure not in the dataframe. Skipping...
2022-11-07 17:05:39 INFO     AutoFeaturizer: Featurizer type dos not in the dataframe. Skipping...
2022-11-07 17:05:39 INFO     AutoFeaturizer: Finished transforming.
2022-11-07 17:05:40 INFO     DataCleaner: Starting fitting.
2022-11-07 17:05:40 INFO     DataCleaner: Cleaning with respect to samples with sample na_method 'drop'
2022-11-07 17:05:40 INFO     DataCleaner: Replacing infinite values with nan for easier screening.
2022-11-07 17:05:40 INFO     DataCleaner: Before handling na: 1567 samples, 134 features
2022-11-07 17:05:40 INFO     DataCleaner: 0 samples did not have target values. They were dropped.
2022-11-07 17:05:40 INFO     DataCleaner: Handling feature na by max na threshold of 0 with method 'drop'.
2022-11-07 17:05:40 INFO     DataCleaner: After handling na: 1567 samples, 134 features
2022-11-07 17:05:40 INFO     DataCleaner: Finished fitting.
2022-11-07 17:05:44 INFO     AutoFeaturizer: Starting transforming.
2022-11-07 17:05:44 INFO     AutoFeaturizer: Compositions detected as strings. Attempting conversion to Composition objects...
2022-11-07 17:05:44 INFO     AutoFeaturizer: Guessing oxidation states of compositions, as they were not present in input.
2022-11-07 17:05:45 INFO     AutoFeaturizer: Featurizing with ElementProperty.
2022-11-07 17:05:46 INFO     AutoFeaturizer: Featurizer type structure not in the dataframe. Skipping...
2022-11-07 17:05:46 INFO     AutoFeaturizer: Featurizer type bandstructure not in the dataframe. Skipping...
2022-11-07 17:05:46 INFO     AutoFeaturizer: Featurizer type dos not in the dataframe. Skipping...
2022-11-07 17:05:46 INFO     AutoFeaturizer: Finished transforming.
2022-11-07 17:05:46 INFO     DataCleaner: Starting transforming.
2022-11-07 17:05:46 INFO     DataCleaner: Cleaning with respect to samples with sample na_method 'fill'
2022-11-07 17:05:46 INFO     DataCleaner: Replacing infinite values with nan for easier screening.
2022-11-07 17:05:46 INFO     DataCleaner: Before handling na: 391 samples, 134 features
2022-11-07 17:05:46 INFO     DataCleaner: 0 samples did not have target values. They were dropped.
2022-11-07 17:05:46 INFO     DataCleaner: After handling na: 391 samples, 134 features
2022-11-07 17:05:46 INFO     DataCleaner: Reordering columns...
2022-11-07 17:05:46 INFO     DataCleaner: Finished transforming.
