2022-11-07 17:00:22 INFO     AutoFeaturizer: Starting fitting.
2022-11-07 17:00:22 INFO     AutoFeaturizer: Compositions detected as strings. Attempting conversion to Composition objects...
2022-11-07 17:00:22 INFO     AutoFeaturizer: Guessing oxidation states of compositions, as they were not present in input.
2022-11-07 17:00:25 INFO     AutoFeaturizer: Featurizer type structure not in the dataframe to be fitted. Skipping...
2022-11-07 17:00:25 INFO     AutoFeaturizer: Featurizer type bandstructure not in the dataframe to be fitted. Skipping...
2022-11-07 17:00:25 INFO     AutoFeaturizer: Featurizer type dos not in the dataframe to be fitted. Skipping...
2022-11-07 17:00:25 INFO     AutoFeaturizer: Finished fitting.
2022-11-07 17:00:25 INFO     AutoFeaturizer: Starting transforming.
2022-11-07 17:00:25 INFO     AutoFeaturizer: Featurizing with ElementProperty.
2022-11-07 17:00:26 INFO     AutoFeaturizer: Featurizer type structure not in the dataframe. Skipping...
2022-11-07 17:00:26 INFO     AutoFeaturizer: Featurizer type bandstructure not in the dataframe. Skipping...
2022-11-07 17:00:26 INFO     AutoFeaturizer: Featurizer type dos not in the dataframe. Skipping...
2022-11-07 17:00:26 INFO     AutoFeaturizer: Finished transforming.
2022-11-07 17:00:26 INFO     DataCleaner: Starting fitting.
2022-11-07 17:00:26 INFO     DataCleaner: Cleaning with respect to samples with sample na_method 'drop'
2022-11-07 17:00:26 INFO     DataCleaner: Replacing infinite values with nan for easier screening.
2022-11-07 17:00:26 INFO     DataCleaner: Before handling na: 1566 samples, 134 features
2022-11-07 17:00:26 INFO     DataCleaner: 0 samples did not have target values. They were dropped.
2022-11-07 17:00:26 INFO     DataCleaner: Handling feature na by max na threshold of 0 with method 'drop'.
2022-11-07 17:00:26 INFO     DataCleaner: After handling na: 1566 samples, 134 features
2022-11-07 17:00:26 INFO     DataCleaner: Finished fitting.
2022-11-07 17:00:30 INFO     AutoFeaturizer: Starting transforming.
2022-11-07 17:00:30 INFO     AutoFeaturizer: Compositions detected as strings. Attempting conversion to Composition objects...
2022-11-07 17:00:30 INFO     AutoFeaturizer: Guessing oxidation states of compositions, as they were not present in input.
2022-11-07 17:00:32 INFO     AutoFeaturizer: Featurizing with ElementProperty.
2022-11-07 17:00:32 INFO     AutoFeaturizer: Featurizer type structure not in the dataframe. Skipping...
2022-11-07 17:00:32 INFO     AutoFeaturizer: Featurizer type bandstructure not in the dataframe. Skipping...
2022-11-07 17:00:32 INFO     AutoFeaturizer: Featurizer type dos not in the dataframe. Skipping...
2022-11-07 17:00:32 INFO     AutoFeaturizer: Finished transforming.
2022-11-07 17:00:32 INFO     DataCleaner: Starting transforming.
2022-11-07 17:00:32 INFO     DataCleaner: Cleaning with respect to samples with sample na_method 'fill'
2022-11-07 17:00:32 INFO     DataCleaner: Replacing infinite values with nan for easier screening.
2022-11-07 17:00:32 INFO     DataCleaner: Before handling na: 392 samples, 134 features
2022-11-07 17:00:32 INFO     DataCleaner: 0 samples did not have target values. They were dropped.
2022-11-07 17:00:32 INFO     DataCleaner: After handling na: 392 samples, 134 features
2022-11-07 17:00:32 INFO     DataCleaner: Reordering columns...
2022-11-07 17:00:32 INFO     DataCleaner: Finished transforming.
2022-11-07 17:00:32 INFO     AutoFeaturizer: Starting fitting.
2022-11-07 17:00:32 INFO     AutoFeaturizer: Compositions detected as strings. Attempting conversion to Composition objects...
2022-11-07 17:00:33 INFO     AutoFeaturizer: Guessing oxidation states of compositions, as they were not present in input.
2022-11-07 17:00:35 INFO     AutoFeaturizer: Featurizer type structure not in the dataframe to be fitted. Skipping...
2022-11-07 17:00:35 INFO     AutoFeaturizer: Featurizer type bandstructure not in the dataframe to be fitted. Skipping...
2022-11-07 17:00:35 INFO     AutoFeaturizer: Featurizer type dos not in the dataframe to be fitted. Skipping...
2022-11-07 17:00:35 INFO     AutoFeaturizer: Finished fitting.
2022-11-07 17:00:35 INFO     AutoFeaturizer: Starting transforming.
2022-11-07 17:00:35 INFO     AutoFeaturizer: Featurizing with ElementProperty.
2022-11-07 17:00:36 INFO     AutoFeaturizer: Featurizer type structure not in the dataframe. Skipping...
2022-11-07 17:00:36 INFO     AutoFeaturizer: Featurizer type bandstructure not in the dataframe. Skipping...
2022-11-07 17:00:36 INFO     AutoFeaturizer: Featurizer type dos not in the dataframe. Skipping...
2022-11-07 17:00:36 INFO     AutoFeaturizer: Finished transforming.
2022-11-07 17:00:36 INFO     DataCleaner: Starting fitting.
2022-11-07 17:00:36 INFO     DataCleaner: Cleaning with respect to samples with sample na_method 'drop'
2022-11-07 17:00:36 INFO     DataCleaner: Replacing infinite values with nan for easier screening.
2022-11-07 17:00:36 INFO     DataCleaner: Before handling na: 1566 samples, 134 features
2022-11-07 17:00:36 INFO     DataCleaner: 0 samples did not have target values. They were dropped.
2022-11-07 17:00:36 INFO     DataCleaner: Handling feature na by max na threshold of 0 with method 'drop'.
2022-11-07 17:00:36 INFO     DataCleaner: After handling na: 1566 samples, 134 features
2022-11-07 17:00:36 INFO     DataCleaner: Finished fitting.
2022-11-07 17:00:40 INFO     AutoFeaturizer: Starting transforming.
2022-11-07 17:00:40 INFO     AutoFeaturizer: Compositions detected as strings. Attempting conversion to Composition objects...
2022-11-07 17:00:41 INFO     AutoFeaturizer: Guessing oxidation states of compositions, as they were not present in input.
2022-11-07 17:00:43 INFO     AutoFeaturizer: Featurizing with ElementProperty.
2022-11-07 17:00:43 INFO     AutoFeaturizer: Featurizer type structure not in the dataframe. Skipping...
2022-11-07 17:00:43 INFO     AutoFeaturizer: Featurizer type bandstructure not in the dataframe. Skipping...
2022-11-07 17:00:43 INFO     AutoFeaturizer: Featurizer type dos not in the dataframe. Skipping...
2022-11-07 17:00:43 INFO     AutoFeaturizer: Finished transforming.
2022-11-07 17:00:43 INFO     DataCleaner: Starting transforming.
2022-11-07 17:00:43 INFO     DataCleaner: Cleaning with respect to samples with sample na_method 'fill'
2022-11-07 17:00:43 INFO     DataCleaner: Replacing infinite values with nan for easier screening.
2022-11-07 17:00:43 INFO     DataCleaner: Before handling na: 392 samples, 134 features
2022-11-07 17:00:43 INFO     DataCleaner: 0 samples did not have target values. They were dropped.
2022-11-07 17:00:43 INFO     DataCleaner: After handling na: 392 samples, 134 features
2022-11-07 17:00:43 INFO     DataCleaner: Reordering columns...
2022-11-07 17:00:43 INFO     DataCleaner: Finished transforming.
2022-11-07 17:00:43 INFO     AutoFeaturizer: Starting fitting.
2022-11-07 17:00:43 INFO     AutoFeaturizer: Compositions detected as strings. Attempting conversion to Composition objects...
2022-11-07 17:00:44 INFO     AutoFeaturizer: Guessing oxidation states of compositions, as they were not present in input.
2022-11-07 17:00:46 INFO     AutoFeaturizer: Featurizer type structure not in the dataframe to be fitted. Skipping...
2022-11-07 17:00:46 INFO     AutoFeaturizer: Featurizer type bandstructure not in the dataframe to be fitted. Skipping...
2022-11-07 17:00:46 INFO     AutoFeaturizer: Featurizer type dos not in the dataframe to be fitted. Skipping...
2022-11-07 17:00:46 INFO     AutoFeaturizer: Finished fitting.
2022-11-07 17:00:46 INFO     AutoFeaturizer: Starting transforming.
2022-11-07 17:00:46 INFO     AutoFeaturizer: Featurizing with ElementProperty.
2022-11-07 17:00:47 INFO     AutoFeaturizer: Featurizer type structure not in the dataframe. Skipping...
2022-11-07 17:00:47 INFO     AutoFeaturizer: Featurizer type bandstructure not in the dataframe. Skipping...
2022-11-07 17:00:47 INFO     AutoFeaturizer: Featurizer type dos not in the dataframe. Skipping...
2022-11-07 17:00:47 INFO     AutoFeaturizer: Finished transforming.
2022-11-07 17:00:47 INFO     DataCleaner: Starting fitting.
2022-11-07 17:00:47 INFO     DataCleaner: Cleaning with respect to samples with sample na_method 'drop'
2022-11-07 17:00:47 INFO     DataCleaner: Replacing infinite values with nan for easier screening.
2022-11-07 17:00:47 INFO     DataCleaner: Before handling na: 1566 samples, 134 features
2022-11-07 17:00:47 INFO     DataCleaner: 0 samples did not have target values. They were dropped.
2022-11-07 17:00:47 INFO     DataCleaner: Handling feature na by max na threshold of 0 with method 'drop'.
2022-11-07 17:00:47 INFO     DataCleaner: After handling na: 1566 samples, 134 features
2022-11-07 17:00:47 INFO     DataCleaner: Finished fitting.
2022-11-07 17:00:52 INFO     AutoFeaturizer: Starting transforming.
2022-11-07 17:00:52 INFO     AutoFeaturizer: Compositions detected as strings. Attempting conversion to Composition objects...
2022-11-07 17:00:52 INFO     AutoFeaturizer: Guessing oxidation states of compositions, as they were not present in input.
2022-11-07 17:00:54 INFO     AutoFeaturizer: Featurizing with ElementProperty.
2022-11-07 17:00:55 INFO     AutoFeaturizer: Featurizer type structure not in the dataframe. Skipping...
2022-11-07 17:00:55 INFO     AutoFeaturizer: Featurizer type bandstructure not in the dataframe. Skipping...
2022-11-07 17:00:55 INFO     AutoFeaturizer: Featurizer type dos not in the dataframe. Skipping...
2022-11-07 17:00:55 INFO     AutoFeaturizer: Finished transforming.
2022-11-07 17:00:55 INFO     DataCleaner: Starting transforming.
2022-11-07 17:00:55 INFO     DataCleaner: Cleaning with respect to samples with sample na_method 'fill'
2022-11-07 17:00:55 INFO     DataCleaner: Replacing infinite values with nan for easier screening.
2022-11-07 17:00:55 INFO     DataCleaner: Before handling na: 392 samples, 134 features
2022-11-07 17:00:55 INFO     DataCleaner: 0 samples did not have target values. They were dropped.
2022-11-07 17:00:55 INFO     DataCleaner: After handling na: 392 samples, 134 features
2022-11-07 17:00:55 INFO     DataCleaner: Reordering columns...
2022-11-07 17:00:55 INFO     DataCleaner: Finished transforming.
2022-11-07 17:00:55 INFO     AutoFeaturizer: Starting fitting.
2022-11-07 17:00:55 INFO     AutoFeaturizer: Compositions detected as strings. Attempting conversion to Composition objects...
2022-11-07 17:00:56 INFO     AutoFeaturizer: Guessing oxidation states of compositions, as they were not present in input.
2022-11-07 17:00:58 INFO     AutoFeaturizer: Featurizer type structure not in the dataframe to be fitted. Skipping...
2022-11-07 17:00:58 INFO     AutoFeaturizer: Featurizer type bandstructure not in the dataframe to be fitted. Skipping...
2022-11-07 17:00:58 INFO     AutoFeaturizer: Featurizer type dos not in the dataframe to be fitted. Skipping...
2022-11-07 17:00:58 INFO     AutoFeaturizer: Finished fitting.
2022-11-07 17:00:58 INFO     AutoFeaturizer: Starting transforming.
2022-11-07 17:00:58 INFO     AutoFeaturizer: Featurizing with ElementProperty.
2022-11-07 17:00:59 INFO     AutoFeaturizer: Featurizer type structure not in the dataframe. Skipping...
2022-11-07 17:00:59 INFO     AutoFeaturizer: Featurizer type bandstructure not in the dataframe. Skipping...
2022-11-07 17:00:59 INFO     AutoFeaturizer: Featurizer type dos not in the dataframe. Skipping...
2022-11-07 17:00:59 INFO     AutoFeaturizer: Finished transforming.
2022-11-07 17:00:59 INFO     DataCleaner: Starting fitting.
2022-11-07 17:00:59 INFO     DataCleaner: Cleaning with respect to samples with sample na_method 'drop'
2022-11-07 17:00:59 INFO     DataCleaner: Replacing infinite values with nan for easier screening.
2022-11-07 17:00:59 INFO     DataCleaner: Before handling na: 1567 samples, 134 features
2022-11-07 17:00:59 INFO     DataCleaner: 0 samples did not have target values. They were dropped.
2022-11-07 17:00:59 INFO     DataCleaner: Handling feature na by max na threshold of 0 with method 'drop'.
2022-11-07 17:00:59 INFO     DataCleaner: After handling na: 1567 samples, 134 features
2022-11-07 17:00:59 INFO     DataCleaner: Finished fitting.
2022-11-07 17:01:04 INFO     AutoFeaturizer: Starting transforming.
2022-11-07 17:01:04 INFO     AutoFeaturizer: Compositions detected as strings. Attempting conversion to Composition objects...
2022-11-07 17:01:04 INFO     AutoFeaturizer: Guessing oxidation states of compositions, as they were not present in input.
2022-11-07 17:01:06 INFO     AutoFeaturizer: Featurizing with ElementProperty.
2022-11-07 17:01:06 INFO     AutoFeaturizer: Featurizer type structure not in the dataframe. Skipping...
2022-11-07 17:01:06 INFO     AutoFeaturizer: Featurizer type bandstructure not in the dataframe. Skipping...
2022-11-07 17:01:06 INFO     AutoFeaturizer: Featurizer type dos not in the dataframe. Skipping...
2022-11-07 17:01:06 INFO     AutoFeaturizer: Finished transforming.
2022-11-07 17:01:06 INFO     DataCleaner: Starting transforming.
2022-11-07 17:01:06 INFO     DataCleaner: Cleaning with respect to samples with sample na_method 'fill'
2022-11-07 17:01:06 INFO     DataCleaner: Replacing infinite values with nan for easier screening.
2022-11-07 17:01:06 INFO     DataCleaner: Before handling na: 391 samples, 134 features
2022-11-07 17:01:06 INFO     DataCleaner: 0 samples did not have target values. They were dropped.
2022-11-07 17:01:06 INFO     DataCleaner: After handling na: 391 samples, 134 features
2022-11-07 17:01:06 INFO     DataCleaner: Reordering columns...
2022-11-07 17:01:06 INFO     DataCleaner: Finished transforming.
2022-11-07 17:01:06 INFO     AutoFeaturizer: Starting fitting.
2022-11-07 17:01:06 INFO     AutoFeaturizer: Compositions detected as strings. Attempting conversion to Composition objects...
2022-11-07 17:01:07 INFO     AutoFeaturizer: Guessing oxidation states of compositions, as they were not present in input.
2022-11-07 17:01:09 INFO     AutoFeaturizer: Featurizer type structure not in the dataframe to be fitted. Skipping...
2022-11-07 17:01:09 INFO     AutoFeaturizer: Featurizer type bandstructure not in the dataframe to be fitted. Skipping...
2022-11-07 17:01:09 INFO     AutoFeaturizer: Featurizer type dos not in the dataframe to be fitted. Skipping...
2022-11-07 17:01:09 INFO     AutoFeaturizer: Finished fitting.
2022-11-07 17:01:09 INFO     AutoFeaturizer: Starting transforming.
2022-11-07 17:01:09 INFO     AutoFeaturizer: Featurizing with ElementProperty.
2022-11-07 17:01:10 INFO     AutoFeaturizer: Featurizer type structure not in the dataframe. Skipping...
2022-11-07 17:01:10 INFO     AutoFeaturizer: Featurizer type bandstructure not in the dataframe. Skipping...
2022-11-07 17:01:10 INFO     AutoFeaturizer: Featurizer type dos not in the dataframe. Skipping...
2022-11-07 17:01:10 INFO     AutoFeaturizer: Finished transforming.
2022-11-07 17:01:10 INFO     DataCleaner: Starting fitting.
2022-11-07 17:01:10 INFO     DataCleaner: Cleaning with respect to samples with sample na_method 'drop'
2022-11-07 17:01:10 INFO     DataCleaner: Replacing infinite values with nan for easier screening.
2022-11-07 17:01:10 INFO     DataCleaner: Before handling na: 1567 samples, 134 features
2022-11-07 17:01:10 INFO     DataCleaner: 0 samples did not have target values. They were dropped.
2022-11-07 17:01:10 INFO     DataCleaner: Handling feature na by max na threshold of 0 with method 'drop'.
2022-11-07 17:01:10 INFO     DataCleaner: After handling na: 1567 samples, 134 features
2022-11-07 17:01:10 INFO     DataCleaner: Finished fitting.
2022-11-07 17:01:15 INFO     AutoFeaturizer: Starting transforming.
2022-11-07 17:01:15 INFO     AutoFeaturizer: Compositions detected as strings. Attempting conversion to Composition objects...
2022-11-07 17:01:15 INFO     AutoFeaturizer: Guessing oxidation states of compositions, as they were not present in input.
2022-11-07 17:01:16 INFO     AutoFeaturizer: Featurizing with ElementProperty.
2022-11-07 17:01:17 INFO     AutoFeaturizer: Featurizer type structure not in the dataframe. Skipping...
2022-11-07 17:01:17 INFO     AutoFeaturizer: Featurizer type bandstructure not in the dataframe. Skipping...
2022-11-07 17:01:17 INFO     AutoFeaturizer: Featurizer type dos not in the dataframe. Skipping...
2022-11-07 17:01:17 INFO     AutoFeaturizer: Finished transforming.
2022-11-07 17:01:17 INFO     DataCleaner: Starting transforming.
2022-11-07 17:01:17 INFO     DataCleaner: Cleaning with respect to samples with sample na_method 'fill'
2022-11-07 17:01:17 INFO     DataCleaner: Replacing infinite values with nan for easier screening.
2022-11-07 17:01:17 INFO     DataCleaner: Before handling na: 391 samples, 134 features
2022-11-07 17:01:17 INFO     DataCleaner: 0 samples did not have target values. They were dropped.
2022-11-07 17:01:17 INFO     DataCleaner: After handling na: 391 samples, 134 features
2022-11-07 17:01:17 INFO     DataCleaner: Reordering columns...
2022-11-07 17:01:17 INFO     DataCleaner: Finished transforming.
