2022-11-07 17:11:48 INFO     AutoFeaturizer: Starting fitting.
2022-11-07 17:11:48 INFO     AutoFeaturizer: Compositions detected as strings. Attempting conversion to Composition objects...
2022-11-07 17:11:48 INFO     AutoFeaturizer: Guessing oxidation states of compositions, as they were not present in input.
2022-11-07 17:11:51 INFO     AutoFeaturizer: Featurizer type structure not in the dataframe to be fitted. Skipping...
2022-11-07 17:11:51 INFO     AutoFeaturizer: Featurizer type bandstructure not in the dataframe to be fitted. Skipping...
2022-11-07 17:11:51 INFO     AutoFeaturizer: Featurizer type dos not in the dataframe to be fitted. Skipping...
2022-11-07 17:11:51 INFO     AutoFeaturizer: Finished fitting.
2022-11-07 17:11:51 INFO     AutoFeaturizer: Starting transforming.
2022-11-07 17:11:51 INFO     AutoFeaturizer: Featurizing with ElementProperty.
2022-11-07 17:11:52 INFO     AutoFeaturizer: Featurizer type structure not in the dataframe. Skipping...
2022-11-07 17:11:52 INFO     AutoFeaturizer: Featurizer type bandstructure not in the dataframe. Skipping...
2022-11-07 17:11:52 INFO     AutoFeaturizer: Featurizer type dos not in the dataframe. Skipping...
2022-11-07 17:11:52 INFO     AutoFeaturizer: Finished transforming.
2022-11-07 17:11:52 INFO     DataCleaner: Starting fitting.
2022-11-07 17:11:52 INFO     DataCleaner: Cleaning with respect to samples with sample na_method 'drop'
2022-11-07 17:11:52 INFO     DataCleaner: Replacing infinite values with nan for easier screening.
2022-11-07 17:11:52 INFO     DataCleaner: Before handling na: 1566 samples, 134 features
2022-11-07 17:11:52 INFO     DataCleaner: 0 samples did not have target values. They were dropped.
2022-11-07 17:11:52 INFO     DataCleaner: Handling feature na by max na threshold of 0 with method 'drop'.
2022-11-07 17:11:52 INFO     DataCleaner: After handling na: 1566 samples, 134 features
2022-11-07 17:11:52 INFO     DataCleaner: Finished fitting.
2022-11-07 17:11:56 INFO     AutoFeaturizer: Starting transforming.
2022-11-07 17:11:56 INFO     AutoFeaturizer: Compositions detected as strings. Attempting conversion to Composition objects...
2022-11-07 17:11:56 INFO     AutoFeaturizer: Guessing oxidation states of compositions, as they were not present in input.
2022-11-07 17:11:58 INFO     AutoFeaturizer: Featurizing with ElementProperty.
2022-11-07 17:11:58 INFO     AutoFeaturizer: Featurizer type structure not in the dataframe. Skipping...
2022-11-07 17:11:58 INFO     AutoFeaturizer: Featurizer type bandstructure not in the dataframe. Skipping...
2022-11-07 17:11:58 INFO     AutoFeaturizer: Featurizer type dos not in the dataframe. Skipping...
2022-11-07 17:11:58 INFO     AutoFeaturizer: Finished transforming.
2022-11-07 17:11:58 INFO     DataCleaner: Starting transforming.
2022-11-07 17:11:58 INFO     DataCleaner: Cleaning with respect to samples with sample na_method 'fill'
2022-11-07 17:11:58 INFO     DataCleaner: Replacing infinite values with nan for easier screening.
2022-11-07 17:11:58 INFO     DataCleaner: Before handling na: 392 samples, 134 features
2022-11-07 17:11:58 INFO     DataCleaner: 0 samples did not have target values. They were dropped.
2022-11-07 17:11:58 INFO     DataCleaner: After handling na: 392 samples, 134 features
2022-11-07 17:11:58 INFO     DataCleaner: Reordering columns...
2022-11-07 17:11:58 INFO     DataCleaner: Finished transforming.
2022-11-07 17:11:58 INFO     AutoFeaturizer: Starting fitting.
2022-11-07 17:11:58 INFO     AutoFeaturizer: Compositions detected as strings. Attempting conversion to Composition objects...
2022-11-07 17:11:59 INFO     AutoFeaturizer: Guessing oxidation states of compositions, as they were not present in input.
2022-11-07 17:12:01 INFO     AutoFeaturizer: Featurizer type structure not in the dataframe to be fitted. Skipping...
2022-11-07 17:12:01 INFO     AutoFeaturizer: Featurizer type bandstructure not in the dataframe to be fitted. Skipping...
2022-11-07 17:12:01 INFO     AutoFeaturizer: Featurizer type dos not in the dataframe to be fitted. Skipping...
2022-11-07 17:12:01 INFO     AutoFeaturizer: Finished fitting.
2022-11-07 17:12:01 INFO     AutoFeaturizer: Starting transforming.
2022-11-07 17:12:01 INFO     AutoFeaturizer: Featurizing with ElementProperty.
2022-11-07 17:12:02 INFO     AutoFeaturizer: Featurizer type structure not in the dataframe. Skipping...
2022-11-07 17:12:02 INFO     AutoFeaturizer: Featurizer type bandstructure not in the dataframe. Skipping...
2022-11-07 17:12:02 INFO     AutoFeaturizer: Featurizer type dos not in the dataframe. Skipping...
2022-11-07 17:12:02 INFO     AutoFeaturizer: Finished transforming.
2022-11-07 17:12:02 INFO     DataCleaner: Starting fitting.
2022-11-07 17:12:02 INFO     DataCleaner: Cleaning with respect to samples with sample na_method 'drop'
2022-11-07 17:12:02 INFO     DataCleaner: Replacing infinite values with nan for easier screening.
2022-11-07 17:12:02 INFO     DataCleaner: Before handling na: 1566 samples, 134 features
2022-11-07 17:12:02 INFO     DataCleaner: 0 samples did not have target values. They were dropped.
2022-11-07 17:12:02 INFO     DataCleaner: Handling feature na by max na threshold of 0 with method 'drop'.
2022-11-07 17:12:02 INFO     DataCleaner: After handling na: 1566 samples, 134 features
2022-11-07 17:12:02 INFO     DataCleaner: Finished fitting.
2022-11-07 17:12:06 INFO     AutoFeaturizer: Starting transforming.
2022-11-07 17:12:06 INFO     AutoFeaturizer: Compositions detected as strings. Attempting conversion to Composition objects...
2022-11-07 17:12:07 INFO     AutoFeaturizer: Guessing oxidation states of compositions, as they were not present in input.
2022-11-07 17:12:08 INFO     AutoFeaturizer: Featurizing with ElementProperty.
2022-11-07 17:12:09 INFO     AutoFeaturizer: Featurizer type structure not in the dataframe. Skipping...
2022-11-07 17:12:09 INFO     AutoFeaturizer: Featurizer type bandstructure not in the dataframe. Skipping...
2022-11-07 17:12:09 INFO     AutoFeaturizer: Featurizer type dos not in the dataframe. Skipping...
2022-11-07 17:12:09 INFO     AutoFeaturizer: Finished transforming.
2022-11-07 17:12:09 INFO     DataCleaner: Starting transforming.
2022-11-07 17:12:09 INFO     DataCleaner: Cleaning with respect to samples with sample na_method 'fill'
2022-11-07 17:12:09 INFO     DataCleaner: Replacing infinite values with nan for easier screening.
2022-11-07 17:12:09 INFO     DataCleaner: Before handling na: 392 samples, 134 features
2022-11-07 17:12:09 INFO     DataCleaner: 0 samples did not have target values. They were dropped.
2022-11-07 17:12:09 INFO     DataCleaner: After handling na: 392 samples, 134 features
2022-11-07 17:12:09 INFO     DataCleaner: Reordering columns...
2022-11-07 17:12:09 INFO     DataCleaner: Finished transforming.
2022-11-07 17:12:09 INFO     AutoFeaturizer: Starting fitting.
2022-11-07 17:12:09 INFO     AutoFeaturizer: Compositions detected as strings. Attempting conversion to Composition objects...
2022-11-07 17:12:10 INFO     AutoFeaturizer: Guessing oxidation states of compositions, as they were not present in input.
2022-11-07 17:12:12 INFO     AutoFeaturizer: Featurizer type structure not in the dataframe to be fitted. Skipping...
2022-11-07 17:12:12 INFO     AutoFeaturizer: Featurizer type bandstructure not in the dataframe to be fitted. Skipping...
2022-11-07 17:12:12 INFO     AutoFeaturizer: Featurizer type dos not in the dataframe to be fitted. Skipping...
2022-11-07 17:12:12 INFO     AutoFeaturizer: Finished fitting.
2022-11-07 17:12:12 INFO     AutoFeaturizer: Starting transforming.
2022-11-07 17:12:12 INFO     AutoFeaturizer: Featurizing with ElementProperty.
2022-11-07 17:12:13 INFO     AutoFeaturizer: Featurizer type structure not in the dataframe. Skipping...
2022-11-07 17:12:13 INFO     AutoFeaturizer: Featurizer type bandstructure not in the dataframe. Skipping...
2022-11-07 17:12:13 INFO     AutoFeaturizer: Featurizer type dos not in the dataframe. Skipping...
2022-11-07 17:12:13 INFO     AutoFeaturizer: Finished transforming.
2022-11-07 17:12:13 INFO     DataCleaner: Starting fitting.
2022-11-07 17:12:13 INFO     DataCleaner: Cleaning with respect to samples with sample na_method 'drop'
2022-11-07 17:12:13 INFO     DataCleaner: Replacing infinite values with nan for easier screening.
2022-11-07 17:12:13 INFO     DataCleaner: Before handling na: 1566 samples, 134 features
2022-11-07 17:12:13 INFO     DataCleaner: 0 samples did not have target values. They were dropped.
2022-11-07 17:12:13 INFO     DataCleaner: Handling feature na by max na threshold of 0 with method 'drop'.
2022-11-07 17:12:13 INFO     DataCleaner: After handling na: 1566 samples, 134 features
2022-11-07 17:12:13 INFO     DataCleaner: Finished fitting.
2022-11-07 17:12:17 INFO     AutoFeaturizer: Starting transforming.
2022-11-07 17:12:17 INFO     AutoFeaturizer: Compositions detected as strings. Attempting conversion to Composition objects...
2022-11-07 17:12:17 INFO     AutoFeaturizer: Guessing oxidation states of compositions, as they were not present in input.
2022-11-07 17:12:20 INFO     AutoFeaturizer: Featurizing with ElementProperty.
2022-11-07 17:12:20 INFO     AutoFeaturizer: Featurizer type structure not in the dataframe. Skipping...
2022-11-07 17:12:20 INFO     AutoFeaturizer: Featurizer type bandstructure not in the dataframe. Skipping...
2022-11-07 17:12:20 INFO     AutoFeaturizer: Featurizer type dos not in the dataframe. Skipping...
2022-11-07 17:12:20 INFO     AutoFeaturizer: Finished transforming.
2022-11-07 17:12:20 INFO     DataCleaner: Starting transforming.
2022-11-07 17:12:20 INFO     DataCleaner: Cleaning with respect to samples with sample na_method 'fill'
2022-11-07 17:12:20 INFO     DataCleaner: Replacing infinite values with nan for easier screening.
2022-11-07 17:12:20 INFO     DataCleaner: Before handling na: 392 samples, 134 features
2022-11-07 17:12:20 INFO     DataCleaner: 0 samples did not have target values. They were dropped.
2022-11-07 17:12:20 INFO     DataCleaner: After handling na: 392 samples, 134 features
2022-11-07 17:12:20 INFO     DataCleaner: Reordering columns...
2022-11-07 17:12:20 INFO     DataCleaner: Finished transforming.
2022-11-07 17:12:20 INFO     AutoFeaturizer: Starting fitting.
2022-11-07 17:12:20 INFO     AutoFeaturizer: Compositions detected as strings. Attempting conversion to Composition objects...
2022-11-07 17:12:21 INFO     AutoFeaturizer: Guessing oxidation states of compositions, as they were not present in input.
2022-11-07 17:12:23 INFO     AutoFeaturizer: Featurizer type structure not in the dataframe to be fitted. Skipping...
2022-11-07 17:12:23 INFO     AutoFeaturizer: Featurizer type bandstructure not in the dataframe to be fitted. Skipping...
2022-11-07 17:12:23 INFO     AutoFeaturizer: Featurizer type dos not in the dataframe to be fitted. Skipping...
2022-11-07 17:12:23 INFO     AutoFeaturizer: Finished fitting.
2022-11-07 17:12:23 INFO     AutoFeaturizer: Starting transforming.
2022-11-07 17:12:23 INFO     AutoFeaturizer: Featurizing with ElementProperty.
2022-11-07 17:12:24 INFO     AutoFeaturizer: Featurizer type structure not in the dataframe. Skipping...
2022-11-07 17:12:24 INFO     AutoFeaturizer: Featurizer type bandstructure not in the dataframe. Skipping...
2022-11-07 17:12:24 INFO     AutoFeaturizer: Featurizer type dos not in the dataframe. Skipping...
2022-11-07 17:12:24 INFO     AutoFeaturizer: Finished transforming.
2022-11-07 17:12:25 INFO     DataCleaner: Starting fitting.
2022-11-07 17:12:25 INFO     DataCleaner: Cleaning with respect to samples with sample na_method 'drop'
2022-11-07 17:12:25 INFO     DataCleaner: Replacing infinite values with nan for easier screening.
2022-11-07 17:12:25 INFO     DataCleaner: Before handling na: 1567 samples, 134 features
2022-11-07 17:12:25 INFO     DataCleaner: 0 samples did not have target values. They were dropped.
2022-11-07 17:12:25 INFO     DataCleaner: Handling feature na by max na threshold of 0 with method 'drop'.
2022-11-07 17:12:25 INFO     DataCleaner: After handling na: 1567 samples, 134 features
2022-11-07 17:12:25 INFO     DataCleaner: Finished fitting.
2022-11-07 17:12:29 INFO     AutoFeaturizer: Starting transforming.
2022-11-07 17:12:29 INFO     AutoFeaturizer: Compositions detected as strings. Attempting conversion to Composition objects...
2022-11-07 17:12:30 INFO     AutoFeaturizer: Guessing oxidation states of compositions, as they were not present in input.
2022-11-07 17:12:31 INFO     AutoFeaturizer: Featurizing with ElementProperty.
2022-11-07 17:12:31 INFO     AutoFeaturizer: Featurizer type structure not in the dataframe. Skipping...
2022-11-07 17:12:31 INFO     AutoFeaturizer: Featurizer type bandstructure not in the dataframe. Skipping...
2022-11-07 17:12:31 INFO     AutoFeaturizer: Featurizer type dos not in the dataframe. Skipping...
2022-11-07 17:12:31 INFO     AutoFeaturizer: Finished transforming.
2022-11-07 17:12:31 INFO     DataCleaner: Starting transforming.
2022-11-07 17:12:31 INFO     DataCleaner: Cleaning with respect to samples with sample na_method 'fill'
2022-11-07 17:12:31 INFO     DataCleaner: Replacing infinite values with nan for easier screening.
2022-11-07 17:12:31 INFO     DataCleaner: Before handling na: 391 samples, 134 features
2022-11-07 17:12:31 INFO     DataCleaner: 0 samples did not have target values. They were dropped.
2022-11-07 17:12:31 INFO     DataCleaner: After handling na: 391 samples, 134 features
2022-11-07 17:12:31 INFO     DataCleaner: Reordering columns...
2022-11-07 17:12:31 INFO     DataCleaner: Finished transforming.
2022-11-07 17:12:31 INFO     AutoFeaturizer: Starting fitting.
2022-11-07 17:12:31 INFO     AutoFeaturizer: Compositions detected as strings. Attempting conversion to Composition objects...
2022-11-07 17:12:32 INFO     AutoFeaturizer: Guessing oxidation states of compositions, as they were not present in input.
2022-11-07 17:12:34 INFO     AutoFeaturizer: Featurizer type structure not in the dataframe to be fitted. Skipping...
2022-11-07 17:12:34 INFO     AutoFeaturizer: Featurizer type bandstructure not in the dataframe to be fitted. Skipping...
2022-11-07 17:12:34 INFO     AutoFeaturizer: Featurizer type dos not in the dataframe to be fitted. Skipping...
2022-11-07 17:12:34 INFO     AutoFeaturizer: Finished fitting.
2022-11-07 17:12:34 INFO     AutoFeaturizer: Starting transforming.
2022-11-07 17:12:34 INFO     AutoFeaturizer: Featurizing with ElementProperty.
2022-11-07 17:12:35 INFO     AutoFeaturizer: Featurizer type structure not in the dataframe. Skipping...
2022-11-07 17:12:35 INFO     AutoFeaturizer: Featurizer type bandstructure not in the dataframe. Skipping...
2022-11-07 17:12:35 INFO     AutoFeaturizer: Featurizer type dos not in the dataframe. Skipping...
2022-11-07 17:12:35 INFO     AutoFeaturizer: Finished transforming.
2022-11-07 17:12:36 INFO     DataCleaner: Starting fitting.
2022-11-07 17:12:36 INFO     DataCleaner: Cleaning with respect to samples with sample na_method 'drop'
2022-11-07 17:12:36 INFO     DataCleaner: Replacing infinite values with nan for easier screening.
2022-11-07 17:12:36 INFO     DataCleaner: Before handling na: 1567 samples, 134 features
2022-11-07 17:12:36 INFO     DataCleaner: 0 samples did not have target values. They were dropped.
2022-11-07 17:12:36 INFO     DataCleaner: Handling feature na by max na threshold of 0 with method 'drop'.
2022-11-07 17:12:36 INFO     DataCleaner: After handling na: 1567 samples, 134 features
2022-11-07 17:12:36 INFO     DataCleaner: Finished fitting.
2022-11-07 17:12:40 INFO     AutoFeaturizer: Starting transforming.
2022-11-07 17:12:40 INFO     AutoFeaturizer: Compositions detected as strings. Attempting conversion to Composition objects...
2022-11-07 17:12:40 INFO     AutoFeaturizer: Guessing oxidation states of compositions, as they were not present in input.
2022-11-07 17:12:41 INFO     AutoFeaturizer: Featurizing with ElementProperty.
2022-11-07 17:12:42 INFO     AutoFeaturizer: Featurizer type structure not in the dataframe. Skipping...
2022-11-07 17:12:42 INFO     AutoFeaturizer: Featurizer type bandstructure not in the dataframe. Skipping...
2022-11-07 17:12:42 INFO     AutoFeaturizer: Featurizer type dos not in the dataframe. Skipping...
2022-11-07 17:12:42 INFO     AutoFeaturizer: Finished transforming.
2022-11-07 17:12:42 INFO     DataCleaner: Starting transforming.
2022-11-07 17:12:42 INFO     DataCleaner: Cleaning with respect to samples with sample na_method 'fill'
2022-11-07 17:12:42 INFO     DataCleaner: Replacing infinite values with nan for easier screening.
2022-11-07 17:12:42 INFO     DataCleaner: Before handling na: 391 samples, 134 features
2022-11-07 17:12:42 INFO     DataCleaner: 0 samples did not have target values. They were dropped.
2022-11-07 17:12:42 INFO     DataCleaner: After handling na: 391 samples, 134 features
2022-11-07 17:12:42 INFO     DataCleaner: Reordering columns...
2022-11-07 17:12:42 INFO     DataCleaner: Finished transforming.
